Log file open, 09/15/22 23:07:56
LogWindows: Failed to load 'aqProf.dll' (GetLastError=126)
LogWindows: File 'aqProf.dll' does not exist
LogWindows: Failed to load 'VtuneApi.dll' (GetLastError=126)
LogWindows: File 'VtuneApi.dll' does not exist
LogWindows: Failed to load 'VtuneApi32e.dll' (GetLastError=126)
LogWindows: File 'VtuneApi32e.dll' does not exist
LogConsoleResponse: Display: Failed to find resolution value strings in scalability ini. Falling back to default.
LogConsoleResponse: Display: Failed to find resolution value strings in scalability ini. Falling back to default.
LogInit: Display: Running engine for game: InfiniteMatrix
LogPlatformFile: Not using cached read wrapper
LogTaskGraph: Started task graph with 5 named threads and 23 total threads with 3 sets of task threads.
LogStats: Stats thread started at 0.363196
LogICUInternationalization: ICU TimeZone Detection - Raw Offset: -6:00, Platform Override: ''
LogInit: Display: Loading text-based GConfig....
LogPluginManager: Mounting plugin MeshPainting
LogPluginManager: Mounting plugin XGEController
LogPluginManager: Mounting plugin Paper2D
LogPluginManager: Mounting plugin AISupport
LogPluginManager: Mounting plugin EnvironmentQueryEditor
LogPluginManager: Mounting plugin LightPropagationVolume
LogPluginManager: Mounting plugin CameraShakePreviewer
LogPluginManager: Mounting plugin LiveLink
LogPluginManager: Mounting plugin GameplayCameras
LogPluginManager: Mounting plugin OodleData
LogPluginManager: Mounting plugin AnimationSharing
LogPluginManager: Mounting plugin OodleNetwork
LogPluginManager: Mounting plugin CLionSourceCodeAccess
LogPluginManager: Mounting plugin CodeLiteSourceCodeAccess
LogPluginManager: Mounting plugin GitSourceControl
LogPluginManager: Mounting plugin AssetManagerEditor
LogPluginManager: Mounting plugin KDevelopSourceCodeAccess
LogPluginManager: Mounting plugin NullSourceCodeAccess
LogPluginManager: Mounting plugin PerforceSourceControl
LogPluginManager: Mounting plugin PixWinPlugin
LogPluginManager: Mounting plugin PlasticSourceControl
LogPluginManager: Mounting plugin CryptoKeys
LogPluginManager: Mounting plugin PluginUtils
LogPluginManager: Mounting plugin PropertyAccessNode
LogPluginManager: Mounting plugin DataValidation
LogPluginManager: Mounting plugin CurveEditorTools
LogPluginManager: Mounting plugin FacialAnimation
LogPluginManager: Mounting plugin RiderSourceCodeAccess
LogPluginManager: Mounting plugin SubversionSourceControl
LogPluginManager: Mounting plugin TextureFormatOodle
LogPluginManager: Mounting plugin GameplayTagsEditor
LogPluginManager: Mounting plugin Niagara
LogPluginManager: Mounting plugin UObjectPlugin
LogPluginManager: Mounting plugin DatasmithContent
LogPluginManager: Mounting plugin GeometryMode
LogPluginManager: Mounting plugin MacGraphicsSwitching
LogPluginManager: Mounting plugin MaterialAnalyzer
LogPluginManager: Mounting plugin VisualStudioCodeSourceCodeAccess
LogPluginManager: Mounting plugin MobileLauncherProfileWizard
LogPluginManager: Mounting plugin PluginBrowser
LogPluginManager: Mounting plugin SpeedTreeImporter
LogPluginManager: Mounting plugin XCodeSourceCodeAccess
LogPluginManager: Mounting plugin VisualStudioSourceCodeAccess
LogPluginManager: Mounting plugin VariantManagerContent
LogPluginManager: Mounting plugin AlembicImporter
LogPluginManager: Mounting plugin AutomationUtils
LogPluginManager: Mounting plugin BackChannel
LogPluginManager: Mounting plugin ChaosCloth
LogPluginManager: Mounting plugin ChaosClothEditor
LogPluginManager: Mounting plugin LuminPlatformFeatures
LogPluginManager: Mounting plugin ChaosEditor
LogPluginManager: Mounting plugin MagicLeap
LogPluginManager: Mounting plugin ChaosNiagara
LogPluginManager: Mounting plugin ChaosSolverPlugin
LogPluginManager: Mounting plugin MagicLeapLightEstimation
LogPluginManager: Mounting plugin MagicLeapMedia
LogPluginManager: Mounting plugin CharacterAI
LogPluginManager: Mounting plugin MagicLeapPassableWorld
LogPluginManager: Mounting plugin MLSDK
LogPluginManager: Mounting plugin GeometryCache
LogPluginManager: Mounting plugin GeometryCollectionPlugin
LogPluginManager: Mounting plugin GeometryProcessing
LogPluginManager: Mounting plugin MotoSynth
LogPluginManager: Mounting plugin OpenImageDenoise
LogPluginManager: Mounting plugin PlanarCut
LogPluginManager: Mounting plugin ProxyLODPlugin
LogPluginManager: Mounting plugin PythonScriptPlugin
LogPluginManager: Mounting plugin PlatformCrypto
LogPluginManager: Mounting plugin SkeletalReduction
LogPluginManager: Mounting plugin TcpMessaging
LogPluginManager: Mounting plugin UdpMessaging
LogPluginManager: Mounting plugin AndroidMedia
LogPluginManager: Mounting plugin AvfMedia
LogPluginManager: Mounting plugin ImgMedia
LogPluginManager: Mounting plugin MediaCompositing
LogPluginManager: Mounting plugin MediaPlayerEditor
LogPluginManager: Mounting plugin WebMMedia
LogPluginManager: Mounting plugin WmfMedia
LogPluginManager: Mounting plugin ActorSequence
LogPluginManager: Mounting plugin LevelSequenceEditor
LogPluginManager: Mounting plugin MatineeToLevelSequence
LogPluginManager: Mounting plugin TemplateSequence
LogPluginManager: Mounting plugin LauncherChunkInstaller
LogPluginManager: Mounting plugin ActorLayerUtilities
LogPluginManager: Mounting plugin AndroidMoviePlayer
LogPluginManager: Mounting plugin AndroidPermission
LogPluginManager: Mounting plugin AndroidDeviceProfileSelector
LogPluginManager: Mounting plugin AppleImageUtils
LogPluginManager: Mounting plugin AppleMoviePlayer
LogPluginManager: Mounting plugin ArchVisCharacter
LogPluginManager: Mounting plugin AssetTags
LogPluginManager: Mounting plugin AudioCapture
LogPluginManager: Mounting plugin AudioSynesthesia
LogPluginManager: Mounting plugin CableComponent
LogPluginManager: Mounting plugin CustomMeshComponent
LogPluginManager: Mounting plugin ChunkDownloader
LogPluginManager: Mounting plugin EditableMesh
LogPluginManager: Mounting plugin ExampleDeviceProfileSelector
LogPluginManager: Mounting plugin GoogleCloudMessaging
LogPluginManager: Mounting plugin GooglePAD
LogPluginManager: Mounting plugin ScreenshotTools
LogPluginManager: Mounting plugin IOSDeviceProfileSelector
LogPluginManager: Mounting plugin LinuxDeviceProfileSelector
LogPluginManager: Mounting plugin LocationServicesBPLibrary
LogPluginManager: Mounting plugin MobilePatchingUtils
LogPluginManager: Mounting plugin OpenXR
LogPluginManager: Mounting plugin OpenXREyeTracker
LogPluginManager: Mounting plugin OpenXRHandTracking
LogPluginManager: Mounting plugin PhysXVehicles
LogPluginManager: Mounting plugin PostSplashScreen
LogPluginManager: Mounting plugin ProceduralMeshComponent
LogPluginManager: Mounting plugin PropertyAccessEditor
LogPluginManager: Mounting plugin RuntimePhysXCooking
LogPluginManager: Mounting plugin SignificanceManager
LogPluginManager: Mounting plugin SoundFields
LogPluginManager: Mounting plugin Synthesis
LogPluginManager: Mounting plugin WebMMoviePlayer
LogPluginManager: Mounting plugin WindowsMoviePlayer
LogPluginManager: Mounting plugin Takes
LogPluginManager: Mounting plugin OnlineSubsystem
LogPluginManager: Mounting plugin OnlineSubsystemNull
LogPluginManager: Mounting plugin OnlineSubsystemUtils
LogPluginManager: Mounting plugin ContentBrowserClassDataSource
LogPluginManager: Mounting plugin ContentBrowserAssetDataSource
LogPluginManager: Mounting plugin ContentBrowserFileDataSource
LogPluginManager: Mounting plugin OculusVR
LogPluginManager: Mounting plugin SteamVR
LogPluginManager: Mounting plugin OnlineSubsystemIOS
LogPluginManager: Mounting plugin OnlineSubsystemGooglePlay
PixWinPlugin: PIX capture plugin failed to initialize! Check that the process is launched from PIX.
LogInit: Using libcurl 7.55.1-DEV
LogInit:  - built for x86_64-pc-win32
LogInit:  - supports SSL with OpenSSL/1.1.1
LogInit:  - supports HTTP deflate (compression) using libz 1.2.8
LogInit:  - other features:
LogInit:      CURL_VERSION_SSL
LogInit:      CURL_VERSION_LIBZ
LogInit:      CURL_VERSION_IPV6
LogInit:      CURL_VERSION_ASYNCHDNS
LogInit:      CURL_VERSION_LARGEFILE
LogInit:      CURL_VERSION_IDN
LogInit:  CurlRequestOptions (configurable via config and command line):
LogInit:  - bVerifyPeer = true  - Libcurl will verify peer certificate
LogInit:  - bUseHttpProxy = false  - Libcurl will NOT use HTTP proxy
LogInit:  - bDontReuseConnections = false  - Libcurl will reuse connections
LogInit:  - MaxHostConnections = 16  - Libcurl will limit the number of connections to a host
LogInit:  - LocalHostAddr = Default
LogInit:  - BufferSize = 65536
LogOnline: OSS: Creating online subsystem instance for: NULL
LogInit: WinSock: version 1.1 (2.2), MaxSocks=32767, MaxUdp=65467
LogOnline: OSS: TryLoadSubsystemAndSetDefault: Loaded subsystem for module [NULL]
LogOculusPluginWrapper: OculusPlugin initialized successfully
LogHMD: FOculusHMDModule PreInit successfully
LogInit: Build: ++UE4+Release-4.27-CL-18319896
LogInit: Engine Version: 4.27.2-18319896+++UE4+Release-4.27
LogInit: Compatible Engine Version: 4.27.0-17155196+++UE4+Release-4.27
LogInit: Net CL: 17155196
LogInit: OS: Windows 10 (Release 2009) (), CPU: Intel(R) Xeon(R) W-2123 CPU @ 3.60GHz, GPU: NVIDIA GeForce RTX 2080 Ti
LogInit: Compiled (64-bit): Nov 30 2021 07:12:08
LogInit: Compiled with Visual C++: 19.24.28315.00
LogInit: Build Configuration: Development
LogInit: Branch Name: ++UE4+Release-4.27
LogInit: Command Line: 
LogInit: Base Directory: C:/Program Files/Epic Games/UE_4.27/Engine/Binaries/Win64/
LogInit: Allocator: TBB
LogInit: Installed Engine Build: 1
LogDevObjectVersion: Number of dev versions registered: 29
LogDevObjectVersion:   Dev-Blueprints (B0D832E4-1F89-4F0D-ACCF-7EB736FD4AA2): 10
LogDevObjectVersion:   Dev-Build (E1C64328-A22C-4D53-A36C-8E866417BD8C): 0
LogDevObjectVersion:   Dev-Core (375EC13C-06E4-48FB-B500-84F0262A717E): 4
LogDevObjectVersion:   Dev-Editor (E4B068ED-F494-42E9-A231-DA0B2E46BB41): 40
LogDevObjectVersion:   Dev-Framework (CFFC743F-43B0-4480-9391-14DF171D2073): 37
LogDevObjectVersion:   Dev-Mobile (B02B49B5-BB20-44E9-A304-32B752E40360): 3
LogDevObjectVersion:   Dev-Networking (A4E4105C-59A1-49B5-A7C5-40C4547EDFEE): 0
LogDevObjectVersion:   Dev-Online (39C831C9-5AE6-47DC-9A44-9C173E1C8E7C): 0
LogDevObjectVersion:   Dev-Physics (78F01B33-EBEA-4F98-B9B4-84EACCB95AA2): 14
LogDevObjectVersion:   Dev-Platform (6631380F-2D4D-43E0-8009-CF276956A95A): 0
LogDevObjectVersion:   Dev-Rendering (12F88B9F-8875-4AFC-A67C-D90C383ABD29): 45
LogDevObjectVersion:   Dev-Sequencer (7B5AE74C-D270-4C10-A958-57980B212A5A): 13
LogDevObjectVersion:   Dev-VR (D7296918-1DD6-4BDD-9DE2-64A83CC13884): 3
LogDevObjectVersion:   Dev-LoadTimes (C2A15278-BFE7-4AFE-6C17-90FF531DF755): 1
LogDevObjectVersion:   Private-Geometry (6EACA3D4-40EC-4CC1-B786-8BED09428FC5): 3
LogDevObjectVersion:   Dev-AnimPhys (29E575DD-E0A3-4627-9D10-D276232CDCEA): 17
LogDevObjectVersion:   Dev-Anim (AF43A65D-7FD3-4947-9873-3E8ED9C1BB05): 15
LogDevObjectVersion:   Dev-ReflectionCapture (6B266CEC-1EC7-4B8F-A30B-E4D90942FC07): 1
LogDevObjectVersion:   Dev-Automation (0DF73D61-A23F-47EA-B727-89E90C41499A): 1
LogDevObjectVersion:   FortniteMain (601D1886-AC64-4F84-AA16-D3DE0DEAC7D6): 47
LogDevObjectVersion:   FortniteRelease (E7086368-6B23-4C58-8439-1B7016265E91): 1
LogDevObjectVersion:   Dev-Enterprise (9DFFBCD6-494F-0158-E221-12823C92A888): 10
LogDevObjectVersion:   Dev-Niagara (F2AED0AC-9AFE-416F-8664-AA7FFA26D6FC): 1
LogDevObjectVersion:   Dev-Destruction (174F1F0B-B4C6-45A5-B13F-2EE8D0FB917D): 10
LogDevObjectVersion:   Dev-Physics-Ext (35F94A83-E258-406C-A318-09F59610247C): 41
LogDevObjectVersion:   Dev-PhysicsMaterial-Chaos (B68FC16E-8B1B-42E2-B453-215C058844FE): 1
LogDevObjectVersion:   Dev-CineCamera (B2E18506-4273-CFC2-A54E-F4BB758BBA07): 1
LogDevObjectVersion:   Dev-VirtualProduction (64F58936-FD1B-42BA-BA96-7289D5D0FA4E): 1
LogDevObjectVersion:   Dev-MediaFramework (6F0ED827-A609-4895-9C91-998D90180EA4): 2
LogInit: Presizing for max 25165824 objects, including 0 objects not considered by GC, pre-allocating 0 bytes for permanent pool.
LogConfig: Applying CVar settings from Section [/Script/Engine.StreamingSettings] File [C:/Users/jxwang3/Documents/mp1_9_11_pm/Saved/Config/Windows/Engine.ini]
LogConfig: Setting CVar [[s.MinBulkDataSizeForAsyncLoading:131072]]
LogConfig: Setting CVar [[s.AsyncLoadingThreadEnabled:0]]
LogConfig: Setting CVar [[s.EventDrivenLoaderEnabled:1]]
LogConfig: Setting CVar [[s.WarnIfTimeLimitExceeded:0]]
LogConfig: Setting CVar [[s.TimeLimitExceededMultiplier:1.5]]
LogConfig: Setting CVar [[s.TimeLimitExceededMinTime:0.005]]
LogConfig: Setting CVar [[s.UseBackgroundLevelStreaming:1]]
LogConfig: Setting CVar [[s.PriorityAsyncLoadingExtraTime:15.0]]
LogConfig: Setting CVar [[s.LevelStreamingActorsUpdateTimeLimit:5.0]]
LogConfig: Setting CVar [[s.PriorityLevelStreamingActorsUpdateExtraTime:5.0]]
LogConfig: Setting CVar [[s.LevelStreamingComponentsRegistrationGranularity:10]]
LogConfig: Setting CVar [[s.UnregisterComponentsTimeLimit:1.0]]
LogConfig: Setting CVar [[s.LevelStreamingComponentsUnregistrationGranularity:5]]
LogConfig: Setting CVar [[s.FlushStreamingOnExit:1]]
LogInit: Object subsystem initialized
LogConfig: Setting CVar [[con.DebugEarlyDefault:1]]
LogConfig: Setting CVar [[r.setres:1280x720]]
[2022.09.16-04.07.57:762][  0]LogConfig: Setting CVar [[r.VSync:0]]
[2022.09.16-04.07.57:762][  0]LogConfig: Setting CVar [[r.RHICmdBypass:0]]
[2022.09.16-04.07.57:762][  0]LogConfig: Applying CVar settings from Section [/Script/Engine.RendererSettings] File [C:/Users/jxwang3/Documents/mp1_9_11_pm/Saved/Config/Windows/Engine.ini]
[2022.09.16-04.07.57:762][  0]LogConfig: Setting CVar [[r.GPUCrashDebugging:0]]
[2022.09.16-04.07.57:762][  0]LogConfig: Applying CVar settings from Section [/Script/Engine.RendererOverrideSettings] File [C:/Users/jxwang3/Documents/mp1_9_11_pm/Saved/Config/Windows/Engine.ini]
[2022.09.16-04.07.57:762][  0]LogConfig: Applying CVar settings from Section [/Script/Engine.StreamingSettings] File [C:/Users/jxwang3/Documents/mp1_9_11_pm/Saved/Config/Windows/Engine.ini]
[2022.09.16-04.07.57:762][  0]LogConfig: Setting CVar [[s.MinBulkDataSizeForAsyncLoading:131072]]
[2022.09.16-04.07.57:762][  0]LogConfig: Setting CVar [[s.AsyncLoadingThreadEnabled:0]]
[2022.09.16-04.07.57:762][  0]LogConfig: Setting CVar [[s.EventDrivenLoaderEnabled:1]]
[2022.09.16-04.07.57:762][  0]LogConfig: Setting CVar [[s.WarnIfTimeLimitExceeded:0]]
[2022.09.16-04.07.57:762][  0]LogConfig: Setting CVar [[s.TimeLimitExceededMultiplier:1.5]]
[2022.09.16-04.07.57:762][  0]LogConfig: Setting CVar [[s.TimeLimitExceededMinTime:0.005]]
[2022.09.16-04.07.57:762][  0]LogConfig: Setting CVar [[s.UseBackgroundLevelStreaming:1]]
[2022.09.16-04.07.57:762][  0]LogConfig: Setting CVar [[s.PriorityAsyncLoadingExtraTime:15.0]]
[2022.09.16-04.07.57:762][  0]LogConfig: Setting CVar [[s.LevelStreamingActorsUpdateTimeLimit:5.0]]
[2022.09.16-04.07.57:762][  0]LogConfig: Setting CVar [[s.PriorityLevelStreamingActorsUpdateExtraTime:5.0]]
[2022.09.16-04.07.57:762][  0]LogConfig: Setting CVar [[s.LevelStreamingComponentsRegistrationGranularity:10]]
[2022.09.16-04.07.57:762][  0]LogConfig: Setting CVar [[s.UnregisterComponentsTimeLimit:1.0]]
[2022.09.16-04.07.57:762][  0]LogConfig: Setting CVar [[s.LevelStreamingComponentsUnregistrationGranularity:5]]
[2022.09.16-04.07.57:762][  0]LogConfig: Setting CVar [[s.FlushStreamingOnExit:1]]
[2022.09.16-04.07.57:762][  0]LogConfig: Applying CVar settings from Section [/Script/Engine.GarbageCollectionSettings] File [C:/Users/jxwang3/Documents/mp1_9_11_pm/Saved/Config/Windows/Engine.ini]
[2022.09.16-04.07.57:762][  0]LogConfig: Setting CVar [[gc.MaxObjectsNotConsideredByGC:1]]
[2022.09.16-04.07.57:762][  0]LogConfig: Setting CVar [[gc.SizeOfPermanentObjectPool:0]]
[2022.09.16-04.07.57:762][  0]LogConfig: Setting CVar [[gc.FlushStreamingOnGC:0]]
[2022.09.16-04.07.57:762][  0]LogConfig: Setting CVar [[gc.NumRetriesBeforeForcingGC:10]]
[2022.09.16-04.07.57:762][  0]LogConfig: Setting CVar [[gc.AllowParallelGC:1]]
[2022.09.16-04.07.57:762][  0]LogConfig: Setting CVar [[gc.TimeBetweenPurgingPendingKillObjects:61.1]]
[2022.09.16-04.07.57:762][  0]LogConfig: Setting CVar [[gc.MaxObjectsInEditor:25165824]]
[2022.09.16-04.07.57:762][  0]LogConfig: Setting CVar [[gc.IncrementalBeginDestroyEnabled:1]]
[2022.09.16-04.07.57:762][  0]LogConfig: Setting CVar [[gc.CreateGCClusters:1]]
[2022.09.16-04.07.57:762][  0]LogConfig: Setting CVar [[gc.MinGCClusterSize:5]]
[2022.09.16-04.07.57:762][  0]LogConfig: Setting CVar [[gc.ActorClusteringEnabled:0]]
[2022.09.16-04.07.57:762][  0]LogConfig: Setting CVar [[gc.BlueprintClusteringEnabled:0]]
[2022.09.16-04.07.57:762][  0]LogConfig: Setting CVar [[gc.UseDisregardForGCOnDedicatedServers:0]]
[2022.09.16-04.07.57:762][  0]LogConfig: Setting CVar [[gc.MultithreadedDestructionEnabled:1]]
[2022.09.16-04.07.57:762][  0]LogConfig: Applying CVar settings from Section [/Script/Engine.NetworkSettings] File [C:/Users/jxwang3/Documents/mp1_9_11_pm/Saved/Config/Windows/Engine.ini]
[2022.09.16-04.07.57:762][  0]LogConfig: Applying CVar settings from Section [/Script/UnrealEd.CookerSettings] File [C:/Users/jxwang3/Documents/mp1_9_11_pm/Saved/Config/Windows/Engine.ini]
[2022.09.16-04.07.57:791][  0]LogConfig: Applying CVar settings from Section [ViewDistanceQuality@3] File [C:/Users/jxwang3/Documents/mp1_9_11_pm/Saved/Config/Windows/Scalability.ini]
[2022.09.16-04.07.57:791][  0]LogConfig: Setting CVar [[r.SkeletalMeshLODBias:0]]
[2022.09.16-04.07.57:792][  0]LogConfig: Setting CVar [[r.ViewDistanceScale:1.0]]
[2022.09.16-04.07.57:792][  0]LogConfig: Applying CVar settings from Section [AntiAliasingQuality@3] File [C:/Users/jxwang3/Documents/mp1_9_11_pm/Saved/Config/Windows/Scalability.ini]
[2022.09.16-04.07.57:792][  0]LogConfig: Setting CVar [[r.PostProcessAAQuality:4]]
[2022.09.16-04.07.57:792][  0]LogConfig: Applying CVar settings from Section [ShadowQuality@3] File [C:/Users/jxwang3/Documents/mp1_9_11_pm/Saved/Config/Windows/Scalability.ini]
[2022.09.16-04.07.57:792][  0]LogConfig: Setting CVar [[r.LightFunctionQuality:1]]
[2022.09.16-04.07.57:792][  0]LogConfig: Setting CVar [[r.ShadowQuality:5]]
[2022.09.16-04.07.57:792][  0]LogConfig: Setting CVar [[r.Shadow.CSM.MaxCascades:10]]
[2022.09.16-04.07.57:792][  0]LogConfig: Setting CVar [[r.Shadow.MaxResolution:2048]]
[2022.09.16-04.07.57:792][  0]LogConfig: Setting CVar [[r.Shadow.MaxCSMResolution:2048]]
[2022.09.16-04.07.57:792][  0]LogConfig: Setting CVar [[r.Shadow.RadiusThreshold:0.01]]
[2022.09.16-04.07.57:792][  0]LogConfig: Setting CVar [[r.Shadow.DistanceScale:1.0]]
[2022.09.16-04.07.57:792][  0]LogConfig: Setting CVar [[r.Shadow.CSM.TransitionScale:1.0]]
[2022.09.16-04.07.57:792][  0]LogConfig: Setting CVar [[r.Shadow.PreShadowResolutionFactor:1.0]]
[2022.09.16-04.07.57:792][  0]LogConfig: Setting CVar [[r.DistanceFieldShadowing:1]]
[2022.09.16-04.07.57:792][  0]LogConfig: Setting CVar [[r.DistanceFieldAO:1]]
[2022.09.16-04.07.57:792][  0]LogConfig: Setting CVar [[r.AOQuality:2]]
[2022.09.16-04.07.57:792][  0]LogConfig: Setting CVar [[r.VolumetricFog:1]]
[2022.09.16-04.07.57:792][  0]LogConfig: Setting CVar [[r.VolumetricFog.GridPixelSize:8]]
[2022.09.16-04.07.57:792][  0]LogConfig: Setting CVar [[r.VolumetricFog.GridSizeZ:128]]
[2022.09.16-04.07.57:792][  0]LogConfig: Setting CVar [[r.VolumetricFog.HistoryMissSupersampleCount:4]]
[2022.09.16-04.07.57:792][  0]LogConfig: Setting CVar [[r.LightMaxDrawDistanceScale:1]]
[2022.09.16-04.07.57:792][  0]LogConfig: Setting CVar [[r.CapsuleShadows:1]]
[2022.09.16-04.07.57:792][  0]LogConfig: Applying CVar settings from Section [PostProcessQuality@3] File [C:/Users/jxwang3/Documents/mp1_9_11_pm/Saved/Config/Windows/Scalability.ini]
[2022.09.16-04.07.57:792][  0]LogConfig: Setting CVar [[r.MotionBlurQuality:4]]
[2022.09.16-04.07.57:792][  0]LogConfig: Setting CVar [[r.AmbientOcclusionMipLevelFactor:0.4]]
[2022.09.16-04.07.57:792][  0]LogConfig: Setting CVar [[r.AmbientOcclusionMaxQuality:100]]
[2022.09.16-04.07.57:792][  0]LogConfig: Setting CVar [[r.AmbientOcclusionLevels:-1]]
[2022.09.16-04.07.57:792][  0]LogConfig: Setting CVar [[r.AmbientOcclusionRadiusScale:1.0]]
[2022.09.16-04.07.57:792][  0]LogConfig: Setting CVar [[r.DepthOfFieldQuality:2]]
[2022.09.16-04.07.57:792][  0]LogConfig: Setting CVar [[r.RenderTargetPoolMin:400]]
[2022.09.16-04.07.57:792][  0]LogConfig: Setting CVar [[r.LensFlareQuality:2]]
[2022.09.16-04.07.57:792][  0]LogConfig: Setting CVar [[r.SceneColorFringeQuality:1]]
[2022.09.16-04.07.57:792][  0]LogConfig: Setting CVar [[r.EyeAdaptationQuality:2]]
[2022.09.16-04.07.57:792][  0]LogConfig: Setting CVar [[r.BloomQuality:5]]
[2022.09.16-04.07.57:792][  0]LogConfig: Setting CVar [[r.FastBlurThreshold:100]]
[2022.09.16-04.07.57:792][  0]LogConfig: Setting CVar [[r.Upscale.Quality:3]]
[2022.09.16-04.07.57:792][  0]LogConfig: Setting CVar [[r.Tonemapper.GrainQuantization:1]]
[2022.09.16-04.07.57:792][  0]LogConfig: Setting CVar [[r.LightShaftQuality:1]]
[2022.09.16-04.07.57:792][  0]LogConfig: Setting CVar [[r.Filter.SizeScale:1]]
[2022.09.16-04.07.57:792][  0]LogConfig: Setting CVar [[r.Tonemapper.Quality:5]]
[2022.09.16-04.07.57:792][  0]LogConfig: Setting CVar [[r.DOF.Gather.AccumulatorQuality:1        ; higher gathering accumulator quality]]
[2022.09.16-04.07.57:792][  0]LogConfig: Setting CVar [[r.DOF.Gather.PostfilterMethod:1          ; Median3x3 postfilering method]]
[2022.09.16-04.07.57:792][  0]LogConfig: Setting CVar [[r.DOF.Gather.EnableBokehSettings:0       ; no bokeh simulation when gathering]]
[2022.09.16-04.07.57:792][  0]LogConfig: Setting CVar [[r.DOF.Gather.RingCount:4                 ; medium number of samples when gathering]]
[2022.09.16-04.07.57:792][  0]LogConfig: Setting CVar [[r.DOF.Scatter.ForegroundCompositing:1    ; additive foreground scattering]]
[2022.09.16-04.07.57:792][  0]LogConfig: Setting CVar [[r.DOF.Scatter.BackgroundCompositing:2    ; additive background scattering]]
[2022.09.16-04.07.57:792][  0]LogConfig: Setting CVar [[r.DOF.Scatter.EnableBokehSettings:1      ; bokeh simulation when scattering]]
[2022.09.16-04.07.57:792][  0]LogConfig: Setting CVar [[r.DOF.Scatter.MaxSpriteRatio:0.1         ; only a maximum of 10% of scattered bokeh]]
[2022.09.16-04.07.57:792][  0]LogConfig: Setting CVar [[r.DOF.Recombine.Quality:1                ; cheap slight out of focus]]
[2022.09.16-04.07.57:792][  0]LogConfig: Setting CVar [[r.DOF.Recombine.EnableBokehSettings:0    ; no bokeh simulation on slight out of focus]]
[2022.09.16-04.07.57:792][  0]LogConfig: Setting CVar [[r.DOF.TemporalAAQuality:1                ; more stable temporal accumulation]]
[2022.09.16-04.07.57:792][  0]LogConfig: Setting CVar [[r.DOF.Kernel.MaxForegroundRadius:0.025]]
[2022.09.16-04.07.57:792][  0]LogConfig: Setting CVar [[r.DOF.Kernel.MaxBackgroundRadius:0.025]]
[2022.09.16-04.07.57:792][  0]LogConfig: Applying CVar settings from Section [TextureQuality@3] File [C:/Users/jxwang3/Documents/mp1_9_11_pm/Saved/Config/Windows/Scalability.ini]
[2022.09.16-04.07.57:792][  0]LogConfig: Setting CVar [[r.Streaming.MipBias:0]]
[2022.09.16-04.07.57:792][  0]LogConfig: Setting CVar [[r.Streaming.AmortizeCPUToGPUCopy:0]]
[2022.09.16-04.07.57:792][  0]LogConfig: Setting CVar [[r.Streaming.MaxNumTexturesToStreamPerFrame:0]]
[2022.09.16-04.07.57:792][  0]LogConfig: Setting CVar [[r.Streaming.Boost:1]]
[2022.09.16-04.07.57:792][  0]LogConfig: Setting CVar [[r.MaxAnisotropy:8]]
[2022.09.16-04.07.57:792][  0]LogConfig: Setting CVar [[r.VT.MaxAnisotropy:8]]
[2022.09.16-04.07.57:792][  0]LogConfig: Setting CVar [[r.Streaming.LimitPoolSizeToVRAM:0]]
[2022.09.16-04.07.57:792][  0]LogConfig: Setting CVar [[r.Streaming.PoolSize:1000]]
[2022.09.16-04.07.57:792][  0]LogConfig: Setting CVar [[r.Streaming.MaxEffectiveScreenSize:0]]
[2022.09.16-04.07.57:792][  0]LogConfig: Applying CVar settings from Section [EffectsQuality@3] File [C:/Users/jxwang3/Documents/mp1_9_11_pm/Saved/Config/Windows/Scalability.ini]
[2022.09.16-04.07.57:792][  0]LogConfig: Setting CVar [[r.TranslucencyLightingVolumeDim:64]]
[2022.09.16-04.07.57:792][  0]LogConfig: Setting CVar [[r.RefractionQuality:2]]
[2022.09.16-04.07.57:792][  0]LogConfig: Setting CVar [[r.SSR.Quality:3]]
[2022.09.16-04.07.57:792][  0]LogConfig: Setting CVar [[r.SSR.HalfResSceneColor:0]]
[2022.09.16-04.07.57:792][  0]LogConfig: Setting CVar [[r.SceneColorFormat:4]]
[2022.09.16-04.07.57:792][  0]LogConfig: Setting CVar [[r.DetailMode:2]]
[2022.09.16-04.07.57:792][  0]LogConfig: Setting CVar [[r.TranslucencyVolumeBlur:1]]
[2022.09.16-04.07.57:792][  0]LogConfig: Setting CVar [[r.MaterialQualityLevel:1 ; High quality]]
[2022.09.16-04.07.57:792][  0]LogConfig: Setting CVar [[r.AnisotropicMaterials:1]]
[2022.09.16-04.07.57:792][  0]LogConfig: Setting CVar [[r.SSS.Scale:1]]
[2022.09.16-04.07.57:792][  0]LogConfig: Setting CVar [[r.SSS.SampleSet:2]]
[2022.09.16-04.07.57:792][  0]LogConfig: Setting CVar [[r.SSS.Quality:1]]
[2022.09.16-04.07.57:793][  0]LogConfig: Setting CVar [[r.SSS.HalfRes:0]]
[2022.09.16-04.07.57:793][  0]LogConfig: Setting CVar [[r.SSGI.Quality:3]]
[2022.09.16-04.07.57:793][  0]LogConfig: Setting CVar [[r.EmitterSpawnRateScale:1.0]]
[2022.09.16-04.07.57:793][  0]LogConfig: Setting CVar [[r.ParticleLightQuality:2]]
[2022.09.16-04.07.57:793][  0]LogConfig: Setting CVar [[r.SkyAtmosphere.AerialPerspectiveLUT.FastApplyOnOpaque:1 ; Always have FastSkyLUT 1 in this case to avoid wrong sky]]
[2022.09.16-04.07.57:793][  0]LogConfig: Setting CVar [[r.SkyAtmosphere.AerialPerspectiveLUT.SampleCountMaxPerSlice:4]]
[2022.09.16-04.07.57:793][  0]LogConfig: Setting CVar [[r.SkyAtmosphere.AerialPerspectiveLUT.DepthResolution:16.0]]
[2022.09.16-04.07.57:793][  0]LogConfig: Setting CVar [[r.SkyAtmosphere.FastSkyLUT:1]]
[2022.09.16-04.07.57:793][  0]LogConfig: Setting CVar [[r.SkyAtmosphere.FastSkyLUT.SampleCountMin:4.0]]
[2022.09.16-04.07.57:793][  0]LogConfig: Setting CVar [[r.SkyAtmosphere.FastSkyLUT.SampleCountMax:128.0]]
[2022.09.16-04.07.57:793][  0]LogConfig: Setting CVar [[r.SkyAtmosphere.SampleCountMin:4.0]]
[2022.09.16-04.07.57:793][  0]LogConfig: Setting CVar [[r.SkyAtmosphere.SampleCountMax:128.0]]
[2022.09.16-04.07.57:793][  0]LogConfig: Setting CVar [[r.SkyAtmosphere.TransmittanceLUT.UseSmallFormat:0]]
[2022.09.16-04.07.57:793][  0]LogConfig: Setting CVar [[r.SkyAtmosphere.TransmittanceLUT.SampleCount:10.0]]
[2022.09.16-04.07.57:793][  0]LogConfig: Setting CVar [[r.SkyAtmosphere.MultiScatteringLUT.SampleCount:15.0]]
[2022.09.16-04.07.57:793][  0]LogConfig: Setting CVar [[r.SkyLight.RealTimeReflectionCapture:1]]
[2022.09.16-04.07.57:793][  0]LogConfig: Applying CVar settings from Section [FoliageQuality@3] File [C:/Users/jxwang3/Documents/mp1_9_11_pm/Saved/Config/Windows/Scalability.ini]
[2022.09.16-04.07.57:793][  0]LogConfig: Setting CVar [[foliage.DensityScale:1.0]]
[2022.09.16-04.07.57:793][  0]LogConfig: Setting CVar [[grass.DensityScale:1.0]]
[2022.09.16-04.07.57:793][  0]LogConfig: Applying CVar settings from Section [ShadingQuality@3] File [C:/Users/jxwang3/Documents/mp1_9_11_pm/Saved/Config/Windows/Scalability.ini]
[2022.09.16-04.07.57:793][  0]LogConfig: Setting CVar [[r.HairStrands.SkyLighting.IntegrationType:2]]
[2022.09.16-04.07.57:793][  0]LogConfig: Setting CVar [[r.HairStrands.SkyAO.SampleCount:4]]
[2022.09.16-04.07.57:793][  0]LogConfig: Setting CVar [[r.HairStrands.Visibility.MSAA.SamplePerPixel:4]]
[2022.09.16-04.07.57:793][  0]LogInit: Selected Device Profile: [Windows]
[2022.09.16-04.07.57:793][  0]LogInit: Applying CVar settings loaded from the selected device profile: [Windows]
[2022.09.16-04.07.57:793][  0]LogHAL: Display: Platform has ~ 16 GB [16885571584 / 17179869184 / 16], which maps to Larger [LargestMinGB=32, LargerMinGB=12, DefaultMinGB=8, SmallerMinGB=6, SmallestMinGB=0)
[2022.09.16-04.07.57:793][  0]LogInit: Going up to parent DeviceProfile []
[2022.09.16-04.07.57:793][  0]LogConfig: Applying CVar settings from Section [ViewDistanceQuality@3] File [C:/Users/jxwang3/Documents/mp1_9_11_pm/Saved/Config/Windows/Scalability.ini]
[2022.09.16-04.07.57:793][  0]LogConfig: Setting CVar [[r.SkeletalMeshLODBias:0]]
[2022.09.16-04.07.57:793][  0]LogConfig: Setting CVar [[r.ViewDistanceScale:1.0]]
[2022.09.16-04.07.57:793][  0]LogConfig: Applying CVar settings from Section [AntiAliasingQuality@3] File [C:/Users/jxwang3/Documents/mp1_9_11_pm/Saved/Config/Windows/Scalability.ini]
[2022.09.16-04.07.57:793][  0]LogConfig: Setting CVar [[r.PostProcessAAQuality:4]]
[2022.09.16-04.07.57:793][  0]LogConfig: Applying CVar settings from Section [ShadowQuality@3] File [C:/Users/jxwang3/Documents/mp1_9_11_pm/Saved/Config/Windows/Scalability.ini]
[2022.09.16-04.07.57:793][  0]LogConfig: Setting CVar [[r.LightFunctionQuality:1]]
[2022.09.16-04.07.57:793][  0]LogConfig: Setting CVar [[r.ShadowQuality:5]]
[2022.09.16-04.07.57:793][  0]LogConfig: Setting CVar [[r.Shadow.CSM.MaxCascades:10]]
[2022.09.16-04.07.57:793][  0]LogConfig: Setting CVar [[r.Shadow.MaxResolution:2048]]
[2022.09.16-04.07.57:793][  0]LogConfig: Setting CVar [[r.Shadow.MaxCSMResolution:2048]]
[2022.09.16-04.07.57:793][  0]LogConfig: Setting CVar [[r.Shadow.RadiusThreshold:0.01]]
[2022.09.16-04.07.57:793][  0]LogConfig: Setting CVar [[r.Shadow.DistanceScale:1.0]]
[2022.09.16-04.07.57:793][  0]LogConfig: Setting CVar [[r.Shadow.CSM.TransitionScale:1.0]]
[2022.09.16-04.07.57:793][  0]LogConfig: Setting CVar [[r.Shadow.PreShadowResolutionFactor:1.0]]
[2022.09.16-04.07.57:793][  0]LogConfig: Setting CVar [[r.DistanceFieldShadowing:1]]
[2022.09.16-04.07.57:793][  0]LogConfig: Setting CVar [[r.DistanceFieldAO:1]]
[2022.09.16-04.07.57:793][  0]LogConfig: Setting CVar [[r.AOQuality:2]]
[2022.09.16-04.07.57:793][  0]LogConfig: Setting CVar [[r.VolumetricFog:1]]
[2022.09.16-04.07.57:793][  0]LogConfig: Setting CVar [[r.VolumetricFog.GridPixelSize:8]]
[2022.09.16-04.07.57:793][  0]LogConfig: Setting CVar [[r.VolumetricFog.GridSizeZ:128]]
[2022.09.16-04.07.57:793][  0]LogConfig: Setting CVar [[r.VolumetricFog.HistoryMissSupersampleCount:4]]
[2022.09.16-04.07.57:793][  0]LogConfig: Setting CVar [[r.LightMaxDrawDistanceScale:1]]
[2022.09.16-04.07.57:793][  0]LogConfig: Setting CVar [[r.CapsuleShadows:1]]
[2022.09.16-04.07.57:793][  0]LogConfig: Applying CVar settings from Section [PostProcessQuality@3] File [C:/Users/jxwang3/Documents/mp1_9_11_pm/Saved/Config/Windows/Scalability.ini]
[2022.09.16-04.07.57:793][  0]LogConfig: Setting CVar [[r.MotionBlurQuality:4]]
[2022.09.16-04.07.57:793][  0]LogConfig: Setting CVar [[r.AmbientOcclusionMipLevelFactor:0.4]]
[2022.09.16-04.07.57:793][  0]LogConfig: Setting CVar [[r.AmbientOcclusionMaxQuality:100]]
[2022.09.16-04.07.57:793][  0]LogConfig: Setting CVar [[r.AmbientOcclusionLevels:-1]]
[2022.09.16-04.07.57:793][  0]LogConfig: Setting CVar [[r.AmbientOcclusionRadiusScale:1.0]]
[2022.09.16-04.07.57:793][  0]LogConfig: Setting CVar [[r.DepthOfFieldQuality:2]]
[2022.09.16-04.07.57:793][  0]LogConfig: Setting CVar [[r.RenderTargetPoolMin:400]]
[2022.09.16-04.07.57:793][  0]LogConfig: Setting CVar [[r.LensFlareQuality:2]]
[2022.09.16-04.07.57:793][  0]LogConfig: Setting CVar [[r.SceneColorFringeQuality:1]]
[2022.09.16-04.07.57:793][  0]LogConfig: Setting CVar [[r.EyeAdaptationQuality:2]]
[2022.09.16-04.07.57:793][  0]LogConfig: Setting CVar [[r.BloomQuality:5]]
[2022.09.16-04.07.57:793][  0]LogConfig: Setting CVar [[r.FastBlurThreshold:100]]
[2022.09.16-04.07.57:793][  0]LogConfig: Setting CVar [[r.Upscale.Quality:3]]
[2022.09.16-04.07.57:793][  0]LogConfig: Setting CVar [[r.Tonemapper.GrainQuantization:1]]
[2022.09.16-04.07.57:793][  0]LogConfig: Setting CVar [[r.LightShaftQuality:1]]
[2022.09.16-04.07.57:793][  0]LogConfig: Setting CVar [[r.Filter.SizeScale:1]]
[2022.09.16-04.07.57:793][  0]LogConfig: Setting CVar [[r.Tonemapper.Quality:5]]
[2022.09.16-04.07.57:793][  0]LogConfig: Setting CVar [[r.DOF.Gather.AccumulatorQuality:1        ; higher gathering accumulator quality]]
[2022.09.16-04.07.57:793][  0]LogConfig: Setting CVar [[r.DOF.Gather.PostfilterMethod:1          ; Median3x3 postfilering method]]
[2022.09.16-04.07.57:794][  0]LogConfig: Setting CVar [[r.DOF.Gather.EnableBokehSettings:0       ; no bokeh simulation when gathering]]
[2022.09.16-04.07.57:794][  0]LogConfig: Setting CVar [[r.DOF.Gather.RingCount:4                 ; medium number of samples when gathering]]
[2022.09.16-04.07.57:794][  0]LogConfig: Setting CVar [[r.DOF.Scatter.ForegroundCompositing:1    ; additive foreground scattering]]
[2022.09.16-04.07.57:794][  0]LogConfig: Setting CVar [[r.DOF.Scatter.BackgroundCompositing:2    ; additive background scattering]]
[2022.09.16-04.07.57:794][  0]LogConfig: Setting CVar [[r.DOF.Scatter.EnableBokehSettings:1      ; bokeh simulation when scattering]]
[2022.09.16-04.07.57:794][  0]LogConfig: Setting CVar [[r.DOF.Scatter.MaxSpriteRatio:0.1         ; only a maximum of 10% of scattered bokeh]]
[2022.09.16-04.07.57:794][  0]LogConfig: Setting CVar [[r.DOF.Recombine.Quality:1                ; cheap slight out of focus]]
[2022.09.16-04.07.57:794][  0]LogConfig: Setting CVar [[r.DOF.Recombine.EnableBokehSettings:0    ; no bokeh simulation on slight out of focus]]
[2022.09.16-04.07.57:794][  0]LogConfig: Setting CVar [[r.DOF.TemporalAAQuality:1                ; more stable temporal accumulation]]
[2022.09.16-04.07.57:794][  0]LogConfig: Setting CVar [[r.DOF.Kernel.MaxForegroundRadius:0.025]]
[2022.09.16-04.07.57:794][  0]LogConfig: Setting CVar [[r.DOF.Kernel.MaxBackgroundRadius:0.025]]
[2022.09.16-04.07.57:794][  0]LogConfig: Applying CVar settings from Section [TextureQuality@3] File [C:/Users/jxwang3/Documents/mp1_9_11_pm/Saved/Config/Windows/Scalability.ini]
[2022.09.16-04.07.57:794][  0]LogConfig: Setting CVar [[r.Streaming.MipBias:0]]
[2022.09.16-04.07.57:794][  0]LogConfig: Setting CVar [[r.Streaming.AmortizeCPUToGPUCopy:0]]
[2022.09.16-04.07.57:794][  0]LogConfig: Setting CVar [[r.Streaming.MaxNumTexturesToStreamPerFrame:0]]
[2022.09.16-04.07.57:794][  0]LogConfig: Setting CVar [[r.Streaming.Boost:1]]
[2022.09.16-04.07.57:794][  0]LogConfig: Setting CVar [[r.MaxAnisotropy:8]]
[2022.09.16-04.07.57:794][  0]LogConfig: Setting CVar [[r.VT.MaxAnisotropy:8]]
[2022.09.16-04.07.57:794][  0]LogConfig: Setting CVar [[r.Streaming.LimitPoolSizeToVRAM:0]]
[2022.09.16-04.07.57:794][  0]LogConfig: Setting CVar [[r.Streaming.PoolSize:1000]]
[2022.09.16-04.07.57:794][  0]LogConfig: Setting CVar [[r.Streaming.MaxEffectiveScreenSize:0]]
[2022.09.16-04.07.57:794][  0]LogConfig: Applying CVar settings from Section [EffectsQuality@3] File [C:/Users/jxwang3/Documents/mp1_9_11_pm/Saved/Config/Windows/Scalability.ini]
[2022.09.16-04.07.57:794][  0]LogConfig: Setting CVar [[r.TranslucencyLightingVolumeDim:64]]
[2022.09.16-04.07.57:794][  0]LogConfig: Setting CVar [[r.RefractionQuality:2]]
[2022.09.16-04.07.57:794][  0]LogConfig: Setting CVar [[r.SSR.Quality:3]]
[2022.09.16-04.07.57:794][  0]LogConfig: Setting CVar [[r.SSR.HalfResSceneColor:0]]
[2022.09.16-04.07.57:794][  0]LogConfig: Setting CVar [[r.SceneColorFormat:4]]
[2022.09.16-04.07.57:794][  0]LogConfig: Setting CVar [[r.DetailMode:2]]
[2022.09.16-04.07.57:794][  0]LogConfig: Setting CVar [[r.TranslucencyVolumeBlur:1]]
[2022.09.16-04.07.57:794][  0]LogConfig: Setting CVar [[r.MaterialQualityLevel:1 ; High quality]]
[2022.09.16-04.07.57:794][  0]LogConfig: Setting CVar [[r.AnisotropicMaterials:1]]
[2022.09.16-04.07.57:794][  0]LogConfig: Setting CVar [[r.SSS.Scale:1]]
[2022.09.16-04.07.57:794][  0]LogConfig: Setting CVar [[r.SSS.SampleSet:2]]
[2022.09.16-04.07.57:794][  0]LogConfig: Setting CVar [[r.SSS.Quality:1]]
[2022.09.16-04.07.57:794][  0]LogConfig: Setting CVar [[r.SSS.HalfRes:0]]
[2022.09.16-04.07.57:794][  0]LogConfig: Setting CVar [[r.SSGI.Quality:3]]
[2022.09.16-04.07.57:794][  0]LogConfig: Setting CVar [[r.EmitterSpawnRateScale:1.0]]
[2022.09.16-04.07.57:794][  0]LogConfig: Setting CVar [[r.ParticleLightQuality:2]]
[2022.09.16-04.07.57:794][  0]LogConfig: Setting CVar [[r.SkyAtmosphere.AerialPerspectiveLUT.FastApplyOnOpaque:1 ; Always have FastSkyLUT 1 in this case to avoid wrong sky]]
[2022.09.16-04.07.57:794][  0]LogConfig: Setting CVar [[r.SkyAtmosphere.AerialPerspectiveLUT.SampleCountMaxPerSlice:4]]
[2022.09.16-04.07.57:794][  0]LogConfig: Setting CVar [[r.SkyAtmosphere.AerialPerspectiveLUT.DepthResolution:16.0]]
[2022.09.16-04.07.57:794][  0]LogConfig: Setting CVar [[r.SkyAtmosphere.FastSkyLUT:1]]
[2022.09.16-04.07.57:794][  0]LogConfig: Setting CVar [[r.SkyAtmosphere.FastSkyLUT.SampleCountMin:4.0]]
[2022.09.16-04.07.57:794][  0]LogConfig: Setting CVar [[r.SkyAtmosphere.FastSkyLUT.SampleCountMax:128.0]]
[2022.09.16-04.07.57:794][  0]LogConfig: Setting CVar [[r.SkyAtmosphere.SampleCountMin:4.0]]
[2022.09.16-04.07.57:794][  0]LogConfig: Setting CVar [[r.SkyAtmosphere.SampleCountMax:128.0]]
[2022.09.16-04.07.57:794][  0]LogConfig: Setting CVar [[r.SkyAtmosphere.TransmittanceLUT.UseSmallFormat:0]]
[2022.09.16-04.07.57:794][  0]LogConfig: Setting CVar [[r.SkyAtmosphere.TransmittanceLUT.SampleCount:10.0]]
[2022.09.16-04.07.57:794][  0]LogConfig: Setting CVar [[r.SkyAtmosphere.MultiScatteringLUT.SampleCount:15.0]]
[2022.09.16-04.07.57:794][  0]LogConfig: Setting CVar [[r.SkyLight.RealTimeReflectionCapture:1]]
[2022.09.16-04.07.57:794][  0]LogConfig: Applying CVar settings from Section [FoliageQuality@3] File [C:/Users/jxwang3/Documents/mp1_9_11_pm/Saved/Config/Windows/Scalability.ini]
[2022.09.16-04.07.57:794][  0]LogConfig: Setting CVar [[foliage.DensityScale:1.0]]
[2022.09.16-04.07.57:794][  0]LogConfig: Setting CVar [[grass.DensityScale:1.0]]
[2022.09.16-04.07.57:794][  0]LogConfig: Applying CVar settings from Section [ShadingQuality@3] File [C:/Users/jxwang3/Documents/mp1_9_11_pm/Saved/Config/Windows/Scalability.ini]
[2022.09.16-04.07.57:794][  0]LogConfig: Setting CVar [[r.HairStrands.SkyLighting.IntegrationType:2]]
[2022.09.16-04.07.57:794][  0]LogConfig: Setting CVar [[r.HairStrands.SkyAO.SampleCount:4]]
[2022.09.16-04.07.57:794][  0]LogConfig: Setting CVar [[r.HairStrands.Visibility.MSAA.SamplePerPixel:4]]
[2022.09.16-04.07.57:794][  0]LogConfig: Applying CVar settings from Section [Startup] File [../../../Engine/Config/ConsoleVariables.ini]
[2022.09.16-04.07.57:795][  0]LogConfig: Setting CVar [[net.UseAdaptiveNetUpdateFrequency:0]]
[2022.09.16-04.07.57:795][  0]LogConfig: Setting CVar [[p.chaos.AllowCreatePhysxBodies:1]]
[2022.09.16-04.07.57:795][  0]LogConfig: Setting CVar [[fx.SkipVectorVMBackendOptimizations:1]]
[2022.09.16-04.07.57:795][  0]LogConfig: Applying CVar settings from Section [ConsoleVariables] File [C:/Users/jxwang3/Documents/mp1_9_11_pm/Saved/Config/Windows/Engine.ini]
[2022.09.16-04.07.57:795][  0]LogConfig: Applying CVar settings from Section [ConsoleVariables] File [C:/Users/jxwang3/Documents/mp1_9_11_pm/Saved/Config/Windows/Editor.ini]
[2022.09.16-04.07.57:795][  0]LogInit: Computer: SIEBL-4107-07
[2022.09.16-04.07.57:795][  0]LogInit: User: jxwang3
[2022.09.16-04.07.57:795][  0]LogInit: CPU Page size=4096, Cores=4
[2022.09.16-04.07.57:795][  0]LogInit: High frequency timer resolution =10.000000 MHz
[2022.09.16-04.07.57:795][  0]LogMemory: Memory total: Physical=15.7GB (16GB approx)
[2022.09.16-04.07.57:795][  0]LogMemory: Platform Memory Stats for Windows
[2022.09.16-04.07.57:795][  0]LogMemory: Process Physical Memory: 152.44 MB used, 154.60 MB peak
[2022.09.16-04.07.57:795][  0]LogMemory: Process Virtual Memory: 130.59 MB used, 130.59 MB peak
[2022.09.16-04.07.57:795][  0]LogMemory: Physical Memory: 6987.20 MB used,  9116.13 MB free, 16103.34 MB total
[2022.09.16-04.07.57:795][  0]LogMemory: Virtual Memory: 134208624.00 MB used,  9107.43 MB free, 134217728.00 MB total
[2022.09.16-04.07.57:802][  0]LogWindows: WindowsPlatformFeatures enabled
[2022.09.16-04.07.57:838][  0]LogInit: Physics initialised using underlying interface: PhysX
[2022.09.16-04.07.57:839][  0]LogInit: Using OS detected language (en-US).
[2022.09.16-04.07.57:839][  0]LogInit: Using OS detected locale (en-US).
[2022.09.16-04.07.57:846][  0]LogTextLocalizationManager: No specific localization for 'en-US' exists, so the 'en' localization will be used.
[2022.09.16-04.07.58:055][  0]LogInit: Setting process to per monitor DPI aware
[2022.09.16-04.07.58:077][  0]LogWindowsTextInputMethodSystem: Display: IME system deactivated.
[2022.09.16-04.07.58:100][  0]LogSlate: New Slate User Created.  User Index 0, Is Virtual User: 0
[2022.09.16-04.07.58:100][  0]LogSlate: Slate User Registered.  User Index 0, Is Virtual User: 0
[2022.09.16-04.07.58:316][  0]LogD3D11RHI: Loaded GFSDK_Aftermath_Lib.x64.dll
[2022.09.16-04.07.58:316][  0]LogD3D11RHI: D3D11 min allowed feature level: 11_0
[2022.09.16-04.07.58:316][  0]LogD3D11RHI: D3D11 max allowed feature level: 11_0
[2022.09.16-04.07.58:316][  0]LogD3D11RHI: D3D11 adapters:
[2022.09.16-04.07.58:393][  0]LogD3D11RHI:    0. 'NVIDIA GeForce RTX 2080 Ti' (Feature Level 11_0)
[2022.09.16-04.07.58:393][  0]LogD3D11RHI:       11049/0/8051 MB DedicatedVideo/DedicatedSystem/SharedSystem, Outputs:1, VendorId:0x10de
[2022.09.16-04.07.58:399][  0]LogD3D11RHI:    1. 'Microsoft Basic Render Driver' (Feature Level 11_0)
[2022.09.16-04.07.58:399][  0]LogD3D11RHI:       0/0/8051 MB DedicatedVideo/DedicatedSystem/SharedSystem, Outputs:0, VendorId:0x1414
[2022.09.16-04.07.58:399][  0]LogD3D11RHI: Chosen D3D11 Adapter:
[2022.09.16-04.07.58:399][  0]LogD3D11RHI:     Description : NVIDIA GeForce RTX 2080 Ti
[2022.09.16-04.07.58:399][  0]LogD3D11RHI:     VendorId    : 10de
[2022.09.16-04.07.58:399][  0]LogD3D11RHI:     DeviceId    : 1e04
[2022.09.16-04.07.58:399][  0]LogD3D11RHI:     SubSysId    : 8550103c
[2022.09.16-04.07.58:399][  0]LogD3D11RHI:     Revision    : 00a1
[2022.09.16-04.07.58:400][  0]LogD3D11RHI:     DedicatedVideoMemory : 11585716224 bytes
[2022.09.16-04.07.58:400][  0]LogD3D11RHI:     DedicatedSystemMemory : 0 bytes
[2022.09.16-04.07.58:400][  0]LogD3D11RHI:     SharedSystemMemory : 8442785792 bytes
[2022.09.16-04.07.58:400][  0]LogD3D11RHI:     AdapterLuid : 0 181213
[2022.09.16-04.07.58:405][  0]LogD3D11RHI: Creating new Direct3DDevice
[2022.09.16-04.07.58:406][  0]LogD3D11RHI:     GPU DeviceId: 0x1e04 (for the marketing name, search the web for "GPU Device Id")
[2022.09.16-04.07.58:406][  0]LogWindows: EnumDisplayDevices:
[2022.09.16-04.07.58:406][  0]LogWindows:    0. 'NVIDIA GeForce RTX 2080 Ti' (P:1 D:1)
[2022.09.16-04.07.58:406][  0]LogWindows:    1. 'NVIDIA GeForce RTX 2080 Ti' (P:0 D:0)
[2022.09.16-04.07.58:407][  0]LogWindows:    2. 'NVIDIA GeForce RTX 2080 Ti' (P:0 D:0)
[2022.09.16-04.07.58:407][  0]LogWindows:    3. 'NVIDIA GeForce RTX 2080 Ti' (P:0 D:0)
[2022.09.16-04.07.58:408][  0]LogWindows: DebugString: FoundDriverCount:4 
[2022.09.16-04.07.58:408][  0]LogD3D11RHI:     Adapter Name: NVIDIA GeForce RTX 2080 Ti
[2022.09.16-04.07.58:408][  0]LogD3D11RHI:   Driver Version: 417.58 (internal:25.21.14.1758, unified:417.58)
[2022.09.16-04.07.58:408][  0]LogD3D11RHI:      Driver Date: 12-28-2018
[2022.09.16-04.07.58:408][  0]LogRHI: Texture pool is 7734 MB (70% of 11049 MB)
[2022.09.16-04.07.58:408][  0]LogD3D11RHI: Creating D3DDevice using adapter:
[2022.09.16-04.07.58:408][  0]LogD3D11RHI:     Description : NVIDIA GeForce RTX 2080 Ti
[2022.09.16-04.07.58:408][  0]LogD3D11RHI:     VendorId    : 10de
[2022.09.16-04.07.58:408][  0]LogD3D11RHI:     DeviceId    : 1e04
[2022.09.16-04.07.58:408][  0]LogD3D11RHI:     SubSysId    : 8550103c
[2022.09.16-04.07.58:408][  0]LogD3D11RHI:     Revision    : 00a1
[2022.09.16-04.07.58:408][  0]LogD3D11RHI:     DedicatedVideoMemory : 11585716224 bytes
[2022.09.16-04.07.58:408][  0]LogD3D11RHI:     DedicatedSystemMemory : 0 bytes
[2022.09.16-04.07.58:408][  0]LogD3D11RHI:     SharedSystemMemory : 8442785792 bytes
[2022.09.16-04.07.58:408][  0]LogD3D11RHI:     AdapterLuid : 0 181213
[2022.09.16-04.07.58:469][  0]LogD3D11RHI: RHI has support for 64 bit atomics
[2022.09.16-04.07.58:469][  0]LogD3D11RHI: Async texture creation enabled
[2022.09.16-04.07.58:469][  0]LogD3D11RHI: Array index from any shader is supported
[2022.09.16-04.07.58:512][  0]LogD3D11RHI: HDR output is supported on display 0 (NvId: 0x80061086).
[2022.09.16-04.07.58:532][  0]LogD3D11RHI: GPU Timing Frequency: 1000.000000 (Debug: 2 2)
[2022.09.16-04.07.58:571][  0]LogRHI: GeForceNow SDK initialized: 1
[2022.09.16-04.07.59:053][  0]LogTargetPlatformManager: Display: Loaded TargetPlatform 'AllDesktop'
[2022.09.16-04.07.59:078][  0]LogTargetPlatformManager: Display: Loaded TargetPlatform 'Android'
[2022.09.16-04.07.59:078][  0]LogTargetPlatformManager: Display: Loaded TargetPlatform 'Android_ASTC'
[2022.09.16-04.07.59:078][  0]LogTargetPlatformManager: Display: Loaded TargetPlatform 'Android_DXT'
[2022.09.16-04.07.59:078][  0]LogTargetPlatformManager: Display: Loaded TargetPlatform 'Android_ETC2'
[2022.09.16-04.07.59:078][  0]LogTargetPlatformManager: Display: Loaded TargetPlatform 'AndroidClient'
[2022.09.16-04.07.59:078][  0]LogTargetPlatformManager: Display: Loaded TargetPlatform 'Android_ASTCClient'
[2022.09.16-04.07.59:078][  0]LogTargetPlatformManager: Display: Loaded TargetPlatform 'Android_DXTClient'
[2022.09.16-04.07.59:078][  0]LogTargetPlatformManager: Display: Loaded TargetPlatform 'Android_ETC2Client'
[2022.09.16-04.07.59:078][  0]LogTargetPlatformManager: Display: Loaded TargetPlatform 'Android_Multi'
[2022.09.16-04.07.59:078][  0]LogTargetPlatformManager: Display: Loaded TargetPlatform 'Android_MultiClient'
[2022.09.16-04.07.59:101][  0]LogTargetPlatformManager: Display: Loaded TargetPlatform 'IOSClient'
[2022.09.16-04.07.59:101][  0]LogTargetPlatformManager: Display: Loaded TargetPlatform 'IOS'
[2022.09.16-04.07.59:113][  0]LogTargetPlatformManager: Display: Loaded TargetPlatform 'Linux'
[2022.09.16-04.07.59:118][  0]LogTargetPlatformManager: Display: Loaded TargetPlatform 'LinuxNoEditor'
[2022.09.16-04.07.59:124][  0]LogTargetPlatformManager: Display: Loaded TargetPlatform 'LinuxClient'
[2022.09.16-04.07.59:130][  0]LogTargetPlatformManager: Display: Loaded TargetPlatform 'LinuxServer'
[2022.09.16-04.07.59:141][  0]LogTargetPlatformManager: Display: Loaded TargetPlatform 'LinuxAArch64NoEditor'
[2022.09.16-04.07.59:147][  0]LogTargetPlatformManager: Display: Loaded TargetPlatform 'LinuxAArch64Client'
[2022.09.16-04.07.59:152][  0]LogTargetPlatformManager: Display: Loaded TargetPlatform 'LinuxAArch64Server'
[2022.09.16-04.07.59:180][  0]LogTargetPlatformManager: Display: Loaded TargetPlatform 'Lumin'
[2022.09.16-04.07.59:180][  0]LogTargetPlatformManager: Display: Loaded TargetPlatform 'LuminClient'
[2022.09.16-04.07.59:191][  0]LogTargetPlatformManager: Display: Loaded TargetPlatform 'MacNoEditor'
[2022.09.16-04.07.59:196][  0]LogTargetPlatformManager: Display: Loaded TargetPlatform 'Mac'
[2022.09.16-04.07.59:202][  0]LogTargetPlatformManager: Display: Loaded TargetPlatform 'MacClient'
[2022.09.16-04.07.59:207][  0]LogTargetPlatformManager: Display: Loaded TargetPlatform 'MacServer'
[2022.09.16-04.07.59:219][  0]LogTargetPlatformManager: Display: Loaded TargetPlatform 'TVOSClient'
[2022.09.16-04.07.59:219][  0]LogTargetPlatformManager: Display: Loaded TargetPlatform 'TVOS'
[2022.09.16-04.07.59:229][  0]LogTargetPlatformManager: Display: Loaded TargetPlatform 'WindowsNoEditor'
[2022.09.16-04.07.59:235][  0]LogTargetPlatformManager: Display: Loaded TargetPlatform 'Windows'
[2022.09.16-04.07.59:242][  0]LogTargetPlatformManager: Display: Loaded TargetPlatform 'WindowsClient'
[2022.09.16-04.07.59:247][  0]LogTargetPlatformManager: Display: Loaded TargetPlatform 'WindowsServer'
[2022.09.16-04.07.59:247][  0]LogTargetPlatformManager: Display: Building Assets For Windows
[2022.09.16-04.07.59:259][  0]LogAudioDebug: Display: Lib vorbis DLL was dynamically loaded.
[2022.09.16-04.07.59:304][  0]LogTextureFormatOodle: Display: Oodle Texture 2.9.0 init RDO Off
[2022.09.16-04.07.59:354][  0]LogRendererCore: Ray tracing is disabled. Reason: r.RayTracing=0.
[2022.09.16-04.07.59:354][  0]LogShaderCompilers: Guid format shader working directory is -5 characters bigger than the processId version (../../../../../../Users/jxwang3/Documents/mp1_9_11_pm/Intermediate/Shaders/WorkingDirectory/9632/).
[2022.09.16-04.07.59:355][  0]LogShaderCompilers: Cleaned the shader compiler working directory 'C:/Users/jxwang3/AppData/Local/Temp/UnrealShaderWorkingDir/7E9253DD4AA9A6E3D85D6F95BF05C267/'.
[2022.09.16-04.07.59:355][  0]LogXGEController: Cannot use XGE Controller as Incredibuild is not installed on this machine.
[2022.09.16-04.07.59:355][  0]LogShaderCompilers: Cannot use XGE Shader Compiler as Incredibuild is not installed on this machine.
[2022.09.16-04.07.59:355][  0]LogShaderCompilers: Display: Using Local Shader Compiler.
[2022.09.16-04.08.00:180][  0]LogDerivedDataCache: Display: Max Cache Size: 512 MB
[2022.09.16-04.08.00:272][  0]LogDerivedDataCache: Loaded boot cache 0.09s 94MB C:/Users/jxwang3/AppData/Local/UnrealEngine/4.27/DerivedDataCache/Boot.ddc.
[2022.09.16-04.08.00:272][  0]LogDerivedDataCache: Display: Loaded Boot cache: C:/Users/jxwang3/AppData/Local/UnrealEngine/4.27/DerivedDataCache/Boot.ddc
[2022.09.16-04.08.00:272][  0]LogDerivedDataCache: FDerivedDataBackendGraph:  Pak pak cache file ../../../../../../Users/jxwang3/Documents/mp1_9_11_pm/DerivedDataCache/DDC.ddp not found, will not use a pak cache.
[2022.09.16-04.08.00:272][  0]LogDerivedDataCache: Unable to find inner node Pak for hierarchical cache Hierarchy.
[2022.09.16-04.08.00:272][  0]LogDerivedDataCache: FDerivedDataBackendGraph:  CompressedPak pak cache file ../../../../../../Users/jxwang3/Documents/mp1_9_11_pm/DerivedDataCache/Compressed.ddp not found, will not use a pak cache.
[2022.09.16-04.08.00:272][  0]LogDerivedDataCache: Unable to find inner node CompressedPak for hierarchical cache Hierarchy.
[2022.09.16-04.08.00:289][  0]LogDerivedDataCache: Display: Pak cache opened for reading ../../../Engine/DerivedDataCache/Compressed.ddp.
[2022.09.16-04.08.00:289][  0]LogDerivedDataCache: FDerivedDataBackendGraph:  EnterprisePak pak cache file ../../../Enterprise/DerivedDataCache/Compressed.ddp not found, will not use a pak cache.
[2022.09.16-04.08.00:289][  0]LogDerivedDataCache: Unable to find inner node EnterprisePak for hierarchical cache Hierarchy.
[2022.09.16-04.08.00:312][  0]LogDerivedDataCache: Speed tests for C:/Users/jxwang3/AppData/Local/UnrealEngine/Common/DerivedDataCache took 0.02 seconds
[2022.09.16-04.08.00:312][  0]LogDerivedDataCache: Display: Performance to C:/Users/jxwang3/AppData/Local/UnrealEngine/Common/DerivedDataCache: Latency=0.11ms. RandomReadSpeed=170.49MBs, RandomWriteSpeed=59.28MBs. Assigned SpeedClass 'Local'
[2022.09.16-04.08.00:313][  0]LogDerivedDataCache: Using Local data cache path C:/Users/jxwang3/AppData/Local/UnrealEngine/Common/DerivedDataCache: Writable
[2022.09.16-04.08.00:313][  0]LogDerivedDataCache: Shared data cache path not found in *engine.ini, will not use an Shared cache.
[2022.09.16-04.08.00:313][  0]LogDerivedDataCache: Unable to find inner node Shared for hierarchical cache Hierarchy.
[2022.09.16-04.08.00:359][  0]LogSlate: Using FreeType 2.10.0
[2022.09.16-04.08.00:360][  0]LogSlate: SlateFontServices - WITH_FREETYPE: 1, WITH_HARFBUZZ: 1
[2022.09.16-04.08.00:389][  0]LogAssetRegistry: FAssetRegistry took 0.0031 seconds to start up
[2022.09.16-04.08.00:648][  0]LogInit: Selected Device Profile: [Windows]
[2022.09.16-04.08.00:648][  0]LogInit: Active device profile: [0000025DEA6F0900][0000025DE9DFE9C0 49] Windows
[2022.09.16-04.08.00:648][  0]LogInit: Profiles: [0000025DEA6F0900][0000025DE9DFE9C0 49] Windows, [0000025DEA6AF800][0000025DE9E06B40 49] WindowsNoEditor, [0000025DEA6F3500][0000025DE9E0ACC0 49] WindowsServer, [0000025DEA6ACE00][0000025DE9E0EE40 49] WindowsClient, [0000025DEA6F3800][0000025DE9E12FC0 49] IOS, [0000025DEA6AE800][0000025DE9E17140 49] iPadAir, [0000025DEA6F2000][0000025DE9E1B2C0 49] iPadAir2, [0000025DEA64CA00][0000025DE9E23580 49] IPadPro, [0000025DEA64CB00][0000025DE9E1F5C0 49] iPadAir3, [0000025DEA6AD900][0000025DE9E27740 49] iPadAir4, [0000025DEA64F400][0000025DE9E2B8C0 49] iPadMini2, [0000025DEA6AEA00][0000025DE9E2FA40 49] iPadMini3, [0000025DEA64D700][0000025DE9E33BC0 49] iPadMini4, [0000025DEA6F1100][0000025DE9E361C0 49] iPadMini5, [0000025DEA698300][0000025DE9E3E480 49] iPhone6, [0000025DEA698400][0000025DE9E3A4C0 49] iPodTouch6, [0000025DEA64BF00][0000025DE9E02740 49] iPhone7, [0000025DEA64BE00][0000025DE9E42780 49] iPodTouch7, [0000025DEA6AE000][0000025DE9E468C0 49] iPhone5S, [0000025DEA649A00][0000025DE9E4AA00 49] iPhone6Plus, [0000025DEA698200][0000025DEAE60B40 49] iPhone6S, [0000025DEA648600][0000025DEAE68CC0 49] iPhone6SPlus, [0000025DEA69A900][0000025DEAE6CE40 49] iPhone7Plus, [0000025DEA64B100][0000025DEAE70FC0 49] iPhoneSE, [0000025DEA69A200][0000025DEAE75140 49] iPhone8, [0000025DEA64BB00][0000025DEAE792C0 49] iPhone8Plus, [0000025DEA698A00][0000025DEAE7D440 49] iPhoneX, [0000025DEA649400][0000025DEAE815C0 49] iPhoneXS, [0000025DEA69B900][0000025DEAE85740 49] iPhoneXSMax, [0000025DEA648900][0000025DEAE898C0 49] iPhoneXR, [0000025DEA69AF00][0000025DEAE8DA40 49] iPhone11, [0000025DEA649300][0000025DEAE91BC0 49] iPhone11Pro, [0000025DEA699000][0000025DEAE941C0 49] iPhone11ProMax, [0000025DEA64AA00][0000025DEAE98340 49] iPhoneSE2, [0000025DEA699400][0000025DEAE9C4C0 49] iPhone12Mini, [0000025DEA64A400][0000025DEAEA0640 49] iPhone12, [0000025DEA698D00][0000025DEAEA47C0 49] iPhone12Pro, [0000025DEA64AB00][0000025DEAEA8940 49] iPhone12ProMax, [0000025DEA69B000][0000025DEAE64A80 49] iPadPro105, [0000025DEA648700][0000025DEAEACBC0 49] iPadPro129, [0000025DEA69A800][0000025DEAEB0D00 49] iPadPro97, [0000025DEA64A600][0000025DEAEB8E80 49] iPadPro2_129, [0000025DEA69BC00][0000025DEAEBD000 49] iPad5, [0000025DEA64A200][0000025DEAEC1180 49] iPad6, [0000025DEA698F00][0000025DEAEC5300 49] iPad7, [0000025DEA64AD00][0000025DEAEC9480 49] iPad8, [0000025DEA699100][0000025DEAECD600 49] iPadPro11, [0000025DEA649600][0000025DEAED1780 49] iPadPro2_11, [0000025DEA69B400][0000025DEAED5900 49] iPadPro3_129, [0000025DEA64A800][0000025DEAED9A80 49] iPadPro4_129, [0000025DEA69BA00][0000025DEAEDDC00 49] AppleTV, [0000025DEA64A100][0000025DEAEE0200 49] AppleTV4K, [0000025DEA699F00][0000025DEAEE4380 49] TVOS, [0000025DEA64B400][0000025DEAEE8500 49] Mac, [0000025DEA69B800][0000025DEAEEC680 49] MacClient, [0000025DEA649E00][0000025DEAEF0800 49] MacNoEditor, [0000025DEA69BF00][0000025DEAEF4980 49] MacServer, [0000025DEA64B500][0000025DEAEF8B00 49] Linux, [0000025DEA698C00][0000025DEAEB4C40 49] LinuxAArch64, [0000025DEA64AF00][0000025DEAEFCD80 49] LinuxNoEditor, [0000025DEA698B00][0000025DEAF00EC0 49] LinuxAArch64NoEditor, [0000025DEA64B700][0000025DEAF09040 49] LinuxClient, [0000025DEA699A00][0000025DEAF0D1C0 49] LinuxAArch64Client, [0000025DEA649000][0000025DEAF11340 49] LinuxServer, [0000025DEA69A500][0000025DEAF154C0 49] LinuxAArch64Server, [0000025DEA649900][0000025DEAF19640 49] Android, [0000025DEA699300][0000025DEAF1D7C0 49] Android_Low, [0000025DEA64A700][0000025DEAF21940 49] Android_Mid, [0000025DEA69AB00][0000025DEAF25AC0 49] Android_High, [0000025DEA64B800][0000025DEAF280C0 49] Android_Default, [0000025DEA699600][0000025DEAF2C240 49] Android_Adreno4xx, [0000025DEA649500][0000025DEAF303C0 49] Android_Adreno5xx_Low, [0000025DEA64F600][0000025DEAF34540 49] Android_Adreno5xx, [0000025DEA6AD800][0000025DEAF386C0 49] Android_Adreno6xx, [0000025DEA64D200][0000025DEAF3C840 49] Android_Adreno6xx_Vulkan, [0000025DEA6AFC00][0000025DEAF409C0 49] Android_Mali_T6xx, [0000025DEA64D100][0000025DEAF44B40 49] Android_Mali_T7xx, [0000025DEA6AD600][0000025DEAF48CC0 49] Android_Mali_T8xx, [0000025DEA64DE00][0000025DEAF04E00 49] Android_Mali_G71, [0000025DEA6AC500][0000025DEAF4CF40 49] Android_Mali_G72, [0000025DEA64C800][0000025DEAF51080 49] Android_Mali_G72_Vulkan, [0000025DEA6AD300][0000025DEAF551C0 49] Android_Mali_G76, [0000025DEA64C100][0000025DEAF6F340 49] Android_Mali_G76_Vulkan, [0000025DEA6ADF00][0000025DE3F514C0 49] Android_Mali_G77, [0000025DEA64D000][0000025DE3F95640 49] Android_Mali_G77_Vulkan, [0000025DEA6ACA00][0000025DE3F9D7C0 49] Android_Mali_G78, [0000025DEA64EC00][0000025DE3FA1940 49] Android_Mali_G78_Vulkan, [0000025DEA6AF600][0000025DE3FA5AC0 49] Android_Mali_G710, [0000025DEA64EA00][0000025DE3FA80C0 49] Android_Mali_G710_Vulkan, [0000025DEA6AFF00][0000025DE371E240 49] Android_Vulkan_SM5, [0000025DEA64FB00][0000025DE37263C0 49] Android_PowerVR_G6xxx, [0000025DEA6AFB00][0000025DE372A540 49] Android_PowerVR_GT7xxx, [0000025DEA64F900][0000025DE37546C0 49] Android_PowerVR_GE8xxx, [0000025DEA6ACC00][0000025DE9B04840 49] Android_PowerVR_GM9xxx, [0000025DEA64E700][0000025DE9B4C9C0 49] Android_PowerVR_GM9xxx_Vulkan, [0000025DEA6AE700][0000025DE9B62B40 49] Android_TegraK1, [0000025DEA64C900][0000025DE43E0CC0 49] Android_Unknown_Vulkan, [0000025DEA6ADD00][0000025DE43E4E40 49] Lumin, [0000025DEA64C500][0000025DEAF6AF80 49] Lumin_Desktop, [0000025DEA6AF300][0000025DE43E90C0 49] HoloLens, 
[2022.09.16-04.08.00:803][  0]LogMeshReduction: Using QuadricMeshReduction for automatic static mesh reduction
[2022.09.16-04.08.00:803][  0]LogMeshReduction: Using SimplygonMeshReduction for automatic skeletal mesh reduction
[2022.09.16-04.08.00:803][  0]LogMeshReduction: Using ProxyLODMeshReduction for automatic mesh merging
[2022.09.16-04.08.00:803][  0]LogMeshReduction: No distributed automatic mesh merging module available
[2022.09.16-04.08.00:803][  0]LogMeshMerging: No distributed automatic mesh merging module available
[2022.09.16-04.08.00:822][  0]LogNetVersion: InfiniteMatrix 1.0.0, NetCL: 17155196, EngineNetVer: 17, GameNetVer: 0 (Checksum: 1551001080)
[2022.09.16-04.08.01:276][  0]LogTexture: Default maximum texture size for cubemaps generated from long-lat sources has been changed from 512 to unlimited. In order to preserve old behaiour for '/Engine/MapTemplates/Sky/DaylightAmbientCubemap.DaylightAmbientCubemap', its maximum texture size has been explicitly set to 512.
[2022.09.16-04.08.01:339][  0]LogHMD: PokeAHoleMaterial loaded successfully
[2022.09.16-04.08.01:346][  0]LogUObjectArray: 17178 objects as part of root set at end of initial load.
[2022.09.16-04.08.01:346][  0]LogUObjectAllocator: 4302048 out of 0 bytes used by permanent object pool.
[2022.09.16-04.08.01:346][  0]LogUObjectArray: CloseDisregardForGC: 0/0 objects in disregard for GC pool
[2022.09.16-04.08.01:702][  0]LogNiagaraDebuggerClient: Niagara Debugger Client Initialized | Session: 087FD73B4C6306F6E076749CF17CBFB0 | Instance: 7EFE24494EC3019FBA6EB38CDAC0A2F4 (SIEBL-4107-07-9632).
[2022.09.16-04.08.01:853][  0]LogPython: Using Python 3.7.7
[2022.09.16-04.08.02:439][  0]LogTcpMessaging: Initializing TcpMessaging bridge
[2022.09.16-04.08.02:445][  0]LogUdpMessaging: Initializing bridge on interface 0.0.0.0:0 to multicast group 230.0.0.1:6666.
[2022.09.16-04.08.02:659][  0]SourceControl: Source control is disabled
[2022.09.16-04.08.02:659][  0]SourceControl: Source control is disabled
[2022.09.16-04.08.02:664][  0]SourceControl: Source control is disabled
[2022.09.16-04.08.02:669][  0]SourceControl: Source control is disabled
[2022.09.16-04.08.02:700][  0]SourceControl: Source control is disabled
[2022.09.16-04.08.02:741][  0]LogUProjectInfo: Found projects:
[2022.09.16-04.08.02:989][  0]LogOpenImageDenoise: OIDN starting up
[2022.09.16-04.08.03:030][  0]LogAndroidPermission: UAndroidPermissionCallbackProxy::GetInstance
[2022.09.16-04.08.03:060][  0]LogAudioCaptureCore: Display: No Audio Capture implementations found. Audio input will be silent.
[2022.09.16-04.08.03:060][  0]LogAudioCaptureCore: Display: No Audio Capture implementations found. Audio input will be silent.
[2022.09.16-04.08.03:210][  0]LogCollectionManager: Loaded 0 collections in 0.002092 seconds
[2022.09.16-04.08.03:240][  0]LogFileCache: Scanning file cache for directory 'C:/Users/jxwang3/Documents/mp1_9_11_pm/Saved/Collections/' took 0.00s
[2022.09.16-04.08.03:240][  0]LogFileCache: Scanning file cache for directory 'C:/Users/jxwang3/Documents/mp1_9_11_pm/Content/Developers/jxwang3/Collections/' took 0.00s
[2022.09.16-04.08.03:240][  0]LogFileCache: Scanning file cache for directory 'C:/Users/jxwang3/Documents/mp1_9_11_pm/Content/Collections/' took 0.00s
[2022.09.16-04.08.03:240][  0]LogOcInput: OculusInput pre-init called
[2022.09.16-04.08.03:534][  0]LogEngine: Initializing Engine...
[2022.09.16-04.08.03:535][  0]LogHMD: PokeAHoleMaterial loaded successfully
[2022.09.16-04.08.03:535][  0]LogHMD: Initializing OVRPlugin session
[2022.09.16-04.08.03:718][  0]LogHMD: Allocating Oculus 3200 x 1600 rendertarget swapchain
[2022.09.16-04.08.03:718][  0]LogHMD: Oculus plugin initialized. Version: 4.27.2-18319896+++UE4+Release-4.27, OVRPlugin: 1.59.0
[2022.09.16-04.08.03:719][  0]LogStats: UGameplayTagsManager::InitializeManager -  0.000 s
[2022.09.16-04.08.03:850][  0]LogInit: Initializing FReadOnlyCVARCache
[2022.09.16-04.08.03:861][  0]LogAIModule: Creating AISystem for world Untitled
[2022.09.16-04.08.03:875][  0]LogAudio: Display: Initializing Audio Device Manager...
[2022.09.16-04.08.03:879][  0]LogAudio: Display: Loading Default Audio Settings Objects...
[2022.09.16-04.08.03:880][  0]LogAudio: Display: No default SoundConcurrencyObject specified (or failed to load).
[2022.09.16-04.08.03:880][  0]LogAudio: Display: Audio Device Manager Initialized
[2022.09.16-04.08.03:880][  0]LogAudio: Display: Creating Audio Device:                 Id: 1, Scope: Shared, Realtime: True
[2022.09.16-04.08.03:880][  0]LogAudioMixer: Display: Audio Mixer Platform Settings:
[2022.09.16-04.08.03:880][  0]LogAudioMixer: Display: 	Sample Rate:						  48000
[2022.09.16-04.08.03:880][  0]LogAudioMixer: Display: 	Callback Buffer Frame Size Requested: 1024
[2022.09.16-04.08.03:880][  0]LogAudioMixer: Display: 	Callback Buffer Frame Size To Use:	  1024
[2022.09.16-04.08.03:880][  0]LogAudioMixer: Display: 	Number of buffers to queue:			  2
[2022.09.16-04.08.03:880][  0]LogAudioMixer: Display: 	Max Channels (voices):				  32
[2022.09.16-04.08.03:880][  0]LogAudioMixer: Display: 	Number of Async Source Workers:		  0
[2022.09.16-04.08.03:880][  0]LogAudio: Display: AudioDevice MaxSources: 32
[2022.09.16-04.08.03:880][  0]LogAudio: Display: Audio Spatialization Plugin: None (built-in).
[2022.09.16-04.08.03:880][  0]LogAudio: Display: Audio Reverb Plugin: None (built-in).
[2022.09.16-04.08.03:880][  0]LogAudio: Display: Audio Occlusion Plugin: None (built-in).
[2022.09.16-04.08.03:880][  0]LogAudioMixer: Display: Initializing audio mixer.
[2022.09.16-04.08.03:903][  0]LogAudioMixer: Display: 0: FrontLeft
[2022.09.16-04.08.03:903][  0]LogAudioMixer: Display: 1: FrontRight
[2022.09.16-04.08.03:957][  0]LogAudioMixer: Display: Using Audio Device DELL S2721DGF (NVIDIA High Definition Audio)
[2022.09.16-04.08.03:961][  0]LogAudioMixer: Display: Initializing Sound Submixes...
[2022.09.16-04.08.03:964][  0]LogAudioMixer: Display: Creating Master Submix 'MasterSubmixDefault'
[2022.09.16-04.08.03:964][  0]LogAudioMixer: Display: Creating Master Submix 'MasterReverbSubmixDefault'
[2022.09.16-04.08.03:965][  0]LogAudioMixer: Display: Creating Master Submix 'MasterEQSubmixDefault'
[2022.09.16-04.08.03:965][  0]LogAudioMixer: FMixerPlatformXAudio2::StartAudioStream() called
[2022.09.16-04.08.03:965][  0]LogAudioMixer: Display: Output buffers initialized: Frames=1024, Channels=2, Samples=2048
[2022.09.16-04.08.03:966][  0]LogAudioMixer: Display: Starting AudioMixerPlatformInterface::RunInternal()
[2022.09.16-04.08.03:966][  0]LogAudioMixer: Display: FMixerPlatformXAudio2::SubmitBuffer() called for the first time
[2022.09.16-04.08.03:966][  0]LogInit: FAudioDevice initialized.
[2022.09.16-04.08.03:967][  0]LogAudio: Display: Audio Device (ID: 1) registered with world 'Untitled'.
[2022.09.16-04.08.03:967][  0]LogNetVersion: Set ProjectVersion to 1.0.0.0. Version Checksum will be recalculated on next use.
[2022.09.16-04.08.04:025][  0]LogDerivedDataCache: Saved boot cache 0.06s 94MB C:/Users/jxwang3/AppData/Local/UnrealEngine/4.27/DerivedDataCache/Boot.ddc.
[2022.09.16-04.08.04:026][  0]LogInit: Texture streaming: Enabled
[2022.09.16-04.08.04:042][  0]LogAnalytics: Display: [UEEditor.Rocket.Release] APIServer = https://datarouter.ol.epicgames.com/. AppVersion = 4.27.2-18319896+++UE4+Release-4.27
[2022.09.16-04.08.04:051][  0]LogEngineSessionManager: EngineSessionManager initialized
[2022.09.16-04.08.04:051][  0]LogEngineSessionManager: EngineSessionManager sent abnormal shutdown report. Type=AbnormalShutdown, SessionId={217D2ECA-4443-A094-48D0-1A8841879E9E}
[2022.09.16-04.08.04:051][  0]LogEditorSessionSummary: Verbose: Initializing EditorSessionSummaryWriter for editor session tracking
[2022.09.16-04.08.04:058][  0]LogEditorSessionSummary: EditorSessionSummaryWriter initialized
[2022.09.16-04.08.04:091][  0]LogInit: Transaction tracking system initialized
[2022.09.16-04.08.04:119][  0]BlueprintLog: New page: Editor Load
[2022.09.16-04.08.04:202][  0]LocalizationService: Localization service is disabled
[2022.09.16-04.08.04:236][  0]TimingProfiler: Initialize
[2022.09.16-04.08.04:236][  0]TimingProfiler: OnSessionChanged
[2022.09.16-04.08.04:236][  0]LoadingProfiler: Initialize
[2022.09.16-04.08.04:236][  0]LoadingProfiler: OnSessionChanged
[2022.09.16-04.08.04:236][  0]NetworkingProfiler: Initialize
[2022.09.16-04.08.04:236][  0]NetworkingProfiler: OnSessionChanged
[2022.09.16-04.08.04:236][  0]MemoryProfiler: Initialize
[2022.09.16-04.08.04:236][  0]MemoryProfiler: OnSessionChanged
[2022.09.16-04.08.04:420][  0]LogCook: Display: CookSettings for Memory: MemoryMaxUsedVirtual 0MiB, MemoryMaxUsedPhysical 16384MiB, MemoryMinFreeVirtual 0MiB, MemoryMinFreePhysical 1024MiB
[2022.09.16-04.08.04:420][  0]LogCook: Display: Mobile HDR setting 1
[2022.09.16-04.08.04:679][  0]LogFileCache: Scanning file cache for directory 'C:/Users/jxwang3/Documents/mp1_9_11_pm/Content/' took 0.00s
[2022.09.16-04.08.04:923][  0]LogInit: Display: Engine is initialized. Leaving FEngineLoop::Init()
[2022.09.16-04.08.04:931][  0]SourceControl: Source control is disabled
[2022.09.16-04.08.04:931][  0]LogUnrealEdMisc: Loading editor; pre map load, took 9.416
[2022.09.16-04.08.04:931][  0]Cmd: MAP LOAD FILE="../../../../../../Users/jxwang3/Documents/mp1_9_11_pm/Content/InfiniteMatrix/Maps/TutorialMap.umap" TEMPLATE=0 SHOWPROGRESS=1 FEATURELEVEL=3
[2022.09.16-04.08.04:932][  0]LightingResults: New page: Lighting Build
[2022.09.16-04.08.04:934][  0]LogWorld: UWorld::CleanupWorld for Untitled, bSessionEnded=true, bCleanupResources=true
[2022.09.16-04.08.04:934][  0]LogSlate: InvalidateAllWidgets triggered.  All widgets were invalidated
[2022.09.16-04.08.04:934][  0]MapCheck: New page: Map Check
[2022.09.16-04.08.04:934][  0]LightingResults: New page: Lighting Build
[2022.09.16-04.08.04:940][  0]LogAudio: Display: Audio Device unregistered from world 'None'.
[2022.09.16-04.08.04:943][  0]LogUObjectHash: Compacting FUObjectHashTables data took   0.87ms
[2022.09.16-04.08.05:072][  0]LogAudio: Display: Audio Device (ID: 1) registered with world 'TutorialMap'.
[2022.09.16-04.08.05:073][  0]LogAIModule: Creating AISystem for world TutorialMap
[2022.09.16-04.08.05:077][  0]LogEditorServer: Finished looking for orphan Actors (0.000 secs)
[2022.09.16-04.08.05:084][  0]LogUObjectHash: Compacting FUObjectHashTables data took   0.86ms
[2022.09.16-04.08.05:084][  0]Cmd: MAP CHECKDEP NOCLEARLOG
[2022.09.16-04.08.05:084][  0]MapCheck: Map check complete: 0 Error(s), 0 Warning(s), took 0.168ms to complete.
[2022.09.16-04.08.05:084][  0]LogFileHelpers: Loading map 'TutorialMap' took 0.153
[2022.09.16-04.08.05:086][  0]LogUnrealEdMisc: Total Editor Startup Time, took 9.572
[2022.09.16-04.08.05:202][  0]LogSlate: Updating window title bar state: overlay mode, drag disabled, window buttons hidden, title bar hidden
[2022.09.16-04.08.05:209][  0]LogSlate: Updating window title bar state: overlay mode, drag disabled, window buttons hidden, title bar hidden
[2022.09.16-04.08.05:215][  0]LogSlate: Updating window title bar state: overlay mode, drag disabled, window buttons hidden, title bar hidden
[2022.09.16-04.08.05:221][  0]LogSlate: Updating window title bar state: overlay mode, drag disabled, window buttons hidden, title bar hidden
[2022.09.16-04.08.05:240][  0]LogNativeClassHierarchy: Verbose: Native class hierarchy populated in 0.0102 seconds. Added 3822 classes and 928 folders.
[2022.09.16-04.08.05:242][  0]LogNativeClassHierarchy: Verbose: Native class hierarchy updated for 'WidgetCarousel' in 0.0003 seconds. Added 0 classes and 0 folders.
[2022.09.16-04.08.05:244][  0]LogPakFile: PakFile PrimaryIndexSize=187
[2022.09.16-04.08.05:244][  0]LogPakFile: PakFile PathHashIndexSize=101
[2022.09.16-04.08.05:244][  0]LogPakFile: PakFile FullDirectoryIndexSize=148
[2022.09.16-04.08.05:244][  0]LogShaderLibrary: Display: ShaderCodeLibraryPakFileMountedCallback: PakFile 'C:/Program Files/Epic Games/UE_4.27/FeaturePacks/FP_FirstPerson.upack' (chunk index -1, root 'root:/') mounted
[2022.09.16-04.08.05:244][  0]LogShaderLibrary: Display: ShaderCodeLibraryPakFileMountedCallback: pending pak file info (ChunkID:-1 Root:root:/ File:C:/Program Files/Epic Games/UE_4.27/FeaturePacks/FP_FirstPerson.upack)
[2022.09.16-04.08.05:244][  0]LogPakFile: OnPakFileMounted2Time == 0.000060
[2022.09.16-04.08.05:245][  0]LogPakFile: PakFile PrimaryIndexSize=189
[2022.09.16-04.08.05:245][  0]LogPakFile: PakFile PathHashIndexSize=101
[2022.09.16-04.08.05:245][  0]LogPakFile: PakFile FullDirectoryIndexSize=152
[2022.09.16-04.08.05:245][  0]LogShaderLibrary: Display: ShaderCodeLibraryPakFileMountedCallback: PakFile 'C:/Program Files/Epic Games/UE_4.27/FeaturePacks/FP_FirstPersonBP.upack' (chunk index -1, root 'root:/') mounted
[2022.09.16-04.08.05:245][  0]LogShaderLibrary: Display: ShaderCodeLibraryPakFileMountedCallback: pending pak file info (ChunkID:-1 Root:root:/ File:C:/Program Files/Epic Games/UE_4.27/FeaturePacks/FP_FirstPersonBP.upack)
[2022.09.16-04.08.05:245][  0]LogPakFile: OnPakFileMounted2Time == 0.000046
[2022.09.16-04.08.05:246][  0]LogPakFile: PakFile PrimaryIndexSize=191
[2022.09.16-04.08.05:246][  0]LogPakFile: PakFile PathHashIndexSize=101
[2022.09.16-04.08.05:246][  0]LogPakFile: PakFile FullDirectoryIndexSize=160
[2022.09.16-04.08.05:246][  0]LogShaderLibrary: Display: ShaderCodeLibraryPakFileMountedCallback: PakFile 'C:/Program Files/Epic Games/UE_4.27/FeaturePacks/MobileStarterContent.upack' (chunk index -1, root 'root:/') mounted
[2022.09.16-04.08.05:246][  0]LogShaderLibrary: Display: ShaderCodeLibraryPakFileMountedCallback: pending pak file info (ChunkID:-1 Root:root:/ File:C:/Program Files/Epic Games/UE_4.27/FeaturePacks/MobileStarterContent.upack)
[2022.09.16-04.08.05:246][  0]LogPakFile: OnPakFileMounted2Time == 0.000041
[2022.09.16-04.08.05:246][  0]LogPakFile: PakFile PrimaryIndexSize=185
[2022.09.16-04.08.05:246][  0]LogPakFile: PakFile PathHashIndexSize=101
[2022.09.16-04.08.05:246][  0]LogPakFile: PakFile FullDirectoryIndexSize=148
[2022.09.16-04.08.05:246][  0]LogShaderLibrary: Display: ShaderCodeLibraryPakFileMountedCallback: PakFile 'C:/Program Files/Epic Games/UE_4.27/FeaturePacks/StarterContent.upack' (chunk index -1, root 'root:/') mounted
[2022.09.16-04.08.05:246][  0]LogShaderLibrary: Display: ShaderCodeLibraryPakFileMountedCallback: pending pak file info (ChunkID:-1 Root:root:/ File:C:/Program Files/Epic Games/UE_4.27/FeaturePacks/StarterContent.upack)
[2022.09.16-04.08.05:246][  0]LogPakFile: OnPakFileMounted2Time == 0.000041
[2022.09.16-04.08.05:247][  0]LogPakFile: PakFile PrimaryIndexSize=190
[2022.09.16-04.08.05:247][  0]LogPakFile: PakFile PathHashIndexSize=101
[2022.09.16-04.08.05:247][  0]LogPakFile: PakFile FullDirectoryIndexSize=154
[2022.09.16-04.08.05:247][  0]LogShaderLibrary: Display: ShaderCodeLibraryPakFileMountedCallback: PakFile 'C:/Program Files/Epic Games/UE_4.27/FeaturePacks/TP_2DSideScroller.upack' (chunk index -1, root 'root:/') mounted
[2022.09.16-04.08.05:247][  0]LogShaderLibrary: Display: ShaderCodeLibraryPakFileMountedCallback: pending pak file info (ChunkID:-1 Root:root:/ File:C:/Program Files/Epic Games/UE_4.27/FeaturePacks/TP_2DSideScroller.upack)
[2022.09.16-04.08.05:247][  0]LogPakFile: OnPakFileMounted2Time == 0.000037
[2022.09.16-04.08.05:248][  0]LogPakFile: PakFile PrimaryIndexSize=192
[2022.09.16-04.08.05:248][  0]LogPakFile: PakFile PathHashIndexSize=101
[2022.09.16-04.08.05:248][  0]LogPakFile: PakFile FullDirectoryIndexSize=158
[2022.09.16-04.08.05:248][  0]LogShaderLibrary: Display: ShaderCodeLibraryPakFileMountedCallback: PakFile 'C:/Program Files/Epic Games/UE_4.27/FeaturePacks/TP_2DSideScrollerBP.upack' (chunk index -1, root 'root:/') mounted
[2022.09.16-04.08.05:248][  0]LogShaderLibrary: Display: ShaderCodeLibraryPakFileMountedCallback: pending pak file info (ChunkID:-1 Root:root:/ File:C:/Program Files/Epic Games/UE_4.27/FeaturePacks/TP_2DSideScrollerBP.upack)
[2022.09.16-04.08.05:248][  0]LogPakFile: OnPakFileMounted2Time == 0.000036
[2022.09.16-04.08.05:248][  0]LogPakFile: PakFile PrimaryIndexSize=182
[2022.09.16-04.08.05:249][  0]LogPakFile: PakFile PathHashIndexSize=101
[2022.09.16-04.08.05:249][  0]LogPakFile: PakFile FullDirectoryIndexSize=138
[2022.09.16-04.08.05:249][  0]LogShaderLibrary: Display: ShaderCodeLibraryPakFileMountedCallback: PakFile 'C:/Program Files/Epic Games/UE_4.27/FeaturePacks/TP_Flying.upack' (chunk index -1, root 'root:/') mounted
[2022.09.16-04.08.05:249][  0]LogShaderLibrary: Display: ShaderCodeLibraryPakFileMountedCallback: pending pak file info (ChunkID:-1 Root:root:/ File:C:/Program Files/Epic Games/UE_4.27/FeaturePacks/TP_Flying.upack)
[2022.09.16-04.08.05:249][  0]LogPakFile: OnPakFileMounted2Time == 0.000037
[2022.09.16-04.08.05:249][  0]LogPakFile: PakFile PrimaryIndexSize=184
[2022.09.16-04.08.05:249][  0]LogPakFile: PakFile PathHashIndexSize=101
[2022.09.16-04.08.05:249][  0]LogPakFile: PakFile FullDirectoryIndexSize=142
[2022.09.16-04.08.05:249][  0]LogShaderLibrary: Display: ShaderCodeLibraryPakFileMountedCallback: PakFile 'C:/Program Files/Epic Games/UE_4.27/FeaturePacks/TP_FlyingBP.upack' (chunk index -1, root 'root:/') mounted
[2022.09.16-04.08.05:249][  0]LogShaderLibrary: Display: ShaderCodeLibraryPakFileMountedCallback: pending pak file info (ChunkID:-1 Root:root:/ File:C:/Program Files/Epic Games/UE_4.27/FeaturePacks/TP_FlyingBP.upack)
[2022.09.16-04.08.05:249][  0]LogPakFile: OnPakFileMounted2Time == 0.000041
[2022.09.16-04.08.05:250][  0]LogPakFile: PakFile PrimaryIndexSize=188
[2022.09.16-04.08.05:250][  0]LogPakFile: PakFile PathHashIndexSize=101
[2022.09.16-04.08.05:250][  0]LogPakFile: PakFile FullDirectoryIndexSize=150
[2022.09.16-04.08.05:250][  0]LogShaderLibrary: Display: ShaderCodeLibraryPakFileMountedCallback: PakFile 'C:/Program Files/Epic Games/UE_4.27/FeaturePacks/TP_HandheldARBP.upack' (chunk index -1, root 'root:/') mounted
[2022.09.16-04.08.05:250][  0]LogShaderLibrary: Display: ShaderCodeLibraryPakFileMountedCallback: pending pak file info (ChunkID:-1 Root:root:/ File:C:/Program Files/Epic Games/UE_4.27/FeaturePacks/TP_HandheldARBP.upack)
[2022.09.16-04.08.05:250][  0]LogPakFile: OnPakFileMounted2Time == 0.000042
[2022.09.16-04.08.05:251][  0]LogPakFile: PakFile PrimaryIndexSize=182
[2022.09.16-04.08.05:251][  0]LogPakFile: PakFile PathHashIndexSize=101
[2022.09.16-04.08.05:251][  0]LogPakFile: PakFile FullDirectoryIndexSize=138
[2022.09.16-04.08.05:251][  0]LogShaderLibrary: Display: ShaderCodeLibraryPakFileMountedCallback: PakFile 'C:/Program Files/Epic Games/UE_4.27/FeaturePacks/TP_Puzzle.upack' (chunk index -1, root 'root:/') mounted
[2022.09.16-04.08.05:251][  0]LogShaderLibrary: Display: ShaderCodeLibraryPakFileMountedCallback: pending pak file info (ChunkID:-1 Root:root:/ File:C:/Program Files/Epic Games/UE_4.27/FeaturePacks/TP_Puzzle.upack)
[2022.09.16-04.08.05:251][  0]LogPakFile: OnPakFileMounted2Time == 0.000037
[2022.09.16-04.08.05:252][  0]LogPakFile: PakFile PrimaryIndexSize=184
[2022.09.16-04.08.05:252][  0]LogPakFile: PakFile PathHashIndexSize=101
[2022.09.16-04.08.05:252][  0]LogPakFile: PakFile FullDirectoryIndexSize=142
[2022.09.16-04.08.05:252][  0]LogShaderLibrary: Display: ShaderCodeLibraryPakFileMountedCallback: PakFile 'C:/Program Files/Epic Games/UE_4.27/FeaturePacks/TP_PuzzleBP.upack' (chunk index -1, root 'root:/') mounted
[2022.09.16-04.08.05:252][  0]LogShaderLibrary: Display: ShaderCodeLibraryPakFileMountedCallback: pending pak file info (ChunkID:-1 Root:root:/ File:C:/Program Files/Epic Games/UE_4.27/FeaturePacks/TP_PuzzleBP.upack)
[2022.09.16-04.08.05:252][  0]LogPakFile: OnPakFileMounted2Time == 0.000037
[2022.09.16-04.08.05:252][  0]LogPakFile: PakFile PrimaryIndexSize=183
[2022.09.16-04.08.05:252][  0]LogPakFile: PakFile PathHashIndexSize=101
[2022.09.16-04.08.05:252][  0]LogPakFile: PakFile FullDirectoryIndexSize=140
[2022.09.16-04.08.05:252][  0]LogShaderLibrary: Display: ShaderCodeLibraryPakFileMountedCallback: PakFile 'C:/Program Files/Epic Games/UE_4.27/FeaturePacks/TP_Rolling.upack' (chunk index -1, root 'root:/') mounted
[2022.09.16-04.08.05:253][  0]LogShaderLibrary: Display: ShaderCodeLibraryPakFileMountedCallback: pending pak file info (ChunkID:-1 Root:root:/ File:C:/Program Files/Epic Games/UE_4.27/FeaturePacks/TP_Rolling.upack)
[2022.09.16-04.08.05:253][  0]LogPakFile: OnPakFileMounted2Time == 0.000038
[2022.09.16-04.08.05:253][  0]LogPakFile: PakFile PrimaryIndexSize=185
[2022.09.16-04.08.05:253][  0]LogPakFile: PakFile PathHashIndexSize=101
[2022.09.16-04.08.05:253][  0]LogPakFile: PakFile FullDirectoryIndexSize=144
[2022.09.16-04.08.05:253][  0]LogShaderLibrary: Display: ShaderCodeLibraryPakFileMountedCallback: PakFile 'C:/Program Files/Epic Games/UE_4.27/FeaturePacks/TP_RollingBP.upack' (chunk index -1, root 'root:/') mounted
[2022.09.16-04.08.05:253][  0]LogShaderLibrary: Display: ShaderCodeLibraryPakFileMountedCallback: pending pak file info (ChunkID:-1 Root:root:/ File:C:/Program Files/Epic Games/UE_4.27/FeaturePacks/TP_RollingBP.upack)
[2022.09.16-04.08.05:253][  0]LogPakFile: OnPakFileMounted2Time == 0.000036
[2022.09.16-04.08.05:254][  0]LogPakFile: PakFile PrimaryIndexSize=188
[2022.09.16-04.08.05:254][  0]LogPakFile: PakFile PathHashIndexSize=101
[2022.09.16-04.08.05:254][  0]LogPakFile: PakFile FullDirectoryIndexSize=150
[2022.09.16-04.08.05:254][  0]LogShaderLibrary: Display: ShaderCodeLibraryPakFileMountedCallback: PakFile 'C:/Program Files/Epic Games/UE_4.27/FeaturePacks/TP_SideScroller.upack' (chunk index -1, root 'root:/') mounted
[2022.09.16-04.08.05:254][  0]LogShaderLibrary: Display: ShaderCodeLibraryPakFileMountedCallback: pending pak file info (ChunkID:-1 Root:root:/ File:C:/Program Files/Epic Games/UE_4.27/FeaturePacks/TP_SideScroller.upack)
[2022.09.16-04.08.05:254][  0]LogPakFile: OnPakFileMounted2Time == 0.000036
[2022.09.16-04.08.05:255][  0]LogPakFile: PakFile PrimaryIndexSize=190
[2022.09.16-04.08.05:255][  0]LogPakFile: PakFile PathHashIndexSize=101
[2022.09.16-04.08.05:255][  0]LogPakFile: PakFile FullDirectoryIndexSize=154
[2022.09.16-04.08.05:255][  0]LogShaderLibrary: Display: ShaderCodeLibraryPakFileMountedCallback: PakFile 'C:/Program Files/Epic Games/UE_4.27/FeaturePacks/TP_SideScrollerBP.upack' (chunk index -1, root 'root:/') mounted
[2022.09.16-04.08.05:255][  0]LogShaderLibrary: Display: ShaderCodeLibraryPakFileMountedCallback: pending pak file info (ChunkID:-1 Root:root:/ File:C:/Program Files/Epic Games/UE_4.27/FeaturePacks/TP_SideScrollerBP.upack)
[2022.09.16-04.08.05:255][  0]LogPakFile: OnPakFileMounted2Time == 0.000036
[2022.09.16-04.08.05:255][  0]LogPakFile: PakFile PrimaryIndexSize=187
[2022.09.16-04.08.05:255][  0]LogPakFile: PakFile PathHashIndexSize=101
[2022.09.16-04.08.05:255][  0]LogPakFile: PakFile FullDirectoryIndexSize=148
[2022.09.16-04.08.05:255][  0]LogShaderLibrary: Display: ShaderCodeLibraryPakFileMountedCallback: PakFile 'C:/Program Files/Epic Games/UE_4.27/FeaturePacks/TP_ThirdPerson.upack' (chunk index -1, root 'root:/') mounted
[2022.09.16-04.08.05:255][  0]LogShaderLibrary: Display: ShaderCodeLibraryPakFileMountedCallback: pending pak file info (ChunkID:-1 Root:root:/ File:C:/Program Files/Epic Games/UE_4.27/FeaturePacks/TP_ThirdPerson.upack)
[2022.09.16-04.08.05:255][  0]LogPakFile: OnPakFileMounted2Time == 0.000036
[2022.09.16-04.08.05:256][  0]LogPakFile: PakFile PrimaryIndexSize=189
[2022.09.16-04.08.05:256][  0]LogPakFile: PakFile PathHashIndexSize=101
[2022.09.16-04.08.05:256][  0]LogPakFile: PakFile FullDirectoryIndexSize=152
[2022.09.16-04.08.05:256][  0]LogShaderLibrary: Display: ShaderCodeLibraryPakFileMountedCallback: PakFile 'C:/Program Files/Epic Games/UE_4.27/FeaturePacks/TP_ThirdPersonBP.upack' (chunk index -1, root 'root:/') mounted
[2022.09.16-04.08.05:256][  0]LogShaderLibrary: Display: ShaderCodeLibraryPakFileMountedCallback: pending pak file info (ChunkID:-1 Root:root:/ File:C:/Program Files/Epic Games/UE_4.27/FeaturePacks/TP_ThirdPersonBP.upack)
[2022.09.16-04.08.05:256][  0]LogPakFile: OnPakFileMounted2Time == 0.000039
[2022.09.16-04.08.05:257][  0]LogPakFile: PakFile PrimaryIndexSize=183
[2022.09.16-04.08.05:257][  0]LogPakFile: PakFile PathHashIndexSize=101
[2022.09.16-04.08.05:257][  0]LogPakFile: PakFile FullDirectoryIndexSize=140
[2022.09.16-04.08.05:257][  0]LogShaderLibrary: Display: ShaderCodeLibraryPakFileMountedCallback: PakFile 'C:/Program Files/Epic Games/UE_4.27/FeaturePacks/TP_TopDown.upack' (chunk index -1, root 'root:/') mounted
[2022.09.16-04.08.05:257][  0]LogShaderLibrary: Display: ShaderCodeLibraryPakFileMountedCallback: pending pak file info (ChunkID:-1 Root:root:/ File:C:/Program Files/Epic Games/UE_4.27/FeaturePacks/TP_TopDown.upack)
[2022.09.16-04.08.05:257][  0]LogPakFile: OnPakFileMounted2Time == 0.000044
[2022.09.16-04.08.05:258][  0]LogPakFile: PakFile PrimaryIndexSize=185
[2022.09.16-04.08.05:258][  0]LogPakFile: PakFile PathHashIndexSize=101
[2022.09.16-04.08.05:258][  0]LogPakFile: PakFile FullDirectoryIndexSize=144
[2022.09.16-04.08.05:258][  0]LogShaderLibrary: Display: ShaderCodeLibraryPakFileMountedCallback: PakFile 'C:/Program Files/Epic Games/UE_4.27/FeaturePacks/TP_TopDownBP.upack' (chunk index -1, root 'root:/') mounted
[2022.09.16-04.08.05:258][  0]LogShaderLibrary: Display: ShaderCodeLibraryPakFileMountedCallback: pending pak file info (ChunkID:-1 Root:root:/ File:C:/Program Files/Epic Games/UE_4.27/FeaturePacks/TP_TopDownBP.upack)
[2022.09.16-04.08.05:258][  0]LogPakFile: OnPakFileMounted2Time == 0.000043
[2022.09.16-04.08.05:258][  0]LogPakFile: PakFile PrimaryIndexSize=185
[2022.09.16-04.08.05:258][  0]LogPakFile: PakFile PathHashIndexSize=101
[2022.09.16-04.08.05:258][  0]LogPakFile: PakFile FullDirectoryIndexSize=144
[2022.09.16-04.08.05:258][  0]LogShaderLibrary: Display: ShaderCodeLibraryPakFileMountedCallback: PakFile 'C:/Program Files/Epic Games/UE_4.27/FeaturePacks/TP_TwinStick.upack' (chunk index -1, root 'root:/') mounted
[2022.09.16-04.08.05:258][  0]LogShaderLibrary: Display: ShaderCodeLibraryPakFileMountedCallback: pending pak file info (ChunkID:-1 Root:root:/ File:C:/Program Files/Epic Games/UE_4.27/FeaturePacks/TP_TwinStick.upack)
[2022.09.16-04.08.05:258][  0]LogPakFile: OnPakFileMounted2Time == 0.000037
[2022.09.16-04.08.05:259][  0]LogPakFile: PakFile PrimaryIndexSize=187
[2022.09.16-04.08.05:259][  0]LogPakFile: PakFile PathHashIndexSize=101
[2022.09.16-04.08.05:259][  0]LogPakFile: PakFile FullDirectoryIndexSize=148
[2022.09.16-04.08.05:259][  0]LogShaderLibrary: Display: ShaderCodeLibraryPakFileMountedCallback: PakFile 'C:/Program Files/Epic Games/UE_4.27/FeaturePacks/TP_TwinStickBP.upack' (chunk index -1, root 'root:/') mounted
[2022.09.16-04.08.05:259][  0]LogShaderLibrary: Display: ShaderCodeLibraryPakFileMountedCallback: pending pak file info (ChunkID:-1 Root:root:/ File:C:/Program Files/Epic Games/UE_4.27/FeaturePacks/TP_TwinStickBP.upack)
[2022.09.16-04.08.05:259][  0]LogPakFile: OnPakFileMounted2Time == 0.000039
[2022.09.16-04.08.05:260][  0]LogPakFile: PakFile PrimaryIndexSize=183
[2022.09.16-04.08.05:260][  0]LogPakFile: PakFile PathHashIndexSize=101
[2022.09.16-04.08.05:260][  0]LogPakFile: PakFile FullDirectoryIndexSize=140
[2022.09.16-04.08.05:260][  0]LogShaderLibrary: Display: ShaderCodeLibraryPakFileMountedCallback: PakFile 'C:/Program Files/Epic Games/UE_4.27/FeaturePacks/TP_Vehicle.upack' (chunk index -1, root 'root:/') mounted
[2022.09.16-04.08.05:260][  0]LogShaderLibrary: Display: ShaderCodeLibraryPakFileMountedCallback: pending pak file info (ChunkID:-1 Root:root:/ File:C:/Program Files/Epic Games/UE_4.27/FeaturePacks/TP_Vehicle.upack)
[2022.09.16-04.08.05:260][  0]LogPakFile: OnPakFileMounted2Time == 0.000037
[2022.09.16-04.08.05:260][  0]LogPakFile: PakFile PrimaryIndexSize=186
[2022.09.16-04.08.05:260][  0]LogPakFile: PakFile PathHashIndexSize=101
[2022.09.16-04.08.05:261][  0]LogPakFile: PakFile FullDirectoryIndexSize=146
[2022.09.16-04.08.05:261][  0]LogShaderLibrary: Display: ShaderCodeLibraryPakFileMountedCallback: PakFile 'C:/Program Files/Epic Games/UE_4.27/FeaturePacks/TP_VehicleAdv.upack' (chunk index -1, root 'root:/') mounted
[2022.09.16-04.08.05:261][  0]LogShaderLibrary: Display: ShaderCodeLibraryPakFileMountedCallback: pending pak file info (ChunkID:-1 Root:root:/ File:C:/Program Files/Epic Games/UE_4.27/FeaturePacks/TP_VehicleAdv.upack)
[2022.09.16-04.08.05:261][  0]LogPakFile: OnPakFileMounted2Time == 0.000037
[2022.09.16-04.08.05:261][  0]LogPakFile: PakFile PrimaryIndexSize=188
[2022.09.16-04.08.05:261][  0]LogPakFile: PakFile PathHashIndexSize=101
[2022.09.16-04.08.05:261][  0]LogPakFile: PakFile FullDirectoryIndexSize=150
[2022.09.16-04.08.05:261][  0]LogShaderLibrary: Display: ShaderCodeLibraryPakFileMountedCallback: PakFile 'C:/Program Files/Epic Games/UE_4.27/FeaturePacks/TP_VehicleAdvBP.upack' (chunk index -1, root 'root:/') mounted
[2022.09.16-04.08.05:261][  0]LogShaderLibrary: Display: ShaderCodeLibraryPakFileMountedCallback: pending pak file info (ChunkID:-1 Root:root:/ File:C:/Program Files/Epic Games/UE_4.27/FeaturePacks/TP_VehicleAdvBP.upack)
[2022.09.16-04.08.05:261][  0]LogPakFile: OnPakFileMounted2Time == 0.000040
[2022.09.16-04.08.05:262][  0]LogPakFile: PakFile PrimaryIndexSize=185
[2022.09.16-04.08.05:262][  0]LogPakFile: PakFile PathHashIndexSize=101
[2022.09.16-04.08.05:262][  0]LogPakFile: PakFile FullDirectoryIndexSize=144
[2022.09.16-04.08.05:262][  0]LogShaderLibrary: Display: ShaderCodeLibraryPakFileMountedCallback: PakFile 'C:/Program Files/Epic Games/UE_4.27/FeaturePacks/TP_VehicleBP.upack' (chunk index -1, root 'root:/') mounted
[2022.09.16-04.08.05:262][  0]LogShaderLibrary: Display: ShaderCodeLibraryPakFileMountedCallback: pending pak file info (ChunkID:-1 Root:root:/ File:C:/Program Files/Epic Games/UE_4.27/FeaturePacks/TP_VehicleBP.upack)
[2022.09.16-04.08.05:262][  0]LogPakFile: OnPakFileMounted2Time == 0.000037
[2022.09.16-04.08.05:263][  0]LogPakFile: PakFile PrimaryIndexSize=192
[2022.09.16-04.08.05:263][  0]LogPakFile: PakFile PathHashIndexSize=101
[2022.09.16-04.08.05:263][  0]LogPakFile: PakFile FullDirectoryIndexSize=158
[2022.09.16-04.08.05:263][  0]LogShaderLibrary: Display: ShaderCodeLibraryPakFileMountedCallback: PakFile 'C:/Program Files/Epic Games/UE_4.27/FeaturePacks/TP_VirtualRealityBP.upack' (chunk index -1, root 'root:/') mounted
[2022.09.16-04.08.05:263][  0]LogShaderLibrary: Display: ShaderCodeLibraryPakFileMountedCallback: pending pak file info (ChunkID:-1 Root:root:/ File:C:/Program Files/Epic Games/UE_4.27/FeaturePacks/TP_VirtualRealityBP.upack)
[2022.09.16-04.08.05:263][  0]LogPakFile: OnPakFileMounted2Time == 0.000043
[2022.09.16-04.08.05:385][  0]LogNativeClassHierarchy: Verbose: Native class hierarchy updated for 'AddContentDialog' in 0.0004 seconds. Added 0 classes and 0 folders.
[2022.09.16-04.08.05:386][  0]LogNativeClassHierarchy: Verbose: Native class hierarchy updated for 'SceneOutliner' in 0.0004 seconds. Added 2 classes and 0 folders.
[2022.09.16-04.08.05:426][  0]LogNativeClassHierarchy: Verbose: Native class hierarchy updated for 'HierarchicalLODOutliner' in 0.0003 seconds. Added 0 classes and 0 folders.
[2022.09.16-04.08.05:426][  0]LogLoad: (Engine Initialization) Total time: 9.91 seconds
[2022.09.16-04.08.05:426][  0]LogLoad: (Engine Initialization) Total Blueprint compile time: 0.00 seconds
[2022.09.16-04.08.05:436][  0]LogOcInput: OculusInput is initialized
[2022.09.16-04.08.05:475][  0]LogAssetRegistry: Asset discovery search completed in 5.0866 seconds
[2022.09.16-04.08.05:482][  0]LogCollectionManager: Fixed up redirectors for 0 collections in 0.000005 seconds (updated 0 objects)
[2022.09.16-04.08.05:484][  0]LogContentStreaming: Texture pool size now 1000 MB
[2022.09.16-04.08.05:491][  0]LogSlate: Took 0.000315 seconds to synchronously load lazily loaded font '../../../Engine/Content/Slate/Fonts/Roboto-Regular.ttf' (155K)
[2022.09.16-04.08.05:492][  0]LogSlate: Took 0.000266 seconds to synchronously load lazily loaded font '../../../Engine/Content/Editor/Slate/Fonts/FontAwesome.ttf' (139K)
[2022.09.16-04.08.05:493][  0]LogSlate: Took 0.000248 seconds to synchronously load lazily loaded font '../../../Engine/Content/Slate/Fonts/Roboto-Bold.ttf' (160K)
[2022.09.16-04.08.05:594][  1]LogRenderer: Reallocating scene render targets to support 844x372 Format 10 NumSamples 1 (Frame:1).
[2022.09.16-04.08.06:442][ 92]LogSlate: Took 0.000375 seconds to synchronously load lazily loaded font '../../../Engine/Content/Slate/Fonts/Roboto-Light.ttf' (167K)
[2022.09.16-04.09.24:913][409]LogTemp: Repeating last play command: New Editor Window (PIE)
[2022.09.16-04.09.24:923][409]LogPlayLevel: PlayLevel: No blueprints needed recompiling
[2022.09.16-04.09.24:923][409]PIE: New page: PIE session: TutorialMap (Sep 15, 2022, 6:09:24 PM)
[2022.09.16-04.09.24:925][409]LogOnline: OSS: Creating online subsystem instance for: NULL
[2022.09.16-04.09.24:926][409]LogOnline: OSS: TryLoadSubsystemAndSetDefault: Loaded subsystem for module [NULL]
[2022.09.16-04.09.24:926][409]LogPlayLevel: Creating play world package: /Game/InfiniteMatrix/Maps/UEDPIE_0_TutorialMap
[2022.09.16-04.09.24:928][409]LogPlayLevel: PIE: StaticDuplicateObject took: (0.001863s)
[2022.09.16-04.09.24:929][409]LogAIModule: Creating AISystem for world TutorialMap
[2022.09.16-04.09.24:929][409]LogPlayLevel: PIE: World Init took: (0.001086s)
[2022.09.16-04.09.24:929][409]LogPlayLevel: PIE: Created PIE world by copying editor world from /Game/InfiniteMatrix/Maps/TutorialMap.TutorialMap to /Game/InfiniteMatrix/Maps/UEDPIE_0_TutorialMap.TutorialMap (0.003086s)
[2022.09.16-04.09.24:935][409]LogUObjectHash: Compacting FUObjectHashTables data took   0.76ms
[2022.09.16-04.09.24:936][409]LogAudio: Display: Creating Audio Device:                 Id: 2, Scope: Unique, Realtime: True
[2022.09.16-04.09.24:937][409]LogAudioMixer: Display: Audio Mixer Platform Settings:
[2022.09.16-04.09.24:937][409]LogAudioMixer: Display: 	Sample Rate:						  48000
[2022.09.16-04.09.24:937][409]LogAudioMixer: Display: 	Callback Buffer Frame Size Requested: 1024
[2022.09.16-04.09.24:937][409]LogAudioMixer: Display: 	Callback Buffer Frame Size To Use:	  1024
[2022.09.16-04.09.24:937][409]LogAudioMixer: Display: 	Number of buffers to queue:			  2
[2022.09.16-04.09.24:937][409]LogAudioMixer: Display: 	Max Channels (voices):				  32
[2022.09.16-04.09.24:937][409]LogAudioMixer: Display: 	Number of Async Source Workers:		  0
[2022.09.16-04.09.24:937][409]LogAudio: Display: AudioDevice MaxSources: 32
[2022.09.16-04.09.24:937][409]LogAudio: Display: Audio Spatialization Plugin: None (built-in).
[2022.09.16-04.09.24:937][409]LogAudio: Display: Audio Reverb Plugin: None (built-in).
[2022.09.16-04.09.24:937][409]LogAudio: Display: Audio Occlusion Plugin: None (built-in).
[2022.09.16-04.09.24:937][409]LogAudioMixer: Display: Initializing audio mixer.
[2022.09.16-04.09.24:946][409]LogAudioMixer: Display: 0: FrontLeft
[2022.09.16-04.09.24:946][409]LogAudioMixer: Display: 1: FrontRight
[2022.09.16-04.09.24:961][409]LogAudioMixer: Display: Using Audio Device DELL S2721DGF (NVIDIA High Definition Audio)
[2022.09.16-04.09.24:961][409]LogAudioMixer: Display: Initializing Sound Submixes...
[2022.09.16-04.09.24:961][409]LogAudioMixer: Display: Creating Master Submix 'MasterSubmixDefault'
[2022.09.16-04.09.24:961][409]LogAudioMixer: Display: Creating Master Submix 'MasterReverbSubmixDefault'
[2022.09.16-04.09.24:962][409]LogAudioMixer: Display: Creating Master Submix 'MasterEQSubmixDefault'
[2022.09.16-04.09.24:962][409]LogAudioMixer: FMixerPlatformXAudio2::StartAudioStream() called
[2022.09.16-04.09.24:962][409]LogAudioMixer: Display: Output buffers initialized: Frames=1024, Channels=2, Samples=2048
[2022.09.16-04.09.24:963][409]LogAudioMixer: Display: Starting AudioMixerPlatformInterface::RunInternal()
[2022.09.16-04.09.24:963][409]LogAudioMixer: Display: FMixerPlatformXAudio2::SubmitBuffer() called for the first time
[2022.09.16-04.09.24:963][409]LogInit: FAudioDevice initialized.
[2022.09.16-04.09.24:963][409]LogAudio: Display: Audio Device (ID: 2) registered with world 'TutorialMap'.
[2022.09.16-04.09.24:989][409]LogSlate: Updating window title bar state: overlay mode, drag disabled, window buttons hidden, title bar hidden
[2022.09.16-04.09.24:989][409]LogLoad: Game class is 'GM_Tutorial_C'
[2022.09.16-04.09.24:991][409]LogWorld: Bringing World /Game/InfiniteMatrix/Maps/UEDPIE_0_TutorialMap.TutorialMap up for play (max tick rate 0) at 2022.09.15-23.09.24
[2022.09.16-04.09.24:991][409]LogWorld: Bringing up level for play took: 0.000635
[2022.09.16-04.09.24:992][409]LogOnline: OSS: Creating online subsystem instance for: :Context_4
[2022.09.16-04.09.25:000][409]LogNativeClassHierarchy: Verbose: Native class hierarchy updated for 'MovieSceneCapture' in 0.0004 seconds. Added 20 classes and 0 folders.
[2022.09.16-04.09.25:008][409]PIE: Server logged in
[2022.09.16-04.09.25:009][409]PIE: Play in editor total start time 0.09 seconds.
[2022.09.16-04.09.25:019][409]LogHMD: Allocating Oculus 2688 x 1600 rendertarget swapchain
[2022.09.16-04.09.25:068][410]LogRenderer: Reallocating scene render targets to support 2552x1368 Format 10 NumSamples 1 (Frame:1).
[2022.09.16-04.09.40:875][302]LogViewport: Display: Viewport MouseLockMode Changed, LockOnCapture -> DoNotLock
[2022.09.16-04.09.40:875][302]LogViewport: Display: Viewport MouseCaptureMode Changed, CapturePermanently_IncludingInitialMouseDown -> NoCapture
[2022.09.16-04.09.43:400][601]LogSlate: Updating window title bar state: overlay mode, drag disabled, window buttons hidden, title bar hidden
[2022.09.16-04.09.43:400][601]LogWorld: BeginTearingDown for /Game/InfiniteMatrix/Maps/UEDPIE_0_TutorialMap
[2022.09.16-04.09.43:400][601]LogSlate: Window 'InfiniteMatrix Preview [NetMode: Standalone]  (64-bit/Windows) ' being destroyed
[2022.09.16-04.09.43:449][601]LogWorld: UWorld::CleanupWorld for TutorialMap, bSessionEnded=true, bCleanupResources=true
[2022.09.16-04.09.43:450][601]LogSlate: InvalidateAllWidgets triggered.  All widgets were invalidated
[2022.09.16-04.09.43:462][601]LogPlayLevel: Display: Shutting down PIE online subsystems
[2022.09.16-04.09.43:464][601]LogSlate: InvalidateAllWidgets triggered.  All widgets were invalidated
[2022.09.16-04.09.43:469][601]LogAudio: Display: Audio Device unregistered from world 'None'.
[2022.09.16-04.09.43:469][601]LogAudioMixer: FMixerPlatformXAudio2::StopAudioStream() called
[2022.09.16-04.09.43:471][601]LogAudioMixer: FMixerPlatformXAudio2::StopAudioStream() called
[2022.09.16-04.09.43:476][601]LogUObjectHash: Compacting FUObjectHashTables data took   0.75ms
[2022.09.16-04.09.43:490][602]LogPlayLevel: Display: Destroying online subsystem :Context_4
[2022.09.16-04.28.03:081][380]LogAssetEditorSubsystem: Opening Asset editor for Blueprint /Game/InfiniteMatrix/Blueprints/BP_Player.BP_Player
[2022.09.16-04.28.03:290][380]LogNativeClassHierarchy: Verbose: Native class hierarchy updated for 'BlueprintGraph' in 0.0006 seconds. Added 126 classes and 0 folders.
[2022.09.16-04.28.04:289][380]LogSlate: Took 0.000357 seconds to synchronously load lazily loaded font '../../../Engine/Content/Slate/Fonts/Roboto-BoldCondensed.ttf' (158K)
[2022.09.16-04.28.04:333][381]LogSlate: Took 0.000406 seconds to synchronously load lazily loaded font '../../../Engine/Content/Slate/Fonts/Roboto-Italic.ttf' (157K)
[2022.09.16-04.28.19:213][798]LogAssetEditorSubsystem: Opening Asset editor for Blueprint /Game/InfiniteMatrix/Blueprints/BP_Tunnel.BP_Tunnel
[2022.09.16-04.29.02:216][681]LogUObjectHash: Compacting FUObjectHashTables data took   2.47ms
[2022.09.16-04.29.02:217][681]LogFileHelpers: Editor autosave (incl. external actors) for '/Game/InfiniteMatrix/Maps/TutorialMap' took 0.028
[2022.09.16-04.29.02:217][681]OBJ SavePackage: Generating thumbnails for [2] asset(s) in package [/Game/InfiniteMatrix/Blueprints/BP_Tunnel] ([2] browsable assets)...
[2022.09.16-04.29.02:230][681]OBJ SavePackage:     Rendered thumbnail for [Blueprint /Game/InfiniteMatrix/Blueprints/BP_Tunnel.BP_Tunnel]
[2022.09.16-04.29.02:244][681]OBJ SavePackage:     Rendered thumbnail for [BlueprintGeneratedClass /Game/InfiniteMatrix/Blueprints/BP_Tunnel.BP_Tunnel_C]
[2022.09.16-04.29.02:244][681]OBJ SavePackage: Finished generating thumbnails for package [/Game/InfiniteMatrix/Blueprints/BP_Tunnel]
[2022.09.16-04.29.02:278][681]LogSavePackage: Moving '../../../../../../Users/jxwang3/Documents/mp1_9_11_pm/Saved/BP_Tunnel_Auto1A47F62804DD6DEED9066C189696306E9.tmp' to '../../../../../../Users/jxwang3/Documents/mp1_9_11_pm/Saved/Autosaves/Game/InfiniteMatrix/Blueprints/BP_Tunnel_Auto1.uasset'
[2022.09.16-04.29.02:280][681]LogFileHelpers: Auto-saving content packages took 0.063
