Log file open, 09/16/22 12:22:01
LogWindows: Failed to load 'aqProf.dll' (GetLastError=126)
LogWindows: File 'aqProf.dll' does not exist
LogWindows: Failed to load 'VtuneApi.dll' (GetLastError=126)
LogWindows: File 'VtuneApi.dll' does not exist
LogWindows: Failed to load 'VtuneApi32e.dll' (GetLastError=126)
LogWindows: File 'VtuneApi32e.dll' does not exist
LogConsoleResponse: Display: Failed to find resolution value strings in scalability ini. Falling back to default.
LogConsoleResponse: Display: Failed to find resolution value strings in scalability ini. Falling back to default.
LogInit: Display: Running engine for game: InfiniteMatrix
LogPlatformFile: Not using cached read wrapper
LogTaskGraph: Started task graph with 5 named threads and 23 total threads with 3 sets of task threads.
LogStats: Stats thread started at 0.360416
LogICUInternationalization: ICU TimeZone Detection - Raw Offset: -6:00, Platform Override: ''
LogInit: Display: Loading text-based GConfig....
LogPluginManager: Mounting plugin MeshPainting
LogPluginManager: Mounting plugin XGEController
LogPluginManager: Mounting plugin Paper2D
LogPluginManager: Mounting plugin EnvironmentQueryEditor
LogPluginManager: Mounting plugin AISupport
LogPluginManager: Mounting plugin LiveLink
LogPluginManager: Mounting plugin OodleData
LogPluginManager: Mounting plugin LightPropagationVolume
LogPluginManager: Mounting plugin OodleNetwork
LogPluginManager: Mounting plugin AnimationSharing
LogPluginManager: Mounting plugin CLionSourceCodeAccess
LogPluginManager: Mounting plugin CodeLiteSourceCodeAccess
LogPluginManager: Mounting plugin GitSourceControl
LogPluginManager: Mounting plugin KDevelopSourceCodeAccess
LogPluginManager: Mounting plugin NullSourceCodeAccess
LogPluginManager: Mounting plugin PerforceSourceControl
LogPluginManager: Mounting plugin PixWinPlugin
LogPluginManager: Mounting plugin PlasticSourceControl
LogPluginManager: Mounting plugin PluginUtils
LogPluginManager: Mounting plugin PropertyAccessNode
LogPluginManager: Mounting plugin RiderSourceCodeAccess
LogPluginManager: Mounting plugin SubversionSourceControl
LogPluginManager: Mounting plugin TextureFormatOodle
LogPluginManager: Mounting plugin UObjectPlugin
LogPluginManager: Mounting plugin VisualStudioCodeSourceCodeAccess
LogPluginManager: Mounting plugin VisualStudioSourceCodeAccess
LogPluginManager: Mounting plugin XCodeSourceCodeAccess
LogPluginManager: Mounting plugin AssetManagerEditor
LogPluginManager: Mounting plugin CryptoKeys
LogPluginManager: Mounting plugin CurveEditorTools
LogPluginManager: Mounting plugin DataValidation
LogPluginManager: Mounting plugin FacialAnimation
LogPluginManager: Mounting plugin GameplayTagsEditor
LogPluginManager: Mounting plugin GeometryMode
LogPluginManager: Mounting plugin MaterialAnalyzer
LogPluginManager: Mounting plugin MobileLauncherProfileWizard
LogPluginManager: Mounting plugin MacGraphicsSwitching
LogPluginManager: Mounting plugin PluginBrowser
LogPluginManager: Mounting plugin SpeedTreeImporter
LogPluginManager: Mounting plugin DatasmithContent
LogPluginManager: Mounting plugin VariantManagerContent
LogPluginManager: Mounting plugin AlembicImporter
LogPluginManager: Mounting plugin AutomationUtils
LogPluginManager: Mounting plugin BackChannel
LogPluginManager: Mounting plugin ChaosCloth
LogPluginManager: Mounting plugin ChaosClothEditor
LogPluginManager: Mounting plugin ChaosEditor
LogPluginManager: Mounting plugin ChaosNiagara
LogPluginManager: Mounting plugin ChaosSolverPlugin
LogPluginManager: Mounting plugin CharacterAI
LogPluginManager: Mounting plugin GeometryCache
LogPluginManager: Mounting plugin Niagara
LogPluginManager: Mounting plugin GeometryCollectionPlugin
LogPluginManager: Mounting plugin OpenImageDenoise
LogPluginManager: Mounting plugin MotoSynth
LogPluginManager: Mounting plugin PlanarCut
LogPluginManager: Mounting plugin GeometryProcessing
LogPluginManager: Mounting plugin PlatformCrypto
LogPluginManager: Mounting plugin ProxyLODPlugin
LogPluginManager: Mounting plugin PythonScriptPlugin
LogPluginManager: Mounting plugin SkeletalReduction
LogPluginManager: Mounting plugin LuminPlatformFeatures
LogPluginManager: Mounting plugin MagicLeap
LogPluginManager: Mounting plugin MagicLeapLightEstimation
LogPluginManager: Mounting plugin MagicLeapMedia
LogPluginManager: Mounting plugin MagicLeapPassableWorld
LogPluginManager: Mounting plugin MLSDK
LogPluginManager: Mounting plugin AndroidMedia
LogPluginManager: Mounting plugin AvfMedia
LogPluginManager: Mounting plugin ImgMedia
LogPluginManager: Mounting plugin MediaCompositing
LogPluginManager: Mounting plugin MediaPlayerEditor
LogPluginManager: Mounting plugin WebMMedia
LogPluginManager: Mounting plugin WmfMedia
LogPluginManager: Mounting plugin TcpMessaging
LogPluginManager: Mounting plugin UdpMessaging
LogPluginManager: Mounting plugin ActorSequence
LogPluginManager: Mounting plugin LevelSequenceEditor
LogPluginManager: Mounting plugin MatineeToLevelSequence
LogPluginManager: Mounting plugin TemplateSequence
LogPluginManager: Mounting plugin LauncherChunkInstaller
LogPluginManager: Mounting plugin ActorLayerUtilities
LogPluginManager: Mounting plugin AndroidDeviceProfileSelector
LogPluginManager: Mounting plugin AndroidMoviePlayer
LogPluginManager: Mounting plugin AndroidPermission
LogPluginManager: Mounting plugin AppleImageUtils
LogPluginManager: Mounting plugin AppleMoviePlayer
LogPluginManager: Mounting plugin ArchVisCharacter
LogPluginManager: Mounting plugin AssetTags
LogPluginManager: Mounting plugin AudioCapture
LogPluginManager: Mounting plugin CableComponent
LogPluginManager: Mounting plugin AudioSynesthesia
LogPluginManager: Mounting plugin CustomMeshComponent
LogPluginManager: Mounting plugin ChunkDownloader
LogPluginManager: Mounting plugin EditableMesh
LogPluginManager: Mounting plugin ExampleDeviceProfileSelector
LogPluginManager: Mounting plugin GoogleCloudMessaging
LogPluginManager: Mounting plugin GooglePAD
LogPluginManager: Mounting plugin IOSDeviceProfileSelector
LogPluginManager: Mounting plugin LinuxDeviceProfileSelector
LogPluginManager: Mounting plugin LocationServicesBPLibrary
LogPluginManager: Mounting plugin MobilePatchingUtils
LogPluginManager: Mounting plugin OpenXR
LogPluginManager: Mounting plugin OpenXREyeTracker
LogPluginManager: Mounting plugin OpenXRHandTracking
LogPluginManager: Mounting plugin PhysXVehicles
LogPluginManager: Mounting plugin PostSplashScreen
LogPluginManager: Mounting plugin ProceduralMeshComponent
LogPluginManager: Mounting plugin PropertyAccessEditor
LogPluginManager: Mounting plugin RuntimePhysXCooking
LogPluginManager: Mounting plugin SignificanceManager
LogPluginManager: Mounting plugin SoundFields
LogPluginManager: Mounting plugin Synthesis
LogPluginManager: Mounting plugin ScreenshotTools
LogPluginManager: Mounting plugin WebMMoviePlayer
LogPluginManager: Mounting plugin WindowsMoviePlayer
LogPluginManager: Mounting plugin CameraShakePreviewer
LogPluginManager: Mounting plugin GameplayCameras
LogPluginManager: Mounting plugin Takes
LogPluginManager: Mounting plugin OnlineSubsystem
LogPluginManager: Mounting plugin OnlineSubsystemNull
LogPluginManager: Mounting plugin OnlineSubsystemUtils
LogPluginManager: Mounting plugin ContentBrowserAssetDataSource
LogPluginManager: Mounting plugin ContentBrowserFileDataSource
LogPluginManager: Mounting plugin ContentBrowserClassDataSource
LogPluginManager: Mounting plugin OculusVR
LogPluginManager: Mounting plugin SteamVR
LogPluginManager: Mounting plugin OnlineSubsystemGooglePlay
LogPluginManager: Mounting plugin OnlineSubsystemIOS
PixWinPlugin: PIX capture plugin failed to initialize! Check that the process is launched from PIX.
LogInit: Using libcurl 7.55.1-DEV
LogInit:  - built for x86_64-pc-win32
LogInit:  - supports SSL with OpenSSL/1.1.1
LogInit:  - supports HTTP deflate (compression) using libz 1.2.8
LogInit:  - other features:
LogInit:      CURL_VERSION_SSL
LogInit:      CURL_VERSION_LIBZ
LogInit:      CURL_VERSION_IPV6
LogInit:      CURL_VERSION_ASYNCHDNS
LogInit:      CURL_VERSION_LARGEFILE
LogInit:      CURL_VERSION_IDN
LogInit:  CurlRequestOptions (configurable via config and command line):
LogInit:  - bVerifyPeer = true  - Libcurl will verify peer certificate
LogInit:  - bUseHttpProxy = false  - Libcurl will NOT use HTTP proxy
LogInit:  - bDontReuseConnections = false  - Libcurl will reuse connections
LogInit:  - MaxHostConnections = 16  - Libcurl will limit the number of connections to a host
LogInit:  - LocalHostAddr = Default
LogInit:  - BufferSize = 65536
LogOnline: OSS: Creating online subsystem instance for: NULL
LogInit: WinSock: version 1.1 (2.2), MaxSocks=32767, MaxUdp=65467
LogOnline: OSS: TryLoadSubsystemAndSetDefault: Loaded subsystem for module [NULL]
LogOculusPluginWrapper: OculusPlugin initialized successfully
LogHMD: FOculusHMDModule PreInit successfully
LogInit: Build: ++UE4+Release-4.27-CL-18319896
LogInit: Engine Version: 4.27.2-18319896+++UE4+Release-4.27
LogInit: Compatible Engine Version: 4.27.0-17155196+++UE4+Release-4.27
LogInit: Net CL: 17155196
LogInit: OS: Windows 10 (Release 2009) (), CPU: Intel(R) Xeon(R) W-2123 CPU @ 3.60GHz, GPU: NVIDIA GeForce RTX 2080 Ti
LogInit: Compiled (64-bit): Nov 30 2021 07:12:08
LogInit: Compiled with Visual C++: 19.24.28315.00
LogInit: Build Configuration: Development
LogInit: Branch Name: ++UE4+Release-4.27
LogInit: Command Line: 
LogInit: Base Directory: C:/Program Files/Epic Games/UE_4.27/Engine/Binaries/Win64/
LogInit: Allocator: TBB
LogInit: Installed Engine Build: 1
LogDevObjectVersion: Number of dev versions registered: 29
LogDevObjectVersion:   Dev-Blueprints (B0D832E4-1F89-4F0D-ACCF-7EB736FD4AA2): 10
LogDevObjectVersion:   Dev-Build (E1C64328-A22C-4D53-A36C-8E866417BD8C): 0
LogDevObjectVersion:   Dev-Core (375EC13C-06E4-48FB-B500-84F0262A717E): 4
LogDevObjectVersion:   Dev-Editor (E4B068ED-F494-42E9-A231-DA0B2E46BB41): 40
LogDevObjectVersion:   Dev-Framework (CFFC743F-43B0-4480-9391-14DF171D2073): 37
LogDevObjectVersion:   Dev-Mobile (B02B49B5-BB20-44E9-A304-32B752E40360): 3
LogDevObjectVersion:   Dev-Networking (A4E4105C-59A1-49B5-A7C5-40C4547EDFEE): 0
LogDevObjectVersion:   Dev-Online (39C831C9-5AE6-47DC-9A44-9C173E1C8E7C): 0
LogDevObjectVersion:   Dev-Physics (78F01B33-EBEA-4F98-B9B4-84EACCB95AA2): 14
LogDevObjectVersion:   Dev-Platform (6631380F-2D4D-43E0-8009-CF276956A95A): 0
LogDevObjectVersion:   Dev-Rendering (12F88B9F-8875-4AFC-A67C-D90C383ABD29): 45
LogDevObjectVersion:   Dev-Sequencer (7B5AE74C-D270-4C10-A958-57980B212A5A): 13
LogDevObjectVersion:   Dev-VR (D7296918-1DD6-4BDD-9DE2-64A83CC13884): 3
LogDevObjectVersion:   Dev-LoadTimes (C2A15278-BFE7-4AFE-6C17-90FF531DF755): 1
LogDevObjectVersion:   Private-Geometry (6EACA3D4-40EC-4CC1-B786-8BED09428FC5): 3
LogDevObjectVersion:   Dev-AnimPhys (29E575DD-E0A3-4627-9D10-D276232CDCEA): 17
LogDevObjectVersion:   Dev-Anim (AF43A65D-7FD3-4947-9873-3E8ED9C1BB05): 15
LogDevObjectVersion:   Dev-ReflectionCapture (6B266CEC-1EC7-4B8F-A30B-E4D90942FC07): 1
LogDevObjectVersion:   Dev-Automation (0DF73D61-A23F-47EA-B727-89E90C41499A): 1
LogDevObjectVersion:   FortniteMain (601D1886-AC64-4F84-AA16-D3DE0DEAC7D6): 47
LogDevObjectVersion:   FortniteRelease (E7086368-6B23-4C58-8439-1B7016265E91): 1
LogDevObjectVersion:   Dev-Enterprise (9DFFBCD6-494F-0158-E221-12823C92A888): 10
LogDevObjectVersion:   Dev-Niagara (F2AED0AC-9AFE-416F-8664-AA7FFA26D6FC): 1
LogDevObjectVersion:   Dev-Destruction (174F1F0B-B4C6-45A5-B13F-2EE8D0FB917D): 10
LogDevObjectVersion:   Dev-Physics-Ext (35F94A83-E258-406C-A318-09F59610247C): 41
LogDevObjectVersion:   Dev-PhysicsMaterial-Chaos (B68FC16E-8B1B-42E2-B453-215C058844FE): 1
LogDevObjectVersion:   Dev-CineCamera (B2E18506-4273-CFC2-A54E-F4BB758BBA07): 1
LogDevObjectVersion:   Dev-VirtualProduction (64F58936-FD1B-42BA-BA96-7289D5D0FA4E): 1
LogDevObjectVersion:   Dev-MediaFramework (6F0ED827-A609-4895-9C91-998D90180EA4): 2
LogInit: Presizing for max 25165824 objects, including 0 objects not considered by GC, pre-allocating 0 bytes for permanent pool.
LogConfig: Applying CVar settings from Section [/Script/Engine.StreamingSettings] File [C:/Users/jxwang3/Documents/mp1_complete/Saved/Config/Windows/Engine.ini]
LogConfig: Setting CVar [[s.MinBulkDataSizeForAsyncLoading:131072]]
LogConfig: Setting CVar [[s.AsyncLoadingThreadEnabled:0]]
LogConfig: Setting CVar [[s.EventDrivenLoaderEnabled:1]]
LogConfig: Setting CVar [[s.WarnIfTimeLimitExceeded:0]]
LogConfig: Setting CVar [[s.TimeLimitExceededMultiplier:1.5]]
LogConfig: Setting CVar [[s.TimeLimitExceededMinTime:0.005]]
LogConfig: Setting CVar [[s.UseBackgroundLevelStreaming:1]]
LogConfig: Setting CVar [[s.PriorityAsyncLoadingExtraTime:15.0]]
LogConfig: Setting CVar [[s.LevelStreamingActorsUpdateTimeLimit:5.0]]
LogConfig: Setting CVar [[s.PriorityLevelStreamingActorsUpdateExtraTime:5.0]]
LogConfig: Setting CVar [[s.LevelStreamingComponentsRegistrationGranularity:10]]
LogConfig: Setting CVar [[s.UnregisterComponentsTimeLimit:1.0]]
LogConfig: Setting CVar [[s.LevelStreamingComponentsUnregistrationGranularity:5]]
LogConfig: Setting CVar [[s.FlushStreamingOnExit:1]]
LogInit: Object subsystem initialized
LogConfig: Setting CVar [[con.DebugEarlyDefault:1]]
LogConfig: Setting CVar [[r.setres:1280x720]]
[2022.09.16-17.22.02:788][  0]LogConfig: Setting CVar [[r.VSync:0]]
[2022.09.16-17.22.02:788][  0]LogConfig: Setting CVar [[r.RHICmdBypass:0]]
[2022.09.16-17.22.02:788][  0]LogConfig: Applying CVar settings from Section [/Script/Engine.RendererSettings] File [C:/Users/jxwang3/Documents/mp1_complete/Saved/Config/Windows/Engine.ini]
[2022.09.16-17.22.02:788][  0]LogConfig: Setting CVar [[r.GPUCrashDebugging:0]]
[2022.09.16-17.22.02:788][  0]LogConfig: Applying CVar settings from Section [/Script/Engine.RendererOverrideSettings] File [C:/Users/jxwang3/Documents/mp1_complete/Saved/Config/Windows/Engine.ini]
[2022.09.16-17.22.02:788][  0]LogConfig: Applying CVar settings from Section [/Script/Engine.StreamingSettings] File [C:/Users/jxwang3/Documents/mp1_complete/Saved/Config/Windows/Engine.ini]
[2022.09.16-17.22.02:788][  0]LogConfig: Setting CVar [[s.MinBulkDataSizeForAsyncLoading:131072]]
[2022.09.16-17.22.02:788][  0]LogConfig: Setting CVar [[s.AsyncLoadingThreadEnabled:0]]
[2022.09.16-17.22.02:788][  0]LogConfig: Setting CVar [[s.EventDrivenLoaderEnabled:1]]
[2022.09.16-17.22.02:788][  0]LogConfig: Setting CVar [[s.WarnIfTimeLimitExceeded:0]]
[2022.09.16-17.22.02:788][  0]LogConfig: Setting CVar [[s.TimeLimitExceededMultiplier:1.5]]
[2022.09.16-17.22.02:788][  0]LogConfig: Setting CVar [[s.TimeLimitExceededMinTime:0.005]]
[2022.09.16-17.22.02:788][  0]LogConfig: Setting CVar [[s.UseBackgroundLevelStreaming:1]]
[2022.09.16-17.22.02:788][  0]LogConfig: Setting CVar [[s.PriorityAsyncLoadingExtraTime:15.0]]
[2022.09.16-17.22.02:788][  0]LogConfig: Setting CVar [[s.LevelStreamingActorsUpdateTimeLimit:5.0]]
[2022.09.16-17.22.02:788][  0]LogConfig: Setting CVar [[s.PriorityLevelStreamingActorsUpdateExtraTime:5.0]]
[2022.09.16-17.22.02:788][  0]LogConfig: Setting CVar [[s.LevelStreamingComponentsRegistrationGranularity:10]]
[2022.09.16-17.22.02:788][  0]LogConfig: Setting CVar [[s.UnregisterComponentsTimeLimit:1.0]]
[2022.09.16-17.22.02:788][  0]LogConfig: Setting CVar [[s.LevelStreamingComponentsUnregistrationGranularity:5]]
[2022.09.16-17.22.02:788][  0]LogConfig: Setting CVar [[s.FlushStreamingOnExit:1]]
[2022.09.16-17.22.02:788][  0]LogConfig: Applying CVar settings from Section [/Script/Engine.GarbageCollectionSettings] File [C:/Users/jxwang3/Documents/mp1_complete/Saved/Config/Windows/Engine.ini]
[2022.09.16-17.22.02:788][  0]LogConfig: Setting CVar [[gc.MaxObjectsNotConsideredByGC:1]]
[2022.09.16-17.22.02:788][  0]LogConfig: Setting CVar [[gc.SizeOfPermanentObjectPool:0]]
[2022.09.16-17.22.02:788][  0]LogConfig: Setting CVar [[gc.FlushStreamingOnGC:0]]
[2022.09.16-17.22.02:788][  0]LogConfig: Setting CVar [[gc.NumRetriesBeforeForcingGC:10]]
[2022.09.16-17.22.02:788][  0]LogConfig: Setting CVar [[gc.AllowParallelGC:1]]
[2022.09.16-17.22.02:788][  0]LogConfig: Setting CVar [[gc.TimeBetweenPurgingPendingKillObjects:61.1]]
[2022.09.16-17.22.02:788][  0]LogConfig: Setting CVar [[gc.MaxObjectsInEditor:25165824]]
[2022.09.16-17.22.02:788][  0]LogConfig: Setting CVar [[gc.IncrementalBeginDestroyEnabled:1]]
[2022.09.16-17.22.02:788][  0]LogConfig: Setting CVar [[gc.CreateGCClusters:1]]
[2022.09.16-17.22.02:788][  0]LogConfig: Setting CVar [[gc.MinGCClusterSize:5]]
[2022.09.16-17.22.02:788][  0]LogConfig: Setting CVar [[gc.ActorClusteringEnabled:0]]
[2022.09.16-17.22.02:788][  0]LogConfig: Setting CVar [[gc.BlueprintClusteringEnabled:0]]
[2022.09.16-17.22.02:788][  0]LogConfig: Setting CVar [[gc.UseDisregardForGCOnDedicatedServers:0]]
[2022.09.16-17.22.02:789][  0]LogConfig: Setting CVar [[gc.MultithreadedDestructionEnabled:1]]
[2022.09.16-17.22.02:789][  0]LogConfig: Applying CVar settings from Section [/Script/Engine.NetworkSettings] File [C:/Users/jxwang3/Documents/mp1_complete/Saved/Config/Windows/Engine.ini]
[2022.09.16-17.22.02:789][  0]LogConfig: Applying CVar settings from Section [/Script/UnrealEd.CookerSettings] File [C:/Users/jxwang3/Documents/mp1_complete/Saved/Config/Windows/Engine.ini]
[2022.09.16-17.22.02:810][  0]LogConfig: Applying CVar settings from Section [ViewDistanceQuality@3] File [C:/Users/jxwang3/Documents/mp1_complete/Saved/Config/Windows/Scalability.ini]
[2022.09.16-17.22.02:810][  0]LogConfig: Setting CVar [[r.SkeletalMeshLODBias:0]]
[2022.09.16-17.22.02:810][  0]LogConfig: Setting CVar [[r.ViewDistanceScale:1.0]]
[2022.09.16-17.22.02:810][  0]LogConfig: Applying CVar settings from Section [AntiAliasingQuality@3] File [C:/Users/jxwang3/Documents/mp1_complete/Saved/Config/Windows/Scalability.ini]
[2022.09.16-17.22.02:810][  0]LogConfig: Setting CVar [[r.PostProcessAAQuality:4]]
[2022.09.16-17.22.02:810][  0]LogConfig: Applying CVar settings from Section [ShadowQuality@3] File [C:/Users/jxwang3/Documents/mp1_complete/Saved/Config/Windows/Scalability.ini]
[2022.09.16-17.22.02:810][  0]LogConfig: Setting CVar [[r.LightFunctionQuality:1]]
[2022.09.16-17.22.02:810][  0]LogConfig: Setting CVar [[r.ShadowQuality:5]]
[2022.09.16-17.22.02:810][  0]LogConfig: Setting CVar [[r.Shadow.CSM.MaxCascades:10]]
[2022.09.16-17.22.02:810][  0]LogConfig: Setting CVar [[r.Shadow.MaxResolution:2048]]
[2022.09.16-17.22.02:810][  0]LogConfig: Setting CVar [[r.Shadow.MaxCSMResolution:2048]]
[2022.09.16-17.22.02:811][  0]LogConfig: Setting CVar [[r.Shadow.RadiusThreshold:0.01]]
[2022.09.16-17.22.02:811][  0]LogConfig: Setting CVar [[r.Shadow.DistanceScale:1.0]]
[2022.09.16-17.22.02:811][  0]LogConfig: Setting CVar [[r.Shadow.CSM.TransitionScale:1.0]]
[2022.09.16-17.22.02:811][  0]LogConfig: Setting CVar [[r.Shadow.PreShadowResolutionFactor:1.0]]
[2022.09.16-17.22.02:811][  0]LogConfig: Setting CVar [[r.DistanceFieldShadowing:1]]
[2022.09.16-17.22.02:811][  0]LogConfig: Setting CVar [[r.DistanceFieldAO:1]]
[2022.09.16-17.22.02:811][  0]LogConfig: Setting CVar [[r.AOQuality:2]]
[2022.09.16-17.22.02:811][  0]LogConfig: Setting CVar [[r.VolumetricFog:1]]
[2022.09.16-17.22.02:811][  0]LogConfig: Setting CVar [[r.VolumetricFog.GridPixelSize:8]]
[2022.09.16-17.22.02:811][  0]LogConfig: Setting CVar [[r.VolumetricFog.GridSizeZ:128]]
[2022.09.16-17.22.02:811][  0]LogConfig: Setting CVar [[r.VolumetricFog.HistoryMissSupersampleCount:4]]
[2022.09.16-17.22.02:811][  0]LogConfig: Setting CVar [[r.LightMaxDrawDistanceScale:1]]
[2022.09.16-17.22.02:811][  0]LogConfig: Setting CVar [[r.CapsuleShadows:1]]
[2022.09.16-17.22.02:811][  0]LogConfig: Applying CVar settings from Section [PostProcessQuality@3] File [C:/Users/jxwang3/Documents/mp1_complete/Saved/Config/Windows/Scalability.ini]
[2022.09.16-17.22.02:811][  0]LogConfig: Setting CVar [[r.MotionBlurQuality:4]]
[2022.09.16-17.22.02:811][  0]LogConfig: Setting CVar [[r.AmbientOcclusionMipLevelFactor:0.4]]
[2022.09.16-17.22.02:811][  0]LogConfig: Setting CVar [[r.AmbientOcclusionMaxQuality:100]]
[2022.09.16-17.22.02:811][  0]LogConfig: Setting CVar [[r.AmbientOcclusionLevels:-1]]
[2022.09.16-17.22.02:811][  0]LogConfig: Setting CVar [[r.AmbientOcclusionRadiusScale:1.0]]
[2022.09.16-17.22.02:811][  0]LogConfig: Setting CVar [[r.DepthOfFieldQuality:2]]
[2022.09.16-17.22.02:811][  0]LogConfig: Setting CVar [[r.RenderTargetPoolMin:400]]
[2022.09.16-17.22.02:811][  0]LogConfig: Setting CVar [[r.LensFlareQuality:2]]
[2022.09.16-17.22.02:811][  0]LogConfig: Setting CVar [[r.SceneColorFringeQuality:1]]
[2022.09.16-17.22.02:811][  0]LogConfig: Setting CVar [[r.EyeAdaptationQuality:2]]
[2022.09.16-17.22.02:811][  0]LogConfig: Setting CVar [[r.BloomQuality:5]]
[2022.09.16-17.22.02:811][  0]LogConfig: Setting CVar [[r.FastBlurThreshold:100]]
[2022.09.16-17.22.02:811][  0]LogConfig: Setting CVar [[r.Upscale.Quality:3]]
[2022.09.16-17.22.02:811][  0]LogConfig: Setting CVar [[r.Tonemapper.GrainQuantization:1]]
[2022.09.16-17.22.02:811][  0]LogConfig: Setting CVar [[r.LightShaftQuality:1]]
[2022.09.16-17.22.02:811][  0]LogConfig: Setting CVar [[r.Filter.SizeScale:1]]
[2022.09.16-17.22.02:811][  0]LogConfig: Setting CVar [[r.Tonemapper.Quality:5]]
[2022.09.16-17.22.02:811][  0]LogConfig: Setting CVar [[r.DOF.Gather.AccumulatorQuality:1        ; higher gathering accumulator quality]]
[2022.09.16-17.22.02:811][  0]LogConfig: Setting CVar [[r.DOF.Gather.PostfilterMethod:1          ; Median3x3 postfilering method]]
[2022.09.16-17.22.02:811][  0]LogConfig: Setting CVar [[r.DOF.Gather.EnableBokehSettings:0       ; no bokeh simulation when gathering]]
[2022.09.16-17.22.02:811][  0]LogConfig: Setting CVar [[r.DOF.Gather.RingCount:4                 ; medium number of samples when gathering]]
[2022.09.16-17.22.02:811][  0]LogConfig: Setting CVar [[r.DOF.Scatter.ForegroundCompositing:1    ; additive foreground scattering]]
[2022.09.16-17.22.02:811][  0]LogConfig: Setting CVar [[r.DOF.Scatter.BackgroundCompositing:2    ; additive background scattering]]
[2022.09.16-17.22.02:811][  0]LogConfig: Setting CVar [[r.DOF.Scatter.EnableBokehSettings:1      ; bokeh simulation when scattering]]
[2022.09.16-17.22.02:811][  0]LogConfig: Setting CVar [[r.DOF.Scatter.MaxSpriteRatio:0.1         ; only a maximum of 10% of scattered bokeh]]
[2022.09.16-17.22.02:811][  0]LogConfig: Setting CVar [[r.DOF.Recombine.Quality:1                ; cheap slight out of focus]]
[2022.09.16-17.22.02:811][  0]LogConfig: Setting CVar [[r.DOF.Recombine.EnableBokehSettings:0    ; no bokeh simulation on slight out of focus]]
[2022.09.16-17.22.02:811][  0]LogConfig: Setting CVar [[r.DOF.TemporalAAQuality:1                ; more stable temporal accumulation]]
[2022.09.16-17.22.02:811][  0]LogConfig: Setting CVar [[r.DOF.Kernel.MaxForegroundRadius:0.025]]
[2022.09.16-17.22.02:811][  0]LogConfig: Setting CVar [[r.DOF.Kernel.MaxBackgroundRadius:0.025]]
[2022.09.16-17.22.02:811][  0]LogConfig: Applying CVar settings from Section [TextureQuality@3] File [C:/Users/jxwang3/Documents/mp1_complete/Saved/Config/Windows/Scalability.ini]
[2022.09.16-17.22.02:811][  0]LogConfig: Setting CVar [[r.Streaming.MipBias:0]]
[2022.09.16-17.22.02:811][  0]LogConfig: Setting CVar [[r.Streaming.AmortizeCPUToGPUCopy:0]]
[2022.09.16-17.22.02:811][  0]LogConfig: Setting CVar [[r.Streaming.MaxNumTexturesToStreamPerFrame:0]]
[2022.09.16-17.22.02:811][  0]LogConfig: Setting CVar [[r.Streaming.Boost:1]]
[2022.09.16-17.22.02:811][  0]LogConfig: Setting CVar [[r.MaxAnisotropy:8]]
[2022.09.16-17.22.02:811][  0]LogConfig: Setting CVar [[r.VT.MaxAnisotropy:8]]
[2022.09.16-17.22.02:811][  0]LogConfig: Setting CVar [[r.Streaming.LimitPoolSizeToVRAM:0]]
[2022.09.16-17.22.02:811][  0]LogConfig: Setting CVar [[r.Streaming.PoolSize:1000]]
[2022.09.16-17.22.02:811][  0]LogConfig: Setting CVar [[r.Streaming.MaxEffectiveScreenSize:0]]
[2022.09.16-17.22.02:811][  0]LogConfig: Applying CVar settings from Section [EffectsQuality@3] File [C:/Users/jxwang3/Documents/mp1_complete/Saved/Config/Windows/Scalability.ini]
[2022.09.16-17.22.02:811][  0]LogConfig: Setting CVar [[r.TranslucencyLightingVolumeDim:64]]
[2022.09.16-17.22.02:811][  0]LogConfig: Setting CVar [[r.RefractionQuality:2]]
[2022.09.16-17.22.02:811][  0]LogConfig: Setting CVar [[r.SSR.Quality:3]]
[2022.09.16-17.22.02:811][  0]LogConfig: Setting CVar [[r.SSR.HalfResSceneColor:0]]
[2022.09.16-17.22.02:811][  0]LogConfig: Setting CVar [[r.SceneColorFormat:4]]
[2022.09.16-17.22.02:811][  0]LogConfig: Setting CVar [[r.DetailMode:2]]
[2022.09.16-17.22.02:811][  0]LogConfig: Setting CVar [[r.TranslucencyVolumeBlur:1]]
[2022.09.16-17.22.02:811][  0]LogConfig: Setting CVar [[r.MaterialQualityLevel:1 ; High quality]]
[2022.09.16-17.22.02:811][  0]LogConfig: Setting CVar [[r.AnisotropicMaterials:1]]
[2022.09.16-17.22.02:811][  0]LogConfig: Setting CVar [[r.SSS.Scale:1]]
[2022.09.16-17.22.02:811][  0]LogConfig: Setting CVar [[r.SSS.SampleSet:2]]
[2022.09.16-17.22.02:811][  0]LogConfig: Setting CVar [[r.SSS.Quality:1]]
[2022.09.16-17.22.02:811][  0]LogConfig: Setting CVar [[r.SSS.HalfRes:0]]
[2022.09.16-17.22.02:811][  0]LogConfig: Setting CVar [[r.SSGI.Quality:3]]
[2022.09.16-17.22.02:811][  0]LogConfig: Setting CVar [[r.EmitterSpawnRateScale:1.0]]
[2022.09.16-17.22.02:811][  0]LogConfig: Setting CVar [[r.ParticleLightQuality:2]]
[2022.09.16-17.22.02:811][  0]LogConfig: Setting CVar [[r.SkyAtmosphere.AerialPerspectiveLUT.FastApplyOnOpaque:1 ; Always have FastSkyLUT 1 in this case to avoid wrong sky]]
[2022.09.16-17.22.02:811][  0]LogConfig: Setting CVar [[r.SkyAtmosphere.AerialPerspectiveLUT.SampleCountMaxPerSlice:4]]
[2022.09.16-17.22.02:811][  0]LogConfig: Setting CVar [[r.SkyAtmosphere.AerialPerspectiveLUT.DepthResolution:16.0]]
[2022.09.16-17.22.02:811][  0]LogConfig: Setting CVar [[r.SkyAtmosphere.FastSkyLUT:1]]
[2022.09.16-17.22.02:811][  0]LogConfig: Setting CVar [[r.SkyAtmosphere.FastSkyLUT.SampleCountMin:4.0]]
[2022.09.16-17.22.02:811][  0]LogConfig: Setting CVar [[r.SkyAtmosphere.FastSkyLUT.SampleCountMax:128.0]]
[2022.09.16-17.22.02:811][  0]LogConfig: Setting CVar [[r.SkyAtmosphere.SampleCountMin:4.0]]
[2022.09.16-17.22.02:811][  0]LogConfig: Setting CVar [[r.SkyAtmosphere.SampleCountMax:128.0]]
[2022.09.16-17.22.02:811][  0]LogConfig: Setting CVar [[r.SkyAtmosphere.TransmittanceLUT.UseSmallFormat:0]]
[2022.09.16-17.22.02:812][  0]LogConfig: Setting CVar [[r.SkyAtmosphere.TransmittanceLUT.SampleCount:10.0]]
[2022.09.16-17.22.02:812][  0]LogConfig: Setting CVar [[r.SkyAtmosphere.MultiScatteringLUT.SampleCount:15.0]]
[2022.09.16-17.22.02:812][  0]LogConfig: Setting CVar [[r.SkyLight.RealTimeReflectionCapture:1]]
[2022.09.16-17.22.02:812][  0]LogConfig: Applying CVar settings from Section [FoliageQuality@3] File [C:/Users/jxwang3/Documents/mp1_complete/Saved/Config/Windows/Scalability.ini]
[2022.09.16-17.22.02:812][  0]LogConfig: Setting CVar [[foliage.DensityScale:1.0]]
[2022.09.16-17.22.02:812][  0]LogConfig: Setting CVar [[grass.DensityScale:1.0]]
[2022.09.16-17.22.02:812][  0]LogConfig: Applying CVar settings from Section [ShadingQuality@3] File [C:/Users/jxwang3/Documents/mp1_complete/Saved/Config/Windows/Scalability.ini]
[2022.09.16-17.22.02:812][  0]LogConfig: Setting CVar [[r.HairStrands.SkyLighting.IntegrationType:2]]
[2022.09.16-17.22.02:812][  0]LogConfig: Setting CVar [[r.HairStrands.SkyAO.SampleCount:4]]
[2022.09.16-17.22.02:812][  0]LogConfig: Setting CVar [[r.HairStrands.Visibility.MSAA.SamplePerPixel:4]]
[2022.09.16-17.22.02:812][  0]LogInit: Selected Device Profile: [Windows]
[2022.09.16-17.22.02:812][  0]LogInit: Applying CVar settings loaded from the selected device profile: [Windows]
[2022.09.16-17.22.02:812][  0]LogHAL: Display: Platform has ~ 16 GB [16885571584 / 17179869184 / 16], which maps to Larger [LargestMinGB=32, LargerMinGB=12, DefaultMinGB=8, SmallerMinGB=6, SmallestMinGB=0)
[2022.09.16-17.22.02:812][  0]LogInit: Going up to parent DeviceProfile []
[2022.09.16-17.22.02:812][  0]LogConfig: Applying CVar settings from Section [ViewDistanceQuality@3] File [C:/Users/jxwang3/Documents/mp1_complete/Saved/Config/Windows/Scalability.ini]
[2022.09.16-17.22.02:812][  0]LogConfig: Setting CVar [[r.SkeletalMeshLODBias:0]]
[2022.09.16-17.22.02:812][  0]LogConfig: Setting CVar [[r.ViewDistanceScale:1.0]]
[2022.09.16-17.22.02:812][  0]LogConfig: Applying CVar settings from Section [AntiAliasingQuality@3] File [C:/Users/jxwang3/Documents/mp1_complete/Saved/Config/Windows/Scalability.ini]
[2022.09.16-17.22.02:812][  0]LogConfig: Setting CVar [[r.PostProcessAAQuality:4]]
[2022.09.16-17.22.02:812][  0]LogConfig: Applying CVar settings from Section [ShadowQuality@3] File [C:/Users/jxwang3/Documents/mp1_complete/Saved/Config/Windows/Scalability.ini]
[2022.09.16-17.22.02:812][  0]LogConfig: Setting CVar [[r.LightFunctionQuality:1]]
[2022.09.16-17.22.02:812][  0]LogConfig: Setting CVar [[r.ShadowQuality:5]]
[2022.09.16-17.22.02:812][  0]LogConfig: Setting CVar [[r.Shadow.CSM.MaxCascades:10]]
[2022.09.16-17.22.02:812][  0]LogConfig: Setting CVar [[r.Shadow.MaxResolution:2048]]
[2022.09.16-17.22.02:812][  0]LogConfig: Setting CVar [[r.Shadow.MaxCSMResolution:2048]]
[2022.09.16-17.22.02:812][  0]LogConfig: Setting CVar [[r.Shadow.RadiusThreshold:0.01]]
[2022.09.16-17.22.02:812][  0]LogConfig: Setting CVar [[r.Shadow.DistanceScale:1.0]]
[2022.09.16-17.22.02:812][  0]LogConfig: Setting CVar [[r.Shadow.CSM.TransitionScale:1.0]]
[2022.09.16-17.22.02:812][  0]LogConfig: Setting CVar [[r.Shadow.PreShadowResolutionFactor:1.0]]
[2022.09.16-17.22.02:812][  0]LogConfig: Setting CVar [[r.DistanceFieldShadowing:1]]
[2022.09.16-17.22.02:812][  0]LogConfig: Setting CVar [[r.DistanceFieldAO:1]]
[2022.09.16-17.22.02:812][  0]LogConfig: Setting CVar [[r.AOQuality:2]]
[2022.09.16-17.22.02:812][  0]LogConfig: Setting CVar [[r.VolumetricFog:1]]
[2022.09.16-17.22.02:812][  0]LogConfig: Setting CVar [[r.VolumetricFog.GridPixelSize:8]]
[2022.09.16-17.22.02:812][  0]LogConfig: Setting CVar [[r.VolumetricFog.GridSizeZ:128]]
[2022.09.16-17.22.02:812][  0]LogConfig: Setting CVar [[r.VolumetricFog.HistoryMissSupersampleCount:4]]
[2022.09.16-17.22.02:812][  0]LogConfig: Setting CVar [[r.LightMaxDrawDistanceScale:1]]
[2022.09.16-17.22.02:812][  0]LogConfig: Setting CVar [[r.CapsuleShadows:1]]
[2022.09.16-17.22.02:812][  0]LogConfig: Applying CVar settings from Section [PostProcessQuality@3] File [C:/Users/jxwang3/Documents/mp1_complete/Saved/Config/Windows/Scalability.ini]
[2022.09.16-17.22.02:812][  0]LogConfig: Setting CVar [[r.MotionBlurQuality:4]]
[2022.09.16-17.22.02:812][  0]LogConfig: Setting CVar [[r.AmbientOcclusionMipLevelFactor:0.4]]
[2022.09.16-17.22.02:812][  0]LogConfig: Setting CVar [[r.AmbientOcclusionMaxQuality:100]]
[2022.09.16-17.22.02:812][  0]LogConfig: Setting CVar [[r.AmbientOcclusionLevels:-1]]
[2022.09.16-17.22.02:812][  0]LogConfig: Setting CVar [[r.AmbientOcclusionRadiusScale:1.0]]
[2022.09.16-17.22.02:812][  0]LogConfig: Setting CVar [[r.DepthOfFieldQuality:2]]
[2022.09.16-17.22.02:812][  0]LogConfig: Setting CVar [[r.RenderTargetPoolMin:400]]
[2022.09.16-17.22.02:812][  0]LogConfig: Setting CVar [[r.LensFlareQuality:2]]
[2022.09.16-17.22.02:812][  0]LogConfig: Setting CVar [[r.SceneColorFringeQuality:1]]
[2022.09.16-17.22.02:812][  0]LogConfig: Setting CVar [[r.EyeAdaptationQuality:2]]
[2022.09.16-17.22.02:812][  0]LogConfig: Setting CVar [[r.BloomQuality:5]]
[2022.09.16-17.22.02:812][  0]LogConfig: Setting CVar [[r.FastBlurThreshold:100]]
[2022.09.16-17.22.02:812][  0]LogConfig: Setting CVar [[r.Upscale.Quality:3]]
[2022.09.16-17.22.02:812][  0]LogConfig: Setting CVar [[r.Tonemapper.GrainQuantization:1]]
[2022.09.16-17.22.02:812][  0]LogConfig: Setting CVar [[r.LightShaftQuality:1]]
[2022.09.16-17.22.02:812][  0]LogConfig: Setting CVar [[r.Filter.SizeScale:1]]
[2022.09.16-17.22.02:812][  0]LogConfig: Setting CVar [[r.Tonemapper.Quality:5]]
[2022.09.16-17.22.02:812][  0]LogConfig: Setting CVar [[r.DOF.Gather.AccumulatorQuality:1        ; higher gathering accumulator quality]]
[2022.09.16-17.22.02:812][  0]LogConfig: Setting CVar [[r.DOF.Gather.PostfilterMethod:1          ; Median3x3 postfilering method]]
[2022.09.16-17.22.02:812][  0]LogConfig: Setting CVar [[r.DOF.Gather.EnableBokehSettings:0       ; no bokeh simulation when gathering]]
[2022.09.16-17.22.02:812][  0]LogConfig: Setting CVar [[r.DOF.Gather.RingCount:4                 ; medium number of samples when gathering]]
[2022.09.16-17.22.02:812][  0]LogConfig: Setting CVar [[r.DOF.Scatter.ForegroundCompositing:1    ; additive foreground scattering]]
[2022.09.16-17.22.02:812][  0]LogConfig: Setting CVar [[r.DOF.Scatter.BackgroundCompositing:2    ; additive background scattering]]
[2022.09.16-17.22.02:812][  0]LogConfig: Setting CVar [[r.DOF.Scatter.EnableBokehSettings:1      ; bokeh simulation when scattering]]
[2022.09.16-17.22.02:812][  0]LogConfig: Setting CVar [[r.DOF.Scatter.MaxSpriteRatio:0.1         ; only a maximum of 10% of scattered bokeh]]
[2022.09.16-17.22.02:812][  0]LogConfig: Setting CVar [[r.DOF.Recombine.Quality:1                ; cheap slight out of focus]]
[2022.09.16-17.22.02:812][  0]LogConfig: Setting CVar [[r.DOF.Recombine.EnableBokehSettings:0    ; no bokeh simulation on slight out of focus]]
[2022.09.16-17.22.02:812][  0]LogConfig: Setting CVar [[r.DOF.TemporalAAQuality:1                ; more stable temporal accumulation]]
[2022.09.16-17.22.02:812][  0]LogConfig: Setting CVar [[r.DOF.Kernel.MaxForegroundRadius:0.025]]
[2022.09.16-17.22.02:812][  0]LogConfig: Setting CVar [[r.DOF.Kernel.MaxBackgroundRadius:0.025]]
[2022.09.16-17.22.02:812][  0]LogConfig: Applying CVar settings from Section [TextureQuality@3] File [C:/Users/jxwang3/Documents/mp1_complete/Saved/Config/Windows/Scalability.ini]
[2022.09.16-17.22.02:813][  0]LogConfig: Setting CVar [[r.Streaming.MipBias:0]]
[2022.09.16-17.22.02:813][  0]LogConfig: Setting CVar [[r.Streaming.AmortizeCPUToGPUCopy:0]]
[2022.09.16-17.22.02:813][  0]LogConfig: Setting CVar [[r.Streaming.MaxNumTexturesToStreamPerFrame:0]]
[2022.09.16-17.22.02:813][  0]LogConfig: Setting CVar [[r.Streaming.Boost:1]]
[2022.09.16-17.22.02:813][  0]LogConfig: Setting CVar [[r.MaxAnisotropy:8]]
[2022.09.16-17.22.02:813][  0]LogConfig: Setting CVar [[r.VT.MaxAnisotropy:8]]
[2022.09.16-17.22.02:813][  0]LogConfig: Setting CVar [[r.Streaming.LimitPoolSizeToVRAM:0]]
[2022.09.16-17.22.02:813][  0]LogConfig: Setting CVar [[r.Streaming.PoolSize:1000]]
[2022.09.16-17.22.02:813][  0]LogConfig: Setting CVar [[r.Streaming.MaxEffectiveScreenSize:0]]
[2022.09.16-17.22.02:813][  0]LogConfig: Applying CVar settings from Section [EffectsQuality@3] File [C:/Users/jxwang3/Documents/mp1_complete/Saved/Config/Windows/Scalability.ini]
[2022.09.16-17.22.02:813][  0]LogConfig: Setting CVar [[r.TranslucencyLightingVolumeDim:64]]
[2022.09.16-17.22.02:813][  0]LogConfig: Setting CVar [[r.RefractionQuality:2]]
[2022.09.16-17.22.02:813][  0]LogConfig: Setting CVar [[r.SSR.Quality:3]]
[2022.09.16-17.22.02:813][  0]LogConfig: Setting CVar [[r.SSR.HalfResSceneColor:0]]
[2022.09.16-17.22.02:813][  0]LogConfig: Setting CVar [[r.SceneColorFormat:4]]
[2022.09.16-17.22.02:813][  0]LogConfig: Setting CVar [[r.DetailMode:2]]
[2022.09.16-17.22.02:813][  0]LogConfig: Setting CVar [[r.TranslucencyVolumeBlur:1]]
[2022.09.16-17.22.02:813][  0]LogConfig: Setting CVar [[r.MaterialQualityLevel:1 ; High quality]]
[2022.09.16-17.22.02:813][  0]LogConfig: Setting CVar [[r.AnisotropicMaterials:1]]
[2022.09.16-17.22.02:813][  0]LogConfig: Setting CVar [[r.SSS.Scale:1]]
[2022.09.16-17.22.02:813][  0]LogConfig: Setting CVar [[r.SSS.SampleSet:2]]
[2022.09.16-17.22.02:813][  0]LogConfig: Setting CVar [[r.SSS.Quality:1]]
[2022.09.16-17.22.02:813][  0]LogConfig: Setting CVar [[r.SSS.HalfRes:0]]
[2022.09.16-17.22.02:813][  0]LogConfig: Setting CVar [[r.SSGI.Quality:3]]
[2022.09.16-17.22.02:813][  0]LogConfig: Setting CVar [[r.EmitterSpawnRateScale:1.0]]
[2022.09.16-17.22.02:813][  0]LogConfig: Setting CVar [[r.ParticleLightQuality:2]]
[2022.09.16-17.22.02:813][  0]LogConfig: Setting CVar [[r.SkyAtmosphere.AerialPerspectiveLUT.FastApplyOnOpaque:1 ; Always have FastSkyLUT 1 in this case to avoid wrong sky]]
[2022.09.16-17.22.02:813][  0]LogConfig: Setting CVar [[r.SkyAtmosphere.AerialPerspectiveLUT.SampleCountMaxPerSlice:4]]
[2022.09.16-17.22.02:813][  0]LogConfig: Setting CVar [[r.SkyAtmosphere.AerialPerspectiveLUT.DepthResolution:16.0]]
[2022.09.16-17.22.02:813][  0]LogConfig: Setting CVar [[r.SkyAtmosphere.FastSkyLUT:1]]
[2022.09.16-17.22.02:813][  0]LogConfig: Setting CVar [[r.SkyAtmosphere.FastSkyLUT.SampleCountMin:4.0]]
[2022.09.16-17.22.02:813][  0]LogConfig: Setting CVar [[r.SkyAtmosphere.FastSkyLUT.SampleCountMax:128.0]]
[2022.09.16-17.22.02:813][  0]LogConfig: Setting CVar [[r.SkyAtmosphere.SampleCountMin:4.0]]
[2022.09.16-17.22.02:813][  0]LogConfig: Setting CVar [[r.SkyAtmosphere.SampleCountMax:128.0]]
[2022.09.16-17.22.02:813][  0]LogConfig: Setting CVar [[r.SkyAtmosphere.TransmittanceLUT.UseSmallFormat:0]]
[2022.09.16-17.22.02:813][  0]LogConfig: Setting CVar [[r.SkyAtmosphere.TransmittanceLUT.SampleCount:10.0]]
[2022.09.16-17.22.02:813][  0]LogConfig: Setting CVar [[r.SkyAtmosphere.MultiScatteringLUT.SampleCount:15.0]]
[2022.09.16-17.22.02:813][  0]LogConfig: Setting CVar [[r.SkyLight.RealTimeReflectionCapture:1]]
[2022.09.16-17.22.02:813][  0]LogConfig: Applying CVar settings from Section [FoliageQuality@3] File [C:/Users/jxwang3/Documents/mp1_complete/Saved/Config/Windows/Scalability.ini]
[2022.09.16-17.22.02:813][  0]LogConfig: Setting CVar [[foliage.DensityScale:1.0]]
[2022.09.16-17.22.02:813][  0]LogConfig: Setting CVar [[grass.DensityScale:1.0]]
[2022.09.16-17.22.02:813][  0]LogConfig: Applying CVar settings from Section [ShadingQuality@3] File [C:/Users/jxwang3/Documents/mp1_complete/Saved/Config/Windows/Scalability.ini]
[2022.09.16-17.22.02:813][  0]LogConfig: Setting CVar [[r.HairStrands.SkyLighting.IntegrationType:2]]
[2022.09.16-17.22.02:813][  0]LogConfig: Setting CVar [[r.HairStrands.SkyAO.SampleCount:4]]
[2022.09.16-17.22.02:813][  0]LogConfig: Setting CVar [[r.HairStrands.Visibility.MSAA.SamplePerPixel:4]]
[2022.09.16-17.22.02:813][  0]LogConfig: Applying CVar settings from Section [Startup] File [../../../Engine/Config/ConsoleVariables.ini]
[2022.09.16-17.22.02:813][  0]LogConfig: Setting CVar [[net.UseAdaptiveNetUpdateFrequency:0]]
[2022.09.16-17.22.02:813][  0]LogConfig: Setting CVar [[p.chaos.AllowCreatePhysxBodies:1]]
[2022.09.16-17.22.02:813][  0]LogConfig: Setting CVar [[fx.SkipVectorVMBackendOptimizations:1]]
[2022.09.16-17.22.02:813][  0]LogConfig: Applying CVar settings from Section [ConsoleVariables] File [C:/Users/jxwang3/Documents/mp1_complete/Saved/Config/Windows/Engine.ini]
[2022.09.16-17.22.02:814][  0]LogConfig: Applying CVar settings from Section [ConsoleVariables] File [C:/Users/jxwang3/Documents/mp1_complete/Saved/Config/Windows/Editor.ini]
[2022.09.16-17.22.02:814][  0]LogInit: Computer: SIEBL-4107-07
[2022.09.16-17.22.02:814][  0]LogInit: User: jxwang3
[2022.09.16-17.22.02:814][  0]LogInit: CPU Page size=4096, Cores=4
[2022.09.16-17.22.02:814][  0]LogInit: High frequency timer resolution =10.000000 MHz
[2022.09.16-17.22.02:814][  0]LogMemory: Memory total: Physical=15.7GB (16GB approx)
[2022.09.16-17.22.02:814][  0]LogMemory: Platform Memory Stats for Windows
[2022.09.16-17.22.02:814][  0]LogMemory: Process Physical Memory: 148.02 MB used, 149.68 MB peak
[2022.09.16-17.22.02:814][  0]LogMemory: Process Virtual Memory: 130.52 MB used, 130.52 MB peak
[2022.09.16-17.22.02:814][  0]LogMemory: Physical Memory: 8268.71 MB used,  7834.62 MB free, 16103.34 MB total
[2022.09.16-17.22.02:814][  0]LogMemory: Virtual Memory: 134206184.00 MB used,  11547.50 MB free, 134217728.00 MB total
[2022.09.16-17.22.02:821][  0]LogWindows: WindowsPlatformFeatures enabled
[2022.09.16-17.22.02:855][  0]LogInit: Physics initialised using underlying interface: PhysX
[2022.09.16-17.22.02:861][  0]LogInit: Using OS detected language (en-US).
[2022.09.16-17.22.02:861][  0]LogInit: Using OS detected locale (en-US).
[2022.09.16-17.22.02:868][  0]LogTextLocalizationManager: No specific localization for 'en-US' exists, so the 'en' localization will be used.
[2022.09.16-17.22.03:082][  0]LogInit: Setting process to per monitor DPI aware
[2022.09.16-17.22.03:102][  0]LogWindowsTextInputMethodSystem: Display: IME system deactivated.
[2022.09.16-17.22.03:122][  0]LogSlate: New Slate User Created.  User Index 0, Is Virtual User: 0
[2022.09.16-17.22.03:122][  0]LogSlate: Slate User Registered.  User Index 0, Is Virtual User: 0
[2022.09.16-17.22.03:329][  0]LogD3D11RHI: Loaded GFSDK_Aftermath_Lib.x64.dll
[2022.09.16-17.22.03:329][  0]LogD3D11RHI: D3D11 min allowed feature level: 11_0
[2022.09.16-17.22.03:329][  0]LogD3D11RHI: D3D11 max allowed feature level: 11_0
[2022.09.16-17.22.03:329][  0]LogD3D11RHI: D3D11 adapters:
[2022.09.16-17.22.03:403][  0]LogD3D11RHI:    0. 'NVIDIA GeForce RTX 2080 Ti' (Feature Level 11_0)
[2022.09.16-17.22.03:403][  0]LogD3D11RHI:       11049/0/8051 MB DedicatedVideo/DedicatedSystem/SharedSystem, Outputs:1, VendorId:0x10de
[2022.09.16-17.22.03:406][  0]LogD3D11RHI:    1. 'Microsoft Basic Render Driver' (Feature Level 11_0)
[2022.09.16-17.22.03:407][  0]LogD3D11RHI:       0/0/8051 MB DedicatedVideo/DedicatedSystem/SharedSystem, Outputs:0, VendorId:0x1414
[2022.09.16-17.22.03:407][  0]LogD3D11RHI: Chosen D3D11 Adapter:
[2022.09.16-17.22.03:407][  0]LogD3D11RHI:     Description : NVIDIA GeForce RTX 2080 Ti
[2022.09.16-17.22.03:407][  0]LogD3D11RHI:     VendorId    : 10de
[2022.09.16-17.22.03:407][  0]LogD3D11RHI:     DeviceId    : 1e04
[2022.09.16-17.22.03:407][  0]LogD3D11RHI:     SubSysId    : 8550103c
[2022.09.16-17.22.03:407][  0]LogD3D11RHI:     Revision    : 00a1
[2022.09.16-17.22.03:407][  0]LogD3D11RHI:     DedicatedVideoMemory : 11585716224 bytes
[2022.09.16-17.22.03:407][  0]LogD3D11RHI:     DedicatedSystemMemory : 0 bytes
[2022.09.16-17.22.03:407][  0]LogD3D11RHI:     SharedSystemMemory : 8442785792 bytes
[2022.09.16-17.22.03:407][  0]LogD3D11RHI:     AdapterLuid : 0 181213
[2022.09.16-17.22.03:414][  0]LogD3D11RHI: Creating new Direct3DDevice
[2022.09.16-17.22.03:414][  0]LogD3D11RHI:     GPU DeviceId: 0x1e04 (for the marketing name, search the web for "GPU Device Id")
[2022.09.16-17.22.03:414][  0]LogWindows: EnumDisplayDevices:
[2022.09.16-17.22.03:414][  0]LogWindows:    0. 'NVIDIA GeForce RTX 2080 Ti' (P:1 D:1)
[2022.09.16-17.22.03:415][  0]LogWindows:    1. 'NVIDIA GeForce RTX 2080 Ti' (P:0 D:0)
[2022.09.16-17.22.03:415][  0]LogWindows:    2. 'NVIDIA GeForce RTX 2080 Ti' (P:0 D:0)
[2022.09.16-17.22.03:416][  0]LogWindows:    3. 'NVIDIA GeForce RTX 2080 Ti' (P:0 D:0)
[2022.09.16-17.22.03:416][  0]LogWindows: DebugString: FoundDriverCount:4 
[2022.09.16-17.22.03:416][  0]LogD3D11RHI:     Adapter Name: NVIDIA GeForce RTX 2080 Ti
[2022.09.16-17.22.03:416][  0]LogD3D11RHI:   Driver Version: 417.58 (internal:25.21.14.1758, unified:417.58)
[2022.09.16-17.22.03:416][  0]LogD3D11RHI:      Driver Date: 12-28-2018
[2022.09.16-17.22.03:416][  0]LogRHI: Texture pool is 7734 MB (70% of 11049 MB)
[2022.09.16-17.22.03:416][  0]LogD3D11RHI: Creating D3DDevice using adapter:
[2022.09.16-17.22.03:416][  0]LogD3D11RHI:     Description : NVIDIA GeForce RTX 2080 Ti
[2022.09.16-17.22.03:416][  0]LogD3D11RHI:     VendorId    : 10de
[2022.09.16-17.22.03:416][  0]LogD3D11RHI:     DeviceId    : 1e04
[2022.09.16-17.22.03:416][  0]LogD3D11RHI:     SubSysId    : 8550103c
[2022.09.16-17.22.03:416][  0]LogD3D11RHI:     Revision    : 00a1
[2022.09.16-17.22.03:416][  0]LogD3D11RHI:     DedicatedVideoMemory : 11585716224 bytes
[2022.09.16-17.22.03:416][  0]LogD3D11RHI:     DedicatedSystemMemory : 0 bytes
[2022.09.16-17.22.03:416][  0]LogD3D11RHI:     SharedSystemMemory : 8442785792 bytes
[2022.09.16-17.22.03:416][  0]LogD3D11RHI:     AdapterLuid : 0 181213
[2022.09.16-17.22.03:475][  0]LogD3D11RHI: RHI has support for 64 bit atomics
[2022.09.16-17.22.03:476][  0]LogD3D11RHI: Async texture creation enabled
[2022.09.16-17.22.03:476][  0]LogD3D11RHI: Array index from any shader is supported
[2022.09.16-17.22.03:518][  0]LogD3D11RHI: HDR output is supported on display 0 (NvId: 0x80061086).
[2022.09.16-17.22.03:540][  0]LogD3D11RHI: GPU Timing Frequency: 1000.000000 (Debug: 2 2)
[2022.09.16-17.22.03:579][  0]LogRHI: GeForceNow SDK initialized: 1
[2022.09.16-17.22.04:083][  0]LogTargetPlatformManager: Display: Loaded TargetPlatform 'AllDesktop'
[2022.09.16-17.22.04:108][  0]LogTargetPlatformManager: Display: Loaded TargetPlatform 'Android'
[2022.09.16-17.22.04:108][  0]LogTargetPlatformManager: Display: Loaded TargetPlatform 'Android_ASTC'
[2022.09.16-17.22.04:108][  0]LogTargetPlatformManager: Display: Loaded TargetPlatform 'Android_DXT'
[2022.09.16-17.22.04:108][  0]LogTargetPlatformManager: Display: Loaded TargetPlatform 'Android_ETC2'
[2022.09.16-17.22.04:108][  0]LogTargetPlatformManager: Display: Loaded TargetPlatform 'AndroidClient'
[2022.09.16-17.22.04:108][  0]LogTargetPlatformManager: Display: Loaded TargetPlatform 'Android_ASTCClient'
[2022.09.16-17.22.04:108][  0]LogTargetPlatformManager: Display: Loaded TargetPlatform 'Android_DXTClient'
[2022.09.16-17.22.04:108][  0]LogTargetPlatformManager: Display: Loaded TargetPlatform 'Android_ETC2Client'
[2022.09.16-17.22.04:108][  0]LogTargetPlatformManager: Display: Loaded TargetPlatform 'Android_Multi'
[2022.09.16-17.22.04:108][  0]LogTargetPlatformManager: Display: Loaded TargetPlatform 'Android_MultiClient'
[2022.09.16-17.22.04:130][  0]LogTargetPlatformManager: Display: Loaded TargetPlatform 'IOSClient'
[2022.09.16-17.22.04:130][  0]LogTargetPlatformManager: Display: Loaded TargetPlatform 'IOS'
[2022.09.16-17.22.04:141][  0]LogTargetPlatformManager: Display: Loaded TargetPlatform 'Linux'
[2022.09.16-17.22.04:146][  0]LogTargetPlatformManager: Display: Loaded TargetPlatform 'LinuxNoEditor'
[2022.09.16-17.22.04:152][  0]LogTargetPlatformManager: Display: Loaded TargetPlatform 'LinuxClient'
[2022.09.16-17.22.04:157][  0]LogTargetPlatformManager: Display: Loaded TargetPlatform 'LinuxServer'
[2022.09.16-17.22.04:168][  0]LogTargetPlatformManager: Display: Loaded TargetPlatform 'LinuxAArch64NoEditor'
[2022.09.16-17.22.04:173][  0]LogTargetPlatformManager: Display: Loaded TargetPlatform 'LinuxAArch64Client'
[2022.09.16-17.22.04:178][  0]LogTargetPlatformManager: Display: Loaded TargetPlatform 'LinuxAArch64Server'
[2022.09.16-17.22.04:204][  0]LogTargetPlatformManager: Display: Loaded TargetPlatform 'Lumin'
[2022.09.16-17.22.04:204][  0]LogTargetPlatformManager: Display: Loaded TargetPlatform 'LuminClient'
[2022.09.16-17.22.04:214][  0]LogTargetPlatformManager: Display: Loaded TargetPlatform 'MacNoEditor'
[2022.09.16-17.22.04:219][  0]LogTargetPlatformManager: Display: Loaded TargetPlatform 'Mac'
[2022.09.16-17.22.04:224][  0]LogTargetPlatformManager: Display: Loaded TargetPlatform 'MacClient'
[2022.09.16-17.22.04:229][  0]LogTargetPlatformManager: Display: Loaded TargetPlatform 'MacServer'
[2022.09.16-17.22.04:241][  0]LogTargetPlatformManager: Display: Loaded TargetPlatform 'TVOSClient'
[2022.09.16-17.22.04:241][  0]LogTargetPlatformManager: Display: Loaded TargetPlatform 'TVOS'
[2022.09.16-17.22.04:251][  0]LogTargetPlatformManager: Display: Loaded TargetPlatform 'WindowsNoEditor'
[2022.09.16-17.22.04:257][  0]LogTargetPlatformManager: Display: Loaded TargetPlatform 'Windows'
[2022.09.16-17.22.04:262][  0]LogTargetPlatformManager: Display: Loaded TargetPlatform 'WindowsClient'
[2022.09.16-17.22.04:267][  0]LogTargetPlatformManager: Display: Loaded TargetPlatform 'WindowsServer'
[2022.09.16-17.22.04:267][  0]LogTargetPlatformManager: Display: Building Assets For Windows
[2022.09.16-17.22.04:278][  0]LogAudioDebug: Display: Lib vorbis DLL was dynamically loaded.
[2022.09.16-17.22.04:321][  0]LogTextureFormatOodle: Display: Oodle Texture 2.9.0 init RDO Off
[2022.09.16-17.22.04:362][  0]LogRendererCore: Ray tracing is disabled. Reason: r.RayTracing=0.
[2022.09.16-17.22.04:362][  0]LogShaderCompilers: Guid format shader working directory is -6 characters bigger than the processId version (../../../../../../Users/jxwang3/Documents/mp1_complete/Intermediate/Shaders/WorkingDirectory/4560/).
[2022.09.16-17.22.04:363][  0]LogShaderCompilers: Cleaned the shader compiler working directory 'C:/Users/jxwang3/AppData/Local/Temp/UnrealShaderWorkingDir/141F118E459752B704F5839D374E2B20/'.
[2022.09.16-17.22.04:363][  0]LogXGEController: Cannot use XGE Controller as Incredibuild is not installed on this machine.
[2022.09.16-17.22.04:363][  0]LogShaderCompilers: Cannot use XGE Shader Compiler as Incredibuild is not installed on this machine.
[2022.09.16-17.22.04:363][  0]LogShaderCompilers: Display: Using Local Shader Compiler.
[2022.09.16-17.22.05:182][  0]LogDerivedDataCache: Display: Max Cache Size: 512 MB
[2022.09.16-17.22.05:245][  0]LogDerivedDataCache: Loaded boot cache 0.06s 94MB C:/Users/jxwang3/AppData/Local/UnrealEngine/4.27/DerivedDataCache/Boot.ddc.
[2022.09.16-17.22.05:245][  0]LogDerivedDataCache: Display: Loaded Boot cache: C:/Users/jxwang3/AppData/Local/UnrealEngine/4.27/DerivedDataCache/Boot.ddc
[2022.09.16-17.22.05:245][  0]LogDerivedDataCache: FDerivedDataBackendGraph:  Pak pak cache file ../../../../../../Users/jxwang3/Documents/mp1_complete/DerivedDataCache/DDC.ddp not found, will not use a pak cache.
[2022.09.16-17.22.05:245][  0]LogDerivedDataCache: Unable to find inner node Pak for hierarchical cache Hierarchy.
[2022.09.16-17.22.05:245][  0]LogDerivedDataCache: FDerivedDataBackendGraph:  CompressedPak pak cache file ../../../../../../Users/jxwang3/Documents/mp1_complete/DerivedDataCache/Compressed.ddp not found, will not use a pak cache.
[2022.09.16-17.22.05:245][  0]LogDerivedDataCache: Unable to find inner node CompressedPak for hierarchical cache Hierarchy.
[2022.09.16-17.22.05:262][  0]LogDerivedDataCache: Display: Pak cache opened for reading ../../../Engine/DerivedDataCache/Compressed.ddp.
[2022.09.16-17.22.05:263][  0]LogDerivedDataCache: FDerivedDataBackendGraph:  EnterprisePak pak cache file ../../../Enterprise/DerivedDataCache/Compressed.ddp not found, will not use a pak cache.
[2022.09.16-17.22.05:263][  0]LogDerivedDataCache: Unable to find inner node EnterprisePak for hierarchical cache Hierarchy.
[2022.09.16-17.22.05:282][  0]LogDerivedDataCache: Speed tests for C:/Users/jxwang3/AppData/Local/UnrealEngine/Common/DerivedDataCache took 0.02 seconds
[2022.09.16-17.22.05:282][  0]LogDerivedDataCache: Display: Performance to C:/Users/jxwang3/AppData/Local/UnrealEngine/Common/DerivedDataCache: Latency=0.03ms. RandomReadSpeed=529.95MBs, RandomWriteSpeed=53.89MBs. Assigned SpeedClass 'Local'
[2022.09.16-17.22.05:283][  0]LogDerivedDataCache: Using Local data cache path C:/Users/jxwang3/AppData/Local/UnrealEngine/Common/DerivedDataCache: Writable
[2022.09.16-17.22.05:283][  0]LogDerivedDataCache: Shared data cache path not found in *engine.ini, will not use an Shared cache.
[2022.09.16-17.22.05:283][  0]LogDerivedDataCache: Unable to find inner node Shared for hierarchical cache Hierarchy.
[2022.09.16-17.22.05:339][  0]LogSlate: Using FreeType 2.10.0
[2022.09.16-17.22.05:340][  0]LogSlate: SlateFontServices - WITH_FREETYPE: 1, WITH_HARFBUZZ: 1
[2022.09.16-17.22.05:370][  0]LogAssetRegistry: FAssetRegistry took 0.0035 seconds to start up
[2022.09.16-17.22.05:645][  0]LogInit: Selected Device Profile: [Windows]
[2022.09.16-17.22.05:645][  0]LogInit: Active device profile: [0000027C4E9A0900][0000027C4CD3D740 49] Windows
[2022.09.16-17.22.05:645][  0]LogInit: Profiles: [0000027C4E9A0900][0000027C4CD3D740 49] Windows, [0000027C4E957800][0000027C4EF3D8C0 49] WindowsNoEditor, [0000027C4E9A3500][0000027C4EF41A40 49] WindowsServer, [0000027C4E954E00][0000027C4EF45BC0 49] WindowsClient, [0000027C4E9A3800][0000027C4EF481C0 49] IOS, [0000027C4E956800][0000027C4EF4C340 49] iPadAir, [0000027C4E9A2000][0000027C4EF504C0 49] iPadAir2, [0000027C4E900A00][0000027C4EF38740 49] IPadPro, [0000027C4E900B00][0000027C4EF54780 49] iPadAir3, [0000027C4E955900][0000027C4EF588C0 49] iPadAir4, [0000027C4E903400][0000027C4EF5CA00 49] iPadMini2, [0000027C4E956A00][0000027C4EF60B40 49] iPadMini3, [0000027C4E901700][0000027C4EF68CC0 49] iPadMini4, [0000027C4E9A1100][0000027C4EF6CE40 49] iPadMini5, [0000027C4E920300][0000027C4EF75100 49] iPhone6, [0000027C4E920400][0000027C4EF71140 49] iPodTouch6, [0000027C4E8E7F00][0000027C4EF7D400 49] iPhone7, [0000027C4E8E7E00][0000027C4EF79440 49] iPodTouch7, [0000027C4E956000][0000027C4EF815C0 49] iPhone5S, [0000027C4E8E5A00][0000027C4EF85740 49] iPhone6Plus, [0000027C4E920200][0000027C4EF898C0 49] iPhone6S, [0000027C4E8E4600][0000027C4EF8DA40 49] iPhone6SPlus, [0000027C4E922900][0000027C4EF91BC0 49] iPhone7Plus, [0000027C4E8E7100][0000027C4EF941C0 49] iPhoneSE, [0000027C4E922200][0000027C4EF98340 49] iPhone8, [0000027C4E8E7B00][0000027C4EF9C4C0 49] iPhone8Plus, [0000027C4E920A00][0000027C4EFA0640 49] iPhoneX, [0000027C4E8E5400][0000027C4EFA47C0 49] iPhoneXS, [0000027C4E923900][0000027C4EFA8940 49] iPhoneXSMax, [0000027C4E8E4900][0000027C4EF64A80 49] iPhoneXR, [0000027C4E922F00][0000027C4EFACBC0 49] iPhone11, [0000027C4E8E5300][0000027C4EFB0D00 49] iPhone11Pro, [0000027C4E921000][0000027C4EFB8E80 49] iPhone11ProMax, [0000027C4E8E6A00][0000027C4EFBD000 49] iPhoneSE2, [0000027C4E921400][0000027C4EFC1180 49] iPhone12Mini, [0000027C4E8E6400][0000027C4EFC5300 49] iPhone12, [0000027C4E920D00][0000027C4EFC9480 49] iPhone12Pro, [0000027C4E8E6B00][0000027C4EFCD600 49] iPhone12ProMax, [0000027C4E923000][0000027C4EFD1780 49] iPadPro105, [0000027C4E8E4700][0000027C4EFD5900 49] iPadPro129, [0000027C4E922800][0000027C4EFD9A80 49] iPadPro97, [0000027C4E8E6600][0000027C4EFDDC00 49] iPadPro2_129, [0000027C4E923C00][0000027C4EFE0200 49] iPad5, [0000027C4E8E6200][0000027C4EFE4380 49] iPad6, [0000027C4E920F00][0000027C4EFE8500 49] iPad7, [0000027C4E8E6D00][0000027C4EFEC680 49] iPad8, [0000027C4E921100][0000027C4EFF0800 49] iPadPro11, [0000027C4E8E5600][0000027C4EFF4980 49] iPadPro2_11, [0000027C4E923400][0000027C4EFF8B00 49] iPadPro3_129, [0000027C4E8E6800][0000027C4EFB4C40 49] iPadPro4_129, [0000027C4E923A00][0000027C4EFFCD80 49] AppleTV, [0000027C4E8E6100][0000027C4F000EC0 49] AppleTV4K, [0000027C4E921F00][0000027C4F009040 49] TVOS, [0000027C4E8E7400][0000027C4F00D1C0 49] Mac, [0000027C4E923800][0000027C4F011340 49] MacClient, [0000027C4E8E5E00][0000027C4F0154C0 49] MacNoEditor, [0000027C4E923F00][0000027C4F019640 49] MacServer, [0000027C4E8E7500][0000027C4F01D7C0 49] Linux, [0000027C4E920C00][0000027C4F021940 49] LinuxAArch64, [0000027C4E8E6F00][0000027C4F025AC0 49] LinuxNoEditor, [0000027C4E920B00][0000027C4F0280C0 49] LinuxAArch64NoEditor, [0000027C4E8E7700][0000027C4F02C240 49] LinuxClient, [0000027C4E921A00][0000027C4F0303C0 49] LinuxAArch64Client, [0000027C4E8E5000][0000027C4F034540 49] LinuxServer, [0000027C4E922500][0000027C4F0386C0 49] LinuxAArch64Server, [0000027C4E8E5900][0000027C4F03C840 49] Android, [0000027C4E921300][0000027C4F0409C0 49] Android_Low, [0000027C4E8E6700][0000027C4F044B40 49] Android_Mid, [0000027C4E922B00][0000027C4F048CC0 49] Android_High, [0000027C4E8E7800][0000027C4F004E00 49] Android_Default, [0000027C4E921600][0000027C4F04CF40 49] Android_Adreno4xx, [0000027C4E8E5500][0000027C4F051080 49] Android_Adreno5xx_Low, [0000027C4E903600][0000027C4F0551C0 49] Android_Adreno5xx, [0000027C4E955800][0000027C4F05D340 49] Android_Adreno6xx, [0000027C4E901200][0000027C4F0614C0 49] Android_Adreno6xx_Vulkan, [0000027C4E957C00][0000027C4F085640 49] Android_Mali_T6xx, [0000027C4E901100][0000027C4F1057C0 49] Android_Mali_T7xx, [0000027C4E955600][0000027C4F111940 49] Android_Mali_T8xx, [0000027C4E901E00][0000027C4F12DAC0 49] Android_Mali_G71, [0000027C4E954500][0000027C4F1300C0 49] Android_Mali_G72, [0000027C4E900800][0000027C4F134240 49] Android_Mali_G72_Vulkan, [0000027C4E955300][0000027C4F1383C0 49] Android_Mali_G76, [0000027C4E900100][0000027C4F144540 49] Android_Mali_G76_Vulkan, [0000027C4E955F00][0000027C4F1486C0 49] Android_Mali_G77, [0000027C4E901000][0000027C4F14C840 49] Android_Mali_G77_Vulkan, [0000027C4E954A00][0000027C4CAFC9C0 49] Android_Mali_G78, [0000027C4E902C00][0000027C4CB08B40 49] Android_Mali_G78_Vulkan, [0000027C4E957600][0000027C46D58CC0 49] Android_Mali_G710, [0000027C4E902A00][0000027C46D72E40 49] Android_Mali_G710_Vulkan, [0000027C4E957F00][0000027C4F058F80 49] Android_Vulkan_SM5, [0000027C4E903B00][0000027C46D770C0 49] Android_PowerVR_G6xxx, [0000027C4E957B00][0000027C46D7B200 49] Android_PowerVR_GT7xxx, [0000027C4E903900][0000027C46D7F340 49] Android_PowerVR_GE8xxx, [0000027C4E954C00][0000027C46D874C0 49] Android_PowerVR_GM9xxx, [0000027C4E902700][0000027C4CB05640 49] Android_PowerVR_GM9xxx_Vulkan, [0000027C4E956700][0000027C46D8B7C0 49] Android_TegraK1, [0000027C4E900900][0000027C461B1940 49] Android_Unknown_Vulkan, [0000027C4E955D00][0000027C461B5AC0 49] Lumin, [0000027C4E900500][0000027C4F5340C0 49] Lumin_Desktop, [0000027C4E957300][0000027C4CB94240 49] HoloLens, 
[2022.09.16-17.22.05:790][  0]LogMeshReduction: Using QuadricMeshReduction for automatic static mesh reduction
[2022.09.16-17.22.05:790][  0]LogMeshReduction: Using SimplygonMeshReduction for automatic skeletal mesh reduction
[2022.09.16-17.22.05:790][  0]LogMeshReduction: Using ProxyLODMeshReduction for automatic mesh merging
[2022.09.16-17.22.05:791][  0]LogMeshReduction: No distributed automatic mesh merging module available
[2022.09.16-17.22.05:791][  0]LogMeshMerging: No distributed automatic mesh merging module available
[2022.09.16-17.22.05:809][  0]LogNetVersion: InfiniteMatrix 1.0.0, NetCL: 17155196, EngineNetVer: 17, GameNetVer: 0 (Checksum: 1551001080)
[2022.09.16-17.22.06:245][  0]LogTexture: Default maximum texture size for cubemaps generated from long-lat sources has been changed from 512 to unlimited. In order to preserve old behaiour for '/Engine/MapTemplates/Sky/DaylightAmbientCubemap.DaylightAmbientCubemap', its maximum texture size has been explicitly set to 512.
[2022.09.16-17.22.06:306][  0]LogHMD: PokeAHoleMaterial loaded successfully
[2022.09.16-17.22.06:313][  0]LogUObjectArray: 17178 objects as part of root set at end of initial load.
[2022.09.16-17.22.06:313][  0]LogUObjectAllocator: 4302048 out of 0 bytes used by permanent object pool.
[2022.09.16-17.22.06:313][  0]LogUObjectArray: CloseDisregardForGC: 0/0 objects in disregard for GC pool
[2022.09.16-17.22.06:644][  0]LogNiagaraDebuggerClient: Niagara Debugger Client Initialized | Session: 482069D04285C0BD5626C189EB4C7E5E | Instance: 4A522C024D48722664860A9E1412A745 (SIEBL-4107-07-4560).
[2022.09.16-17.22.06:686][  0]LogPython: Using Python 3.7.7
[2022.09.16-17.22.07:385][  0]LogTcpMessaging: Initializing TcpMessaging bridge
[2022.09.16-17.22.07:391][  0]LogUdpMessaging: Initializing bridge on interface 0.0.0.0:0 to multicast group 230.0.0.1:6666.
[2022.09.16-17.22.07:598][  0]SourceControl: Source control is disabled
[2022.09.16-17.22.07:598][  0]SourceControl: Source control is disabled
[2022.09.16-17.22.07:602][  0]SourceControl: Source control is disabled
[2022.09.16-17.22.07:606][  0]SourceControl: Source control is disabled
[2022.09.16-17.22.07:618][  0]SourceControl: Source control is disabled
[2022.09.16-17.22.07:626][  0]LogUProjectInfo: Found projects:
[2022.09.16-17.22.07:870][  0]LogOpenImageDenoise: OIDN starting up
[2022.09.16-17.22.07:937][  0]LogAndroidPermission: UAndroidPermissionCallbackProxy::GetInstance
[2022.09.16-17.22.07:966][  0]LogAudioCaptureCore: Display: No Audio Capture implementations found. Audio input will be silent.
[2022.09.16-17.22.07:966][  0]LogAudioCaptureCore: Display: No Audio Capture implementations found. Audio input will be silent.
[2022.09.16-17.22.08:108][  0]LogCollectionManager: Loaded 0 collections in 0.001916 seconds
[2022.09.16-17.22.08:136][  0]LogFileCache: Scanning file cache for directory 'C:/Users/jxwang3/Documents/mp1_complete/Saved/Collections/' took 0.00s
[2022.09.16-17.22.08:136][  0]LogFileCache: Scanning file cache for directory 'C:/Users/jxwang3/Documents/mp1_complete/Content/Developers/jxwang3/Collections/' took 0.00s
[2022.09.16-17.22.08:136][  0]LogFileCache: Scanning file cache for directory 'C:/Users/jxwang3/Documents/mp1_complete/Content/Collections/' took 0.00s
[2022.09.16-17.22.08:136][  0]LogOcInput: OculusInput pre-init called
[2022.09.16-17.22.08:407][  0]LogEngine: Initializing Engine...
[2022.09.16-17.22.08:408][  0]LogHMD: PokeAHoleMaterial loaded successfully
[2022.09.16-17.22.08:408][  0]LogHMD: Initializing OVRPlugin session
[2022.09.16-17.22.08:681][  0]LogHMD: Allocating Oculus 3200 x 1600 rendertarget swapchain
[2022.09.16-17.22.08:681][  0]LogHMD: Oculus plugin initialized. Version: 4.27.2-18319896+++UE4+Release-4.27, OVRPlugin: 1.59.0
[2022.09.16-17.22.08:682][  0]LogStats: UGameplayTagsManager::InitializeManager -  0.000 s
[2022.09.16-17.22.08:808][  0]LogInit: Initializing FReadOnlyCVARCache
[2022.09.16-17.22.08:818][  0]LogAIModule: Creating AISystem for world Untitled
[2022.09.16-17.22.08:832][  0]LogAudio: Display: Initializing Audio Device Manager...
[2022.09.16-17.22.08:837][  0]LogAudio: Display: Loading Default Audio Settings Objects...
[2022.09.16-17.22.08:837][  0]LogAudio: Display: No default SoundConcurrencyObject specified (or failed to load).
[2022.09.16-17.22.08:838][  0]LogAudio: Display: Audio Device Manager Initialized
[2022.09.16-17.22.08:838][  0]LogAudio: Display: Creating Audio Device:                 Id: 1, Scope: Shared, Realtime: True
[2022.09.16-17.22.08:838][  0]LogAudioMixer: Display: Audio Mixer Platform Settings:
[2022.09.16-17.22.08:838][  0]LogAudioMixer: Display: 	Sample Rate:						  48000
[2022.09.16-17.22.08:838][  0]LogAudioMixer: Display: 	Callback Buffer Frame Size Requested: 1024
[2022.09.16-17.22.08:838][  0]LogAudioMixer: Display: 	Callback Buffer Frame Size To Use:	  1024
[2022.09.16-17.22.08:838][  0]LogAudioMixer: Display: 	Number of buffers to queue:			  2
[2022.09.16-17.22.08:838][  0]LogAudioMixer: Display: 	Max Channels (voices):				  32
[2022.09.16-17.22.08:838][  0]LogAudioMixer: Display: 	Number of Async Source Workers:		  0
[2022.09.16-17.22.08:838][  0]LogAudio: Display: AudioDevice MaxSources: 32
[2022.09.16-17.22.08:838][  0]LogAudio: Display: Audio Spatialization Plugin: None (built-in).
[2022.09.16-17.22.08:838][  0]LogAudio: Display: Audio Reverb Plugin: None (built-in).
[2022.09.16-17.22.08:839][  0]LogAudio: Display: Audio Occlusion Plugin: None (built-in).
[2022.09.16-17.22.08:839][  0]LogAudioMixer: Display: Initializing audio mixer.
[2022.09.16-17.22.08:859][  0]LogAudioMixer: Display: 0: FrontLeft
[2022.09.16-17.22.08:859][  0]LogAudioMixer: Display: 1: FrontRight
[2022.09.16-17.22.08:915][  0]LogAudioMixer: Display: Using Audio Device DELL S2721DGF (NVIDIA High Definition Audio)
[2022.09.16-17.22.08:919][  0]LogAudioMixer: Display: Initializing Sound Submixes...
[2022.09.16-17.22.08:922][  0]LogAudioMixer: Display: Creating Master Submix 'MasterSubmixDefault'
[2022.09.16-17.22.08:922][  0]LogAudioMixer: Display: Creating Master Submix 'MasterReverbSubmixDefault'
[2022.09.16-17.22.08:923][  0]LogAudioMixer: Display: Creating Master Submix 'MasterEQSubmixDefault'
[2022.09.16-17.22.08:923][  0]LogAudioMixer: FMixerPlatformXAudio2::StartAudioStream() called
[2022.09.16-17.22.08:923][  0]LogAudioMixer: Display: Output buffers initialized: Frames=1024, Channels=2, Samples=2048
[2022.09.16-17.22.08:924][  0]LogAudioMixer: Display: Starting AudioMixerPlatformInterface::RunInternal()
[2022.09.16-17.22.08:924][  0]LogAudioMixer: Display: FMixerPlatformXAudio2::SubmitBuffer() called for the first time
[2022.09.16-17.22.08:924][  0]LogInit: FAudioDevice initialized.
[2022.09.16-17.22.08:924][  0]LogAudio: Display: Audio Device (ID: 1) registered with world 'Untitled'.
[2022.09.16-17.22.08:924][  0]LogNetVersion: Set ProjectVersion to 1.0.0.0. Version Checksum will be recalculated on next use.
[2022.09.16-17.22.08:982][  0]LogDerivedDataCache: Saved boot cache 0.06s 94MB C:/Users/jxwang3/AppData/Local/UnrealEngine/4.27/DerivedDataCache/Boot.ddc.
[2022.09.16-17.22.08:983][  0]LogInit: Texture streaming: Enabled
[2022.09.16-17.22.08:998][  0]LogAnalytics: Display: [UEEditor.Rocket.Release] APIServer = https://datarouter.ol.epicgames.com/. AppVersion = 4.27.2-18319896+++UE4+Release-4.27
[2022.09.16-17.22.09:005][  0]LogEngineSessionManager: EngineSessionManager initialized
[2022.09.16-17.22.09:005][  0]LogEditorSessionSummary: Verbose: Initializing EditorSessionSummaryWriter for editor session tracking
[2022.09.16-17.22.09:012][  0]LogEditorSessionSummary: EditorSessionSummaryWriter initialized
[2022.09.16-17.22.09:054][  0]LogInit: Transaction tracking system initialized
[2022.09.16-17.22.09:080][  0]BlueprintLog: New page: Editor Load
[2022.09.16-17.22.09:161][  0]LocalizationService: Localization service is disabled
[2022.09.16-17.22.09:190][  0]TimingProfiler: Initialize
[2022.09.16-17.22.09:190][  0]TimingProfiler: OnSessionChanged
[2022.09.16-17.22.09:190][  0]LoadingProfiler: Initialize
[2022.09.16-17.22.09:190][  0]LoadingProfiler: OnSessionChanged
[2022.09.16-17.22.09:190][  0]NetworkingProfiler: Initialize
[2022.09.16-17.22.09:190][  0]NetworkingProfiler: OnSessionChanged
[2022.09.16-17.22.09:190][  0]MemoryProfiler: Initialize
[2022.09.16-17.22.09:190][  0]MemoryProfiler: OnSessionChanged
[2022.09.16-17.22.09:364][  0]LogCook: Display: CookSettings for Memory: MemoryMaxUsedVirtual 0MiB, MemoryMaxUsedPhysical 16384MiB, MemoryMinFreeVirtual 0MiB, MemoryMinFreePhysical 1024MiB
[2022.09.16-17.22.09:364][  0]LogCook: Display: Mobile HDR setting 1
[2022.09.16-17.22.09:624][  0]LogFileCache: Scanning file cache for directory 'C:/Users/jxwang3/Documents/mp1_complete/Content/' took 0.00s
[2022.09.16-17.22.09:858][  0]LogInit: Display: Engine is initialized. Leaving FEngineLoop::Init()
[2022.09.16-17.22.09:865][  0]SourceControl: Source control is disabled
[2022.09.16-17.22.09:865][  0]LogUnrealEdMisc: Loading editor; pre map load, took 9.170
[2022.09.16-17.22.09:865][  0]Cmd: MAP LOAD FILE="../../../../../../Users/jxwang3/Documents/mp1_complete/Content/InfiniteMatrix/Maps/TutorialMap.umap" TEMPLATE=0 SHOWPROGRESS=1 FEATURELEVEL=3
[2022.09.16-17.22.09:866][  0]LightingResults: New page: Lighting Build
[2022.09.16-17.22.09:867][  0]LogWorld: UWorld::CleanupWorld for Untitled, bSessionEnded=true, bCleanupResources=true
[2022.09.16-17.22.09:868][  0]LogSlate: InvalidateAllWidgets triggered.  All widgets were invalidated
[2022.09.16-17.22.09:868][  0]MapCheck: New page: Map Check
[2022.09.16-17.22.09:868][  0]LightingResults: New page: Lighting Build
[2022.09.16-17.22.09:874][  0]LogAudio: Display: Audio Device unregistered from world 'None'.
[2022.09.16-17.22.09:877][  0]LogUObjectHash: Compacting FUObjectHashTables data took   0.85ms
[2022.09.16-17.22.10:012][  0]LogAudio: Display: Audio Device (ID: 1) registered with world 'TutorialMap'.
[2022.09.16-17.22.10:013][  0]LogAIModule: Creating AISystem for world TutorialMap
[2022.09.16-17.22.10:016][  0]LogEditorServer: Finished looking for orphan Actors (0.000 secs)
[2022.09.16-17.22.10:024][  0]LogUObjectHash: Compacting FUObjectHashTables data took   0.90ms
[2022.09.16-17.22.10:024][  0]Cmd: MAP CHECKDEP NOCLEARLOG
[2022.09.16-17.22.10:025][  0]MapCheck: Map check complete: 0 Error(s), 0 Warning(s), took 0.18ms to complete.
[2022.09.16-17.22.10:025][  0]LogFileHelpers: Loading map 'TutorialMap' took 0.159
[2022.09.16-17.22.10:027][  0]LogUnrealEdMisc: Total Editor Startup Time, took 9.331
[2022.09.16-17.22.10:147][  0]LogSlate: Updating window title bar state: overlay mode, drag disabled, window buttons hidden, title bar hidden
[2022.09.16-17.22.10:153][  0]LogSlate: Updating window title bar state: overlay mode, drag disabled, window buttons hidden, title bar hidden
[2022.09.16-17.22.10:159][  0]LogSlate: Updating window title bar state: overlay mode, drag disabled, window buttons hidden, title bar hidden
[2022.09.16-17.22.10:165][  0]LogSlate: Updating window title bar state: overlay mode, drag disabled, window buttons hidden, title bar hidden
[2022.09.16-17.22.10:182][  0]LogNativeClassHierarchy: Verbose: Native class hierarchy populated in 0.0097 seconds. Added 3822 classes and 928 folders.
[2022.09.16-17.22.10:184][  0]LogNativeClassHierarchy: Verbose: Native class hierarchy updated for 'WidgetCarousel' in 0.0003 seconds. Added 0 classes and 0 folders.
[2022.09.16-17.22.10:186][  0]LogPakFile: PakFile PrimaryIndexSize=187
[2022.09.16-17.22.10:186][  0]LogPakFile: PakFile PathHashIndexSize=101
[2022.09.16-17.22.10:186][  0]LogPakFile: PakFile FullDirectoryIndexSize=148
[2022.09.16-17.22.10:186][  0]LogShaderLibrary: Display: ShaderCodeLibraryPakFileMountedCallback: PakFile 'C:/Program Files/Epic Games/UE_4.27/FeaturePacks/FP_FirstPerson.upack' (chunk index -1, root 'root:/') mounted
[2022.09.16-17.22.10:186][  0]LogShaderLibrary: Display: ShaderCodeLibraryPakFileMountedCallback: pending pak file info (ChunkID:-1 Root:root:/ File:C:/Program Files/Epic Games/UE_4.27/FeaturePacks/FP_FirstPerson.upack)
[2022.09.16-17.22.10:186][  0]LogPakFile: OnPakFileMounted2Time == 0.000060
[2022.09.16-17.22.10:187][  0]LogPakFile: PakFile PrimaryIndexSize=189
[2022.09.16-17.22.10:187][  0]LogPakFile: PakFile PathHashIndexSize=101
[2022.09.16-17.22.10:187][  0]LogPakFile: PakFile FullDirectoryIndexSize=152
[2022.09.16-17.22.10:187][  0]LogShaderLibrary: Display: ShaderCodeLibraryPakFileMountedCallback: PakFile 'C:/Program Files/Epic Games/UE_4.27/FeaturePacks/FP_FirstPersonBP.upack' (chunk index -1, root 'root:/') mounted
[2022.09.16-17.22.10:187][  0]LogShaderLibrary: Display: ShaderCodeLibraryPakFileMountedCallback: pending pak file info (ChunkID:-1 Root:root:/ File:C:/Program Files/Epic Games/UE_4.27/FeaturePacks/FP_FirstPersonBP.upack)
[2022.09.16-17.22.10:187][  0]LogPakFile: OnPakFileMounted2Time == 0.000043
[2022.09.16-17.22.10:188][  0]LogPakFile: PakFile PrimaryIndexSize=191
[2022.09.16-17.22.10:188][  0]LogPakFile: PakFile PathHashIndexSize=101
[2022.09.16-17.22.10:188][  0]LogPakFile: PakFile FullDirectoryIndexSize=160
[2022.09.16-17.22.10:188][  0]LogShaderLibrary: Display: ShaderCodeLibraryPakFileMountedCallback: PakFile 'C:/Program Files/Epic Games/UE_4.27/FeaturePacks/MobileStarterContent.upack' (chunk index -1, root 'root:/') mounted
[2022.09.16-17.22.10:188][  0]LogShaderLibrary: Display: ShaderCodeLibraryPakFileMountedCallback: pending pak file info (ChunkID:-1 Root:root:/ File:C:/Program Files/Epic Games/UE_4.27/FeaturePacks/MobileStarterContent.upack)
[2022.09.16-17.22.10:188][  0]LogPakFile: OnPakFileMounted2Time == 0.000037
[2022.09.16-17.22.10:189][  0]LogPakFile: PakFile PrimaryIndexSize=185
[2022.09.16-17.22.10:189][  0]LogPakFile: PakFile PathHashIndexSize=101
[2022.09.16-17.22.10:189][  0]LogPakFile: PakFile FullDirectoryIndexSize=148
[2022.09.16-17.22.10:189][  0]LogShaderLibrary: Display: ShaderCodeLibraryPakFileMountedCallback: PakFile 'C:/Program Files/Epic Games/UE_4.27/FeaturePacks/StarterContent.upack' (chunk index -1, root 'root:/') mounted
[2022.09.16-17.22.10:189][  0]LogShaderLibrary: Display: ShaderCodeLibraryPakFileMountedCallback: pending pak file info (ChunkID:-1 Root:root:/ File:C:/Program Files/Epic Games/UE_4.27/FeaturePacks/StarterContent.upack)
[2022.09.16-17.22.10:189][  0]LogPakFile: OnPakFileMounted2Time == 0.000039
[2022.09.16-17.22.10:189][  0]LogPakFile: PakFile PrimaryIndexSize=190
[2022.09.16-17.22.10:189][  0]LogPakFile: PakFile PathHashIndexSize=101
[2022.09.16-17.22.10:189][  0]LogPakFile: PakFile FullDirectoryIndexSize=154
[2022.09.16-17.22.10:190][  0]LogShaderLibrary: Display: ShaderCodeLibraryPakFileMountedCallback: PakFile 'C:/Program Files/Epic Games/UE_4.27/FeaturePacks/TP_2DSideScroller.upack' (chunk index -1, root 'root:/') mounted
[2022.09.16-17.22.10:190][  0]LogShaderLibrary: Display: ShaderCodeLibraryPakFileMountedCallback: pending pak file info (ChunkID:-1 Root:root:/ File:C:/Program Files/Epic Games/UE_4.27/FeaturePacks/TP_2DSideScroller.upack)
[2022.09.16-17.22.10:190][  0]LogPakFile: OnPakFileMounted2Time == 0.000039
[2022.09.16-17.22.10:190][  0]LogPakFile: PakFile PrimaryIndexSize=192
[2022.09.16-17.22.10:190][  0]LogPakFile: PakFile PathHashIndexSize=101
[2022.09.16-17.22.10:190][  0]LogPakFile: PakFile FullDirectoryIndexSize=158
[2022.09.16-17.22.10:190][  0]LogShaderLibrary: Display: ShaderCodeLibraryPakFileMountedCallback: PakFile 'C:/Program Files/Epic Games/UE_4.27/FeaturePacks/TP_2DSideScrollerBP.upack' (chunk index -1, root 'root:/') mounted
[2022.09.16-17.22.10:190][  0]LogShaderLibrary: Display: ShaderCodeLibraryPakFileMountedCallback: pending pak file info (ChunkID:-1 Root:root:/ File:C:/Program Files/Epic Games/UE_4.27/FeaturePacks/TP_2DSideScrollerBP.upack)
[2022.09.16-17.22.10:190][  0]LogPakFile: OnPakFileMounted2Time == 0.000037
[2022.09.16-17.22.10:191][  0]LogPakFile: PakFile PrimaryIndexSize=182
[2022.09.16-17.22.10:191][  0]LogPakFile: PakFile PathHashIndexSize=101
[2022.09.16-17.22.10:191][  0]LogPakFile: PakFile FullDirectoryIndexSize=138
[2022.09.16-17.22.10:191][  0]LogShaderLibrary: Display: ShaderCodeLibraryPakFileMountedCallback: PakFile 'C:/Program Files/Epic Games/UE_4.27/FeaturePacks/TP_Flying.upack' (chunk index -1, root 'root:/') mounted
[2022.09.16-17.22.10:191][  0]LogShaderLibrary: Display: ShaderCodeLibraryPakFileMountedCallback: pending pak file info (ChunkID:-1 Root:root:/ File:C:/Program Files/Epic Games/UE_4.27/FeaturePacks/TP_Flying.upack)
[2022.09.16-17.22.10:191][  0]LogPakFile: OnPakFileMounted2Time == 0.000037
[2022.09.16-17.22.10:192][  0]LogPakFile: PakFile PrimaryIndexSize=184
[2022.09.16-17.22.10:192][  0]LogPakFile: PakFile PathHashIndexSize=101
[2022.09.16-17.22.10:192][  0]LogPakFile: PakFile FullDirectoryIndexSize=142
[2022.09.16-17.22.10:192][  0]LogShaderLibrary: Display: ShaderCodeLibraryPakFileMountedCallback: PakFile 'C:/Program Files/Epic Games/UE_4.27/FeaturePacks/TP_FlyingBP.upack' (chunk index -1, root 'root:/') mounted
[2022.09.16-17.22.10:192][  0]LogShaderLibrary: Display: ShaderCodeLibraryPakFileMountedCallback: pending pak file info (ChunkID:-1 Root:root:/ File:C:/Program Files/Epic Games/UE_4.27/FeaturePacks/TP_FlyingBP.upack)
[2022.09.16-17.22.10:192][  0]LogPakFile: OnPakFileMounted2Time == 0.000036
[2022.09.16-17.22.10:192][  0]LogPakFile: PakFile PrimaryIndexSize=188
[2022.09.16-17.22.10:192][  0]LogPakFile: PakFile PathHashIndexSize=101
[2022.09.16-17.22.10:192][  0]LogPakFile: PakFile FullDirectoryIndexSize=150
[2022.09.16-17.22.10:192][  0]LogShaderLibrary: Display: ShaderCodeLibraryPakFileMountedCallback: PakFile 'C:/Program Files/Epic Games/UE_4.27/FeaturePacks/TP_HandheldARBP.upack' (chunk index -1, root 'root:/') mounted
[2022.09.16-17.22.10:192][  0]LogShaderLibrary: Display: ShaderCodeLibraryPakFileMountedCallback: pending pak file info (ChunkID:-1 Root:root:/ File:C:/Program Files/Epic Games/UE_4.27/FeaturePacks/TP_HandheldARBP.upack)
[2022.09.16-17.22.10:192][  0]LogPakFile: OnPakFileMounted2Time == 0.000037
[2022.09.16-17.22.10:193][  0]LogPakFile: PakFile PrimaryIndexSize=182
[2022.09.16-17.22.10:193][  0]LogPakFile: PakFile PathHashIndexSize=101
[2022.09.16-17.22.10:193][  0]LogPakFile: PakFile FullDirectoryIndexSize=138
[2022.09.16-17.22.10:193][  0]LogShaderLibrary: Display: ShaderCodeLibraryPakFileMountedCallback: PakFile 'C:/Program Files/Epic Games/UE_4.27/FeaturePacks/TP_Puzzle.upack' (chunk index -1, root 'root:/') mounted
[2022.09.16-17.22.10:193][  0]LogShaderLibrary: Display: ShaderCodeLibraryPakFileMountedCallback: pending pak file info (ChunkID:-1 Root:root:/ File:C:/Program Files/Epic Games/UE_4.27/FeaturePacks/TP_Puzzle.upack)
[2022.09.16-17.22.10:193][  0]LogPakFile: OnPakFileMounted2Time == 0.000037
[2022.09.16-17.22.10:194][  0]LogPakFile: PakFile PrimaryIndexSize=184
[2022.09.16-17.22.10:194][  0]LogPakFile: PakFile PathHashIndexSize=101
[2022.09.16-17.22.10:194][  0]LogPakFile: PakFile FullDirectoryIndexSize=142
[2022.09.16-17.22.10:194][  0]LogShaderLibrary: Display: ShaderCodeLibraryPakFileMountedCallback: PakFile 'C:/Program Files/Epic Games/UE_4.27/FeaturePacks/TP_PuzzleBP.upack' (chunk index -1, root 'root:/') mounted
[2022.09.16-17.22.10:194][  0]LogShaderLibrary: Display: ShaderCodeLibraryPakFileMountedCallback: pending pak file info (ChunkID:-1 Root:root:/ File:C:/Program Files/Epic Games/UE_4.27/FeaturePacks/TP_PuzzleBP.upack)
[2022.09.16-17.22.10:194][  0]LogPakFile: OnPakFileMounted2Time == 0.000054
[2022.09.16-17.22.10:195][  0]LogPakFile: PakFile PrimaryIndexSize=183
[2022.09.16-17.22.10:195][  0]LogPakFile: PakFile PathHashIndexSize=101
[2022.09.16-17.22.10:195][  0]LogPakFile: PakFile FullDirectoryIndexSize=140
[2022.09.16-17.22.10:195][  0]LogShaderLibrary: Display: ShaderCodeLibraryPakFileMountedCallback: PakFile 'C:/Program Files/Epic Games/UE_4.27/FeaturePacks/TP_Rolling.upack' (chunk index -1, root 'root:/') mounted
[2022.09.16-17.22.10:195][  0]LogShaderLibrary: Display: ShaderCodeLibraryPakFileMountedCallback: pending pak file info (ChunkID:-1 Root:root:/ File:C:/Program Files/Epic Games/UE_4.27/FeaturePacks/TP_Rolling.upack)
[2022.09.16-17.22.10:195][  0]LogPakFile: OnPakFileMounted2Time == 0.000037
[2022.09.16-17.22.10:195][  0]LogPakFile: PakFile PrimaryIndexSize=185
[2022.09.16-17.22.10:195][  0]LogPakFile: PakFile PathHashIndexSize=101
[2022.09.16-17.22.10:195][  0]LogPakFile: PakFile FullDirectoryIndexSize=144
[2022.09.16-17.22.10:195][  0]LogShaderLibrary: Display: ShaderCodeLibraryPakFileMountedCallback: PakFile 'C:/Program Files/Epic Games/UE_4.27/FeaturePacks/TP_RollingBP.upack' (chunk index -1, root 'root:/') mounted
[2022.09.16-17.22.10:196][  0]LogShaderLibrary: Display: ShaderCodeLibraryPakFileMountedCallback: pending pak file info (ChunkID:-1 Root:root:/ File:C:/Program Files/Epic Games/UE_4.27/FeaturePacks/TP_RollingBP.upack)
[2022.09.16-17.22.10:196][  0]LogPakFile: OnPakFileMounted2Time == 0.000037
[2022.09.16-17.22.10:196][  0]LogPakFile: PakFile PrimaryIndexSize=188
[2022.09.16-17.22.10:196][  0]LogPakFile: PakFile PathHashIndexSize=101
[2022.09.16-17.22.10:196][  0]LogPakFile: PakFile FullDirectoryIndexSize=150
[2022.09.16-17.22.10:196][  0]LogShaderLibrary: Display: ShaderCodeLibraryPakFileMountedCallback: PakFile 'C:/Program Files/Epic Games/UE_4.27/FeaturePacks/TP_SideScroller.upack' (chunk index -1, root 'root:/') mounted
[2022.09.16-17.22.10:196][  0]LogShaderLibrary: Display: ShaderCodeLibraryPakFileMountedCallback: pending pak file info (ChunkID:-1 Root:root:/ File:C:/Program Files/Epic Games/UE_4.27/FeaturePacks/TP_SideScroller.upack)
[2022.09.16-17.22.10:196][  0]LogPakFile: OnPakFileMounted2Time == 0.000036
[2022.09.16-17.22.10:197][  0]LogPakFile: PakFile PrimaryIndexSize=190
[2022.09.16-17.22.10:197][  0]LogPakFile: PakFile PathHashIndexSize=101
[2022.09.16-17.22.10:197][  0]LogPakFile: PakFile FullDirectoryIndexSize=154
[2022.09.16-17.22.10:197][  0]LogShaderLibrary: Display: ShaderCodeLibraryPakFileMountedCallback: PakFile 'C:/Program Files/Epic Games/UE_4.27/FeaturePacks/TP_SideScrollerBP.upack' (chunk index -1, root 'root:/') mounted
[2022.09.16-17.22.10:197][  0]LogShaderLibrary: Display: ShaderCodeLibraryPakFileMountedCallback: pending pak file info (ChunkID:-1 Root:root:/ File:C:/Program Files/Epic Games/UE_4.27/FeaturePacks/TP_SideScrollerBP.upack)
[2022.09.16-17.22.10:197][  0]LogPakFile: OnPakFileMounted2Time == 0.000036
[2022.09.16-17.22.10:198][  0]LogPakFile: PakFile PrimaryIndexSize=187
[2022.09.16-17.22.10:198][  0]LogPakFile: PakFile PathHashIndexSize=101
[2022.09.16-17.22.10:198][  0]LogPakFile: PakFile FullDirectoryIndexSize=148
[2022.09.16-17.22.10:198][  0]LogShaderLibrary: Display: ShaderCodeLibraryPakFileMountedCallback: PakFile 'C:/Program Files/Epic Games/UE_4.27/FeaturePacks/TP_ThirdPerson.upack' (chunk index -1, root 'root:/') mounted
[2022.09.16-17.22.10:198][  0]LogShaderLibrary: Display: ShaderCodeLibraryPakFileMountedCallback: pending pak file info (ChunkID:-1 Root:root:/ File:C:/Program Files/Epic Games/UE_4.27/FeaturePacks/TP_ThirdPerson.upack)
[2022.09.16-17.22.10:198][  0]LogPakFile: OnPakFileMounted2Time == 0.000039
[2022.09.16-17.22.10:198][  0]LogPakFile: PakFile PrimaryIndexSize=189
[2022.09.16-17.22.10:198][  0]LogPakFile: PakFile PathHashIndexSize=101
[2022.09.16-17.22.10:198][  0]LogPakFile: PakFile FullDirectoryIndexSize=152
[2022.09.16-17.22.10:198][  0]LogShaderLibrary: Display: ShaderCodeLibraryPakFileMountedCallback: PakFile 'C:/Program Files/Epic Games/UE_4.27/FeaturePacks/TP_ThirdPersonBP.upack' (chunk index -1, root 'root:/') mounted
[2022.09.16-17.22.10:198][  0]LogShaderLibrary: Display: ShaderCodeLibraryPakFileMountedCallback: pending pak file info (ChunkID:-1 Root:root:/ File:C:/Program Files/Epic Games/UE_4.27/FeaturePacks/TP_ThirdPersonBP.upack)
[2022.09.16-17.22.10:198][  0]LogPakFile: OnPakFileMounted2Time == 0.000036
[2022.09.16-17.22.10:199][  0]LogPakFile: PakFile PrimaryIndexSize=183
[2022.09.16-17.22.10:199][  0]LogPakFile: PakFile PathHashIndexSize=101
[2022.09.16-17.22.10:199][  0]LogPakFile: PakFile FullDirectoryIndexSize=140
[2022.09.16-17.22.10:199][  0]LogShaderLibrary: Display: ShaderCodeLibraryPakFileMountedCallback: PakFile 'C:/Program Files/Epic Games/UE_4.27/FeaturePacks/TP_TopDown.upack' (chunk index -1, root 'root:/') mounted
[2022.09.16-17.22.10:199][  0]LogShaderLibrary: Display: ShaderCodeLibraryPakFileMountedCallback: pending pak file info (ChunkID:-1 Root:root:/ File:C:/Program Files/Epic Games/UE_4.27/FeaturePacks/TP_TopDown.upack)
[2022.09.16-17.22.10:199][  0]LogPakFile: OnPakFileMounted2Time == 0.000042
[2022.09.16-17.22.10:200][  0]LogPakFile: PakFile PrimaryIndexSize=185
[2022.09.16-17.22.10:200][  0]LogPakFile: PakFile PathHashIndexSize=101
[2022.09.16-17.22.10:200][  0]LogPakFile: PakFile FullDirectoryIndexSize=144
[2022.09.16-17.22.10:200][  0]LogShaderLibrary: Display: ShaderCodeLibraryPakFileMountedCallback: PakFile 'C:/Program Files/Epic Games/UE_4.27/FeaturePacks/TP_TopDownBP.upack' (chunk index -1, root 'root:/') mounted
[2022.09.16-17.22.10:200][  0]LogShaderLibrary: Display: ShaderCodeLibraryPakFileMountedCallback: pending pak file info (ChunkID:-1 Root:root:/ File:C:/Program Files/Epic Games/UE_4.27/FeaturePacks/TP_TopDownBP.upack)
[2022.09.16-17.22.10:200][  0]LogPakFile: OnPakFileMounted2Time == 0.000036
[2022.09.16-17.22.10:201][  0]LogPakFile: PakFile PrimaryIndexSize=185
[2022.09.16-17.22.10:201][  0]LogPakFile: PakFile PathHashIndexSize=101
[2022.09.16-17.22.10:201][  0]LogPakFile: PakFile FullDirectoryIndexSize=144
[2022.09.16-17.22.10:201][  0]LogShaderLibrary: Display: ShaderCodeLibraryPakFileMountedCallback: PakFile 'C:/Program Files/Epic Games/UE_4.27/FeaturePacks/TP_TwinStick.upack' (chunk index -1, root 'root:/') mounted
[2022.09.16-17.22.10:201][  0]LogShaderLibrary: Display: ShaderCodeLibraryPakFileMountedCallback: pending pak file info (ChunkID:-1 Root:root:/ File:C:/Program Files/Epic Games/UE_4.27/FeaturePacks/TP_TwinStick.upack)
[2022.09.16-17.22.10:201][  0]LogPakFile: OnPakFileMounted2Time == 0.000036
[2022.09.16-17.22.10:201][  0]LogPakFile: PakFile PrimaryIndexSize=187
[2022.09.16-17.22.10:201][  0]LogPakFile: PakFile PathHashIndexSize=101
[2022.09.16-17.22.10:201][  0]LogPakFile: PakFile FullDirectoryIndexSize=148
[2022.09.16-17.22.10:201][  0]LogShaderLibrary: Display: ShaderCodeLibraryPakFileMountedCallback: PakFile 'C:/Program Files/Epic Games/UE_4.27/FeaturePacks/TP_TwinStickBP.upack' (chunk index -1, root 'root:/') mounted
[2022.09.16-17.22.10:201][  0]LogShaderLibrary: Display: ShaderCodeLibraryPakFileMountedCallback: pending pak file info (ChunkID:-1 Root:root:/ File:C:/Program Files/Epic Games/UE_4.27/FeaturePacks/TP_TwinStickBP.upack)
[2022.09.16-17.22.10:201][  0]LogPakFile: OnPakFileMounted2Time == 0.000036
[2022.09.16-17.22.10:202][  0]LogPakFile: PakFile PrimaryIndexSize=183
[2022.09.16-17.22.10:202][  0]LogPakFile: PakFile PathHashIndexSize=101
[2022.09.16-17.22.10:202][  0]LogPakFile: PakFile FullDirectoryIndexSize=140
[2022.09.16-17.22.10:202][  0]LogShaderLibrary: Display: ShaderCodeLibraryPakFileMountedCallback: PakFile 'C:/Program Files/Epic Games/UE_4.27/FeaturePacks/TP_Vehicle.upack' (chunk index -1, root 'root:/') mounted
[2022.09.16-17.22.10:202][  0]LogShaderLibrary: Display: ShaderCodeLibraryPakFileMountedCallback: pending pak file info (ChunkID:-1 Root:root:/ File:C:/Program Files/Epic Games/UE_4.27/FeaturePacks/TP_Vehicle.upack)
[2022.09.16-17.22.10:202][  0]LogPakFile: OnPakFileMounted2Time == 0.000036
[2022.09.16-17.22.10:203][  0]LogPakFile: PakFile PrimaryIndexSize=186
[2022.09.16-17.22.10:203][  0]LogPakFile: PakFile PathHashIndexSize=101
[2022.09.16-17.22.10:203][  0]LogPakFile: PakFile FullDirectoryIndexSize=146
[2022.09.16-17.22.10:203][  0]LogShaderLibrary: Display: ShaderCodeLibraryPakFileMountedCallback: PakFile 'C:/Program Files/Epic Games/UE_4.27/FeaturePacks/TP_VehicleAdv.upack' (chunk index -1, root 'root:/') mounted
[2022.09.16-17.22.10:203][  0]LogShaderLibrary: Display: ShaderCodeLibraryPakFileMountedCallback: pending pak file info (ChunkID:-1 Root:root:/ File:C:/Program Files/Epic Games/UE_4.27/FeaturePacks/TP_VehicleAdv.upack)
[2022.09.16-17.22.10:203][  0]LogPakFile: OnPakFileMounted2Time == 0.000037
[2022.09.16-17.22.10:203][  0]LogPakFile: PakFile PrimaryIndexSize=188
[2022.09.16-17.22.10:203][  0]LogPakFile: PakFile PathHashIndexSize=101
[2022.09.16-17.22.10:203][  0]LogPakFile: PakFile FullDirectoryIndexSize=150
[2022.09.16-17.22.10:203][  0]LogShaderLibrary: Display: ShaderCodeLibraryPakFileMountedCallback: PakFile 'C:/Program Files/Epic Games/UE_4.27/FeaturePacks/TP_VehicleAdvBP.upack' (chunk index -1, root 'root:/') mounted
[2022.09.16-17.22.10:203][  0]LogShaderLibrary: Display: ShaderCodeLibraryPakFileMountedCallback: pending pak file info (ChunkID:-1 Root:root:/ File:C:/Program Files/Epic Games/UE_4.27/FeaturePacks/TP_VehicleAdvBP.upack)
[2022.09.16-17.22.10:204][  0]LogPakFile: OnPakFileMounted2Time == 0.000038
[2022.09.16-17.22.10:204][  0]LogPakFile: PakFile PrimaryIndexSize=185
[2022.09.16-17.22.10:204][  0]LogPakFile: PakFile PathHashIndexSize=101
[2022.09.16-17.22.10:204][  0]LogPakFile: PakFile FullDirectoryIndexSize=144
[2022.09.16-17.22.10:204][  0]LogShaderLibrary: Display: ShaderCodeLibraryPakFileMountedCallback: PakFile 'C:/Program Files/Epic Games/UE_4.27/FeaturePacks/TP_VehicleBP.upack' (chunk index -1, root 'root:/') mounted
[2022.09.16-17.22.10:204][  0]LogShaderLibrary: Display: ShaderCodeLibraryPakFileMountedCallback: pending pak file info (ChunkID:-1 Root:root:/ File:C:/Program Files/Epic Games/UE_4.27/FeaturePacks/TP_VehicleBP.upack)
[2022.09.16-17.22.10:204][  0]LogPakFile: OnPakFileMounted2Time == 0.000042
[2022.09.16-17.22.10:205][  0]LogPakFile: PakFile PrimaryIndexSize=192
[2022.09.16-17.22.10:205][  0]LogPakFile: PakFile PathHashIndexSize=101
[2022.09.16-17.22.10:205][  0]LogPakFile: PakFile FullDirectoryIndexSize=158
[2022.09.16-17.22.10:205][  0]LogShaderLibrary: Display: ShaderCodeLibraryPakFileMountedCallback: PakFile 'C:/Program Files/Epic Games/UE_4.27/FeaturePacks/TP_VirtualRealityBP.upack' (chunk index -1, root 'root:/') mounted
[2022.09.16-17.22.10:205][  0]LogShaderLibrary: Display: ShaderCodeLibraryPakFileMountedCallback: pending pak file info (ChunkID:-1 Root:root:/ File:C:/Program Files/Epic Games/UE_4.27/FeaturePacks/TP_VirtualRealityBP.upack)
[2022.09.16-17.22.10:205][  0]LogPakFile: OnPakFileMounted2Time == 0.000036
[2022.09.16-17.22.10:300][  0]LogNativeClassHierarchy: Verbose: Native class hierarchy updated for 'AddContentDialog' in 0.0003 seconds. Added 0 classes and 0 folders.
[2022.09.16-17.22.10:302][  0]LogNativeClassHierarchy: Verbose: Native class hierarchy updated for 'SceneOutliner' in 0.0003 seconds. Added 2 classes and 0 folders.
[2022.09.16-17.22.10:339][  0]LogNativeClassHierarchy: Verbose: Native class hierarchy updated for 'HierarchicalLODOutliner' in 0.0003 seconds. Added 0 classes and 0 folders.
[2022.09.16-17.22.10:339][  0]LogLoad: (Engine Initialization) Total time: 9.64 seconds
[2022.09.16-17.22.10:339][  0]LogLoad: (Engine Initialization) Total Blueprint compile time: 0.00 seconds
[2022.09.16-17.22.10:350][  0]LogOcInput: OculusInput is initialized
[2022.09.16-17.22.10:384][  0]LogAssetRegistry: Asset discovery search completed in 5.0147 seconds
[2022.09.16-17.22.10:390][  0]LogCollectionManager: Fixed up redirectors for 0 collections in 0.000004 seconds (updated 0 objects)
[2022.09.16-17.22.10:393][  0]LogContentStreaming: Texture pool size now 1000 MB
[2022.09.16-17.22.10:400][  0]LogSlate: Took 0.000304 seconds to synchronously load lazily loaded font '../../../Engine/Content/Slate/Fonts/Roboto-Regular.ttf' (155K)
[2022.09.16-17.22.10:401][  0]LogSlate: Took 0.000239 seconds to synchronously load lazily loaded font '../../../Engine/Content/Editor/Slate/Fonts/FontAwesome.ttf' (139K)
[2022.09.16-17.22.10:402][  0]LogSlate: Took 0.000225 seconds to synchronously load lazily loaded font '../../../Engine/Content/Slate/Fonts/Roboto-Bold.ttf' (160K)
[2022.09.16-17.22.10:505][  1]LogRenderer: Reallocating scene render targets to support 844x372 Format 10 NumSamples 1 (Frame:1).
[2022.09.16-17.33.02:897][326]LogTemp: Repeating last play command: New Editor Window (PIE)
[2022.09.16-17.33.02:908][326]LogPlayLevel: PlayLevel: No blueprints needed recompiling
[2022.09.16-17.33.02:908][326]PIE: New page: PIE session: TutorialMap (Sep 16, 2022, 7:33:02 AM)
[2022.09.16-17.33.02:909][326]LogOnline: OSS: Creating online subsystem instance for: NULL
[2022.09.16-17.33.02:911][326]LogOnline: OSS: TryLoadSubsystemAndSetDefault: Loaded subsystem for module [NULL]
[2022.09.16-17.33.02:911][326]LogPlayLevel: Creating play world package: /Game/InfiniteMatrix/Maps/UEDPIE_0_TutorialMap
[2022.09.16-17.33.02:913][326]LogPlayLevel: PIE: StaticDuplicateObject took: (0.002183s)
[2022.09.16-17.33.02:915][326]LogAIModule: Creating AISystem for world TutorialMap
[2022.09.16-17.33.02:915][326]LogPlayLevel: PIE: World Init took: (0.001304s)
[2022.09.16-17.33.02:915][326]LogPlayLevel: PIE: Created PIE world by copying editor world from /Game/InfiniteMatrix/Maps/TutorialMap.TutorialMap to /Game/InfiniteMatrix/Maps/UEDPIE_0_TutorialMap.TutorialMap (0.003624s)
[2022.09.16-17.33.02:922][326]LogUObjectHash: Compacting FUObjectHashTables data took   0.80ms
[2022.09.16-17.33.02:923][326]LogAudio: Display: Creating Audio Device:                 Id: 2, Scope: Unique, Realtime: True
[2022.09.16-17.33.02:923][326]LogAudioMixer: Display: Audio Mixer Platform Settings:
[2022.09.16-17.33.02:923][326]LogAudioMixer: Display: 	Sample Rate:						  48000
[2022.09.16-17.33.02:923][326]LogAudioMixer: Display: 	Callback Buffer Frame Size Requested: 1024
[2022.09.16-17.33.02:923][326]LogAudioMixer: Display: 	Callback Buffer Frame Size To Use:	  1024
[2022.09.16-17.33.02:923][326]LogAudioMixer: Display: 	Number of buffers to queue:			  2
[2022.09.16-17.33.02:923][326]LogAudioMixer: Display: 	Max Channels (voices):				  32
[2022.09.16-17.33.02:923][326]LogAudioMixer: Display: 	Number of Async Source Workers:		  0
[2022.09.16-17.33.02:923][326]LogAudio: Display: AudioDevice MaxSources: 32
[2022.09.16-17.33.02:924][326]LogAudio: Display: Audio Spatialization Plugin: None (built-in).
[2022.09.16-17.33.02:924][326]LogAudio: Display: Audio Reverb Plugin: None (built-in).
[2022.09.16-17.33.02:924][326]LogAudio: Display: Audio Occlusion Plugin: None (built-in).
[2022.09.16-17.33.02:924][326]LogAudioMixer: Display: Initializing audio mixer.
[2022.09.16-17.33.02:932][326]LogAudioMixer: Display: 0: FrontLeft
[2022.09.16-17.33.02:932][326]LogAudioMixer: Display: 1: FrontRight
[2022.09.16-17.33.02:948][326]LogAudioMixer: Display: Using Audio Device DELL S2721DGF (NVIDIA High Definition Audio)
[2022.09.16-17.33.02:948][326]LogAudioMixer: Display: Initializing Sound Submixes...
[2022.09.16-17.33.02:948][326]LogAudioMixer: Display: Creating Master Submix 'MasterSubmixDefault'
[2022.09.16-17.33.02:948][326]LogAudioMixer: Display: Creating Master Submix 'MasterReverbSubmixDefault'
[2022.09.16-17.33.02:949][326]LogAudioMixer: Display: Creating Master Submix 'MasterEQSubmixDefault'
[2022.09.16-17.33.02:949][326]LogAudioMixer: FMixerPlatformXAudio2::StartAudioStream() called
[2022.09.16-17.33.02:949][326]LogAudioMixer: Display: Output buffers initialized: Frames=1024, Channels=2, Samples=2048
[2022.09.16-17.33.02:950][326]LogAudioMixer: Display: Starting AudioMixerPlatformInterface::RunInternal()
[2022.09.16-17.33.02:950][326]LogAudioMixer: Display: FMixerPlatformXAudio2::SubmitBuffer() called for the first time
[2022.09.16-17.33.02:950][326]LogInit: FAudioDevice initialized.
[2022.09.16-17.33.02:950][326]LogAudio: Display: Audio Device (ID: 2) registered with world 'TutorialMap'.
[2022.09.16-17.33.02:978][326]LogSlate: Updating window title bar state: overlay mode, drag disabled, window buttons hidden, title bar hidden
[2022.09.16-17.33.02:978][326]LogLoad: Game class is 'GM_Tutorial_C'
[2022.09.16-17.33.02:980][326]LogWorld: Bringing World /Game/InfiniteMatrix/Maps/UEDPIE_0_TutorialMap.TutorialMap up for play (max tick rate 0) at 2022.09.16-12.33.02
[2022.09.16-17.33.02:980][326]LogWorld: Bringing up level for play took: 0.000563
[2022.09.16-17.33.02:980][326]LogOnline: OSS: Creating online subsystem instance for: :Context_7
[2022.09.16-17.33.02:985][326]LogNativeClassHierarchy: Verbose: Native class hierarchy updated for 'MovieSceneCapture' in 0.0006 seconds. Added 20 classes and 0 folders.
[2022.09.16-17.33.02:991][326]PIE: Server logged in
[2022.09.16-17.33.02:992][326]PIE: Play in editor total start time 0.089 seconds.
[2022.09.16-17.33.02:999][326]LogHMD: Allocating Oculus 2688 x 1600 rendertarget swapchain
[2022.09.16-17.33.03:050][327]LogRenderer: Reallocating scene render targets to support 2552x1368 Format 10 NumSamples 1 (Frame:1).
[2022.09.16-17.33.12:794][491]LogViewport: Display: Viewport MouseLockMode Changed, LockOnCapture -> DoNotLock
[2022.09.16-17.33.12:794][491]LogViewport: Display: Viewport MouseCaptureMode Changed, CapturePermanently_IncludingInitialMouseDown -> NoCapture
[2022.09.16-17.33.23:306][749]LogSlate: Updating window title bar state: overlay mode, drag disabled, window buttons hidden, title bar hidden
[2022.09.16-17.33.23:306][749]LogWorld: BeginTearingDown for /Game/InfiniteMatrix/Maps/UEDPIE_0_TutorialMap
[2022.09.16-17.33.23:307][749]LogSlate: Window 'InfiniteMatrix Preview [NetMode: Standalone]  (64-bit/Windows) ' being destroyed
[2022.09.16-17.33.23:355][749]LogWorld: UWorld::CleanupWorld for TutorialMap, bSessionEnded=true, bCleanupResources=true
[2022.09.16-17.33.23:355][749]LogSlate: InvalidateAllWidgets triggered.  All widgets were invalidated
[2022.09.16-17.33.23:367][749]LogPlayLevel: Display: Shutting down PIE online subsystems
[2022.09.16-17.33.23:369][749]LogSlate: InvalidateAllWidgets triggered.  All widgets were invalidated
[2022.09.16-17.33.23:375][749]LogAudio: Display: Audio Device unregistered from world 'None'.
[2022.09.16-17.33.23:375][749]LogAudioMixer: FMixerPlatformXAudio2::StopAudioStream() called
[2022.09.16-17.33.23:376][749]LogAudioMixer: FMixerPlatformXAudio2::StopAudioStream() called
[2022.09.16-17.33.23:381][749]LogUObjectHash: Compacting FUObjectHashTables data took   0.72ms
[2022.09.16-17.33.23:393][750]LogPlayLevel: Display: Destroying online subsystem :Context_7
